Using pre-set license
Built from '2020.3/release' branch; Version is '2020.3.2f1 (8fd9074bf66c) revision 9427207'; Using compiler version '192528614'; Build Type 'Release'
OS: 'Windows 10 Home; OS build 19041.928; Version 2004; 64bit' Language: 'en' Physical Memory: 8026 MB
BatchMode: 1, IsHumanControllingUs: 0, StartBugReporterOnCrash: 0, Is64bit: 1, IsPro: 0

 COMMAND LINE ARGUMENTS:
C:\Program Files\Unity\Hub\Editor\2020.3.2f1\Editor\Unity.exe
-adb2
-batchMode
-noUpm
-name
AssetImportWorker0
-projectPath
C:/Users/thoma/OneDrive/Documents/Unity Karting Game/Karting Game
-logFile
Logs/AssetImportWorker0.log
-srvPort
54644
Successfully changed project path to: C:/Users/thoma/OneDrive/Documents/Unity Karting Game/Karting Game
C:/Users/thoma/OneDrive/Documents/Unity Karting Game/Karting Game
Using Asset Import Pipeline V2.
Refreshing native plugins compatible for Editor in 94.50 ms, found 1 plugins.
Preloading 0 native plugins for Editor in 0.00 ms.
Initialize engine version: 2020.3.2f1 (8fd9074bf66c)
[Subsystems] Discovering subsystems at path C:/Program Files/Unity/Hub/Editor/2020.3.2f1/Editor/Data/Resources/UnitySubsystems
[Subsystems] Discovering subsystems at path C:/Users/thoma/OneDrive/Documents/Unity Karting Game/Karting Game/Assets
GfxDevice: creating device client; threaded=0
Direct3D:
    Version:  Direct3D 11.0 [level 11.1]
    Renderer: Intel(R) UHD Graphics 620 (ID=0x5917)
    Vendor:   
    VRAM:     4013 MB
    Driver:   26.20.100.7926
Initialize mono
Mono path[0] = 'C:/Program Files/Unity/Hub/Editor/2020.3.2f1/Editor/Data/Managed'
Mono path[1] = 'C:/Program Files/Unity/Hub/Editor/2020.3.2f1/Editor/Data/MonoBleedingEdge/lib/mono/unityjit'
Mono config path = 'C:/Program Files/Unity/Hub/Editor/2020.3.2f1/Editor/Data/MonoBleedingEdge/etc'
Using monoOptions --debugger-agent=transport=dt_socket,embedding=1,server=y,suspend=n,address=127.0.0.1:56172
Begin MonoManager ReloadAssembly
Registering precompiled unity dll's ...
Register platform support module: C:/Program Files/Unity/Hub/Editor/2020.3.2f1/Editor/Data/PlaybackEngines/WindowsStandaloneSupport/UnityEditor.WindowsStandalone.Extensions.dll
Registered in 0.014280 seconds.
Native extension for WindowsStandalone target not found
Refreshing native plugins compatible for Editor in 287.33 ms, found 1 plugins.
Preloading 0 native plugins for Editor in 0.00 ms.
Invoked RoslynAnalysisRunner static constructor.
RoslynAnalysisRunner will not be running.
RoslynAnalysisRunner has terminated.
Mono: successfully reloaded assembly
- Completed reload, in 10.057 seconds
Platform modules already initialized, skipping
Registering precompiled user dll's ...
Registered in 0.024183 seconds.
Begin MonoManager ReloadAssembly
Native extension for WindowsStandalone target not found
Refreshing native plugins compatible for Editor in 82.84 ms, found 1 plugins.
Preloading 0 native plugins for Editor in 0.00 ms.
Invoked RoslynAnalysisRunner static constructor.
RoslynAnalysisRunner will not be running.
RoslynAnalysisRunner has terminated.
Mono: successfully reloaded assembly
- Completed reload, in  3.545 seconds
Platform modules already initialized, skipping
========================================================================
Worker process is ready to serve import requests
Launched and connected shader compiler UnityShaderCompiler.exe after 0.30 seconds
Refreshing native plugins compatible for Editor in 0.57 ms, found 1 plugins.
Preloading 0 native plugins for Editor in 0.00 ms.
Unloading 2487 Unused Serialized files (Serialized files now loaded: 0)
System memory in use before: 120.0 MB.
System memory in use after: 120.1 MB.

Unloading 126 unused Assets to reduce memory usage. Loaded Objects now: 2916.
Total: 3.487300 ms (FindLiveObjects: 0.353800 ms CreateObjectMapping: 0.256600 ms MarkObjects: 2.592800 ms  DeleteObjects: 0.282800 ms)

========================================================================
Received Import Request.
  path: Assets/Karting/Art/Materials/Props/CheckPoint_Particle.mat
  artifactKey: Guid(9b4fae447e271f94dbceadcb2b680633) Importer(815301076,1909f56bfc062723c751e8b465ee728b)
Start importing Assets/Karting/Art/Materials/Props/CheckPoint_Particle.mat using Guid(9b4fae447e271f94dbceadcb2b680633) Importer(815301076,1909f56bfc062723c751e8b465ee728b)  -> (artifact id: '38850b9b77f9585a840b87b72f38e1ca') in 0.266130 seconds
  Import took 0.288613 seconds .

========================================================================
Received Prepare
Registering precompiled user dll's ...
Registered in 0.016637 seconds.
Begin MonoManager ReloadAssembly
Native extension for WindowsStandalone target not found
Refreshing native plugins compatible for Editor in 0.75 ms, found 1 plugins.
Preloading 0 native plugins for Editor in 0.00 ms.
Warning: Annotation not found!
UnityEngine.StackTraceUtility:ExtractStackTrace ()
UnityEditor.ProBuilder.EditorUtility:SetGizmoIconEnabled (System.Type,bool) (at Library/PackageCache/com.unity.probuilder@4.5.0/Editor/EditorCore/EditorUtility.cs:593)
UnityEditor.ProBuilder.HierarchyListener:.cctor () (at Library/PackageCache/com.unity.probuilder@4.5.0/Editor/EditorCore/HierarchyListener.cs:21)
System.Runtime.CompilerServices.RuntimeHelpers:RunClassConstructor (System.RuntimeTypeHandle)
UnityEditor.EditorAssemblies:ProcessInitializeOnLoadAttributes (System.Type[])

[Library/PackageCache/com.unity.probuilder@4.5.0/Editor/EditorCore/EditorUtility.cs line 593]

Invoked RoslynAnalysisRunner static constructor.
RoslynAnalysisRunner will not be running.
RoslynAnalysisRunner has terminated.
Mono: successfully reloaded assembly
- Completed reload, in  2.803 seconds
Platform modules already initialized, skipping
Refreshing native plugins compatible for Editor in 0.64 ms, found 1 plugins.
Preloading 0 native plugins for Editor in 0.00 ms.
Unloading 2411 Unused Serialized files (Serialized files now loaded: 0)
System memory in use before: 116.3 MB.
System memory in use after: 116.4 MB.

Unloading 20 unused Assets to reduce memory usage. Loaded Objects now: 2960.
Total: 9.379600 ms (FindLiveObjects: 2.676100 ms CreateObjectMapping: 0.727800 ms MarkObjects: 5.808700 ms  DeleteObjects: 0.163000 ms)

========================================================================
Received Import Request.
  Time since last request: 784.831222 seconds.
  path: Assets/Karting/Art/Models/BowlingPin.fbx
  artifactKey: Guid(3760fc2bfbb77904ab1a129dbed3c531) Importer(815301076,1909f56bfc062723c751e8b465ee728b)
Start importing Assets/Karting/Art/Models/BowlingPin.fbx using Guid(3760fc2bfbb77904ab1a129dbed3c531) Importer(815301076,1909f56bfc062723c751e8b465ee728b)  -> (artifact id: '1f8e88195a19686a62db329cbf39b424') in 0.575630 seconds
  Import took 0.608392 seconds .

========================================================================
Received Import Request.
  Time since last request: 0.000839 seconds.
  path: Assets/Karting/Art/Models/Building04WallBarWindow.fbx
  artifactKey: Guid(ac00f20c6d5bd584e9999b1195b74bc4) Importer(815301076,1909f56bfc062723c751e8b465ee728b)
Start importing Assets/Karting/Art/Models/Building04WallBarWindow.fbx using Guid(ac00f20c6d5bd584e9999b1195b74bc4) Importer(815301076,1909f56bfc062723c751e8b465ee728b)  -> (artifact id: '7c4e201b3282dcb7f676e935fa134e9d') in 0.032275 seconds
  Import took 0.045522 seconds .

========================================================================
Received Import Request.
  Time since last request: 0.000282 seconds.
  path: Assets/Karting/Art/Models/BuildingRoofDoor.fbx
  artifactKey: Guid(48f14f1a2f8d5bd43bf543aeb9752ff6) Importer(815301076,1909f56bfc062723c751e8b465ee728b)
Start importing Assets/Karting/Art/Models/BuildingRoofDoor.fbx using Guid(48f14f1a2f8d5bd43bf543aeb9752ff6) Importer(815301076,1909f56bfc062723c751e8b465ee728b)  -> (artifact id: '49e9980a382b43f9fc3318970e766e6d') in 0.056889 seconds
  Import took 0.070014 seconds .

========================================================================
Received Import Request.
  Time since last request: 0.000402 seconds.
  path: Assets/Karting/Art/Models/Building01WallPlain.fbx
  artifactKey: Guid(ca9914f098c088e4a879c7fd31109c95) Importer(815301076,1909f56bfc062723c751e8b465ee728b)
Start importing Assets/Karting/Art/Models/Building01WallPlain.fbx using Guid(ca9914f098c088e4a879c7fd31109c95) Importer(815301076,1909f56bfc062723c751e8b465ee728b)  -> (artifact id: 'f801183877c91269b0e94a67fdfc4627') in 0.041363 seconds
  Import took 0.068554 seconds .

========================================================================
Received Import Request.
  Time since last request: 0.000501 seconds.
  path: Assets/Karting/Art/Models/Pipe.fbx
  artifactKey: Guid(4a17d942f49fa4e49ae899122b72e91d) Importer(815301076,1909f56bfc062723c751e8b465ee728b)
Start importing Assets/Karting/Art/Models/Pipe.fbx using Guid(4a17d942f49fa4e49ae899122b72e91d) Importer(815301076,1909f56bfc062723c751e8b465ee728b)  -> (artifact id: '20216ef1f2993bd54d576de557b4a8a7') in 0.059852 seconds
  Import took 0.076147 seconds .

========================================================================
Received Import Request.
  Time since last request: 0.000437 seconds.
  path: Assets/Karting/Art/Models/BuildingRoofCentral.fbx
  artifactKey: Guid(0a64fcbabe32dac42b6b77115813e42d) Importer(815301076,1909f56bfc062723c751e8b465ee728b)
Start importing Assets/Karting/Art/Models/BuildingRoofCentral.fbx using Guid(0a64fcbabe32dac42b6b77115813e42d) Importer(815301076,1909f56bfc062723c751e8b465ee728b)  -> (artifact id: '7a67f62348b73a6dd78c7d102530a6b1') in 0.054858 seconds
  Import took 0.078106 seconds .

========================================================================
Received Import Request.
  Time since last request: 0.000341 seconds.
  path: Assets/Karting/Art/Models/BuildingRoofCorner.fbx
  artifactKey: Guid(f46a9f80d31a32e47a57aa4858036430) Importer(815301076,1909f56bfc062723c751e8b465ee728b)
Start importing Assets/Karting/Art/Models/BuildingRoofCorner.fbx using Guid(f46a9f80d31a32e47a57aa4858036430) Importer(815301076,1909f56bfc062723c751e8b465ee728b)  -> (artifact id: 'e36ee5d231978dd945d4e7d1fad18763') in 0.041029 seconds
  Import took 0.052005 seconds .

========================================================================
Received Import Request.
  Time since last request: 0.000279 seconds.
  path: Assets/Karting/Art/Models/BuildingShortModel.fbx
  artifactKey: Guid(c2c0d74b41b8c4077b14073abca6504f) Importer(815301076,1909f56bfc062723c751e8b465ee728b)
Start importing Assets/Karting/Art/Models/BuildingShortModel.fbx using Guid(c2c0d74b41b8c4077b14073abca6504f) Importer(815301076,1909f56bfc062723c751e8b465ee728b)  -> (artifact id: '78a233b3564e07b942f691c155c38fde') in 0.075520 seconds
  Import took 0.104875 seconds .

========================================================================
Received Import Request.
  Time since last request: 0.000738 seconds.
  path: Assets/Karting/Art/Models/CheckpointRing.fbx
  artifactKey: Guid(84a7b40117d0ef4459d027ff7e7a1cc5) Importer(815301076,1909f56bfc062723c751e8b465ee728b)
Start importing Assets/Karting/Art/Models/CheckpointRing.fbx using Guid(84a7b40117d0ef4459d027ff7e7a1cc5) Importer(815301076,1909f56bfc062723c751e8b465ee728b)  -> (artifact id: 'f9215f84647be1f0efaebaaf095accb0') in 0.109940 seconds
  Import took 0.129981 seconds .

========================================================================
Received Import Request.
  Time since last request: 0.000292 seconds.
  path: Assets/Karting/Art/Models/Building01CornerPlain.fbx
  artifactKey: Guid(ee73619a09d1dc54ca72cdbc2a1d3c58) Importer(815301076,1909f56bfc062723c751e8b465ee728b)
Start importing Assets/Karting/Art/Models/Building01CornerPlain.fbx using Guid(ee73619a09d1dc54ca72cdbc2a1d3c58) Importer(815301076,1909f56bfc062723c751e8b465ee728b)  -> (artifact id: '13afbc0f16b0695125fa61bfb7453fd8') in 0.040520 seconds
  Import took 0.051708 seconds .

========================================================================
Received Import Request.
  Time since last request: 0.000507 seconds.
  path: Assets/Karting/Art/Models/StoneFlat.fbx
  artifactKey: Guid(c80f31023dcf9b34cbd0044505be4806) Importer(815301076,1909f56bfc062723c751e8b465ee728b)
Start importing Assets/Karting/Art/Models/StoneFlat.fbx using Guid(c80f31023dcf9b34cbd0044505be4806) Importer(815301076,1909f56bfc062723c751e8b465ee728b)  -> (artifact id: 'ea26f3a537dba031428b8f64c8600c4a') in 0.043054 seconds
  Import took 0.060449 seconds .

========================================================================
Received Import Request.
  Time since last request: 0.000930 seconds.
  path: Assets/Karting/Art/Models/BuildingShortVariantModel.fbx
  artifactKey: Guid(ea9b690577e1e4787b7a0ba1e8bde702) Importer(815301076,1909f56bfc062723c751e8b465ee728b)
Start importing Assets/Karting/Art/Models/BuildingShortVariantModel.fbx using Guid(ea9b690577e1e4787b7a0ba1e8bde702) Importer(815301076,1909f56bfc062723c751e8b465ee728b)  -> (artifact id: 'e1d7adc7e99c864055b2e27733fd78b7') in 0.075873 seconds
  Import took 0.098237 seconds .

========================================================================
Received Import Request.
  Time since last request: 0.000712 seconds.
  path: Assets/Karting/Art/Models/Building03WallWideWindow.fbx
  artifactKey: Guid(8021d7313a3bc1240bb3e96d591721bf) Importer(815301076,1909f56bfc062723c751e8b465ee728b)
Start importing Assets/Karting/Art/Models/Building03WallWideWindow.fbx using Guid(8021d7313a3bc1240bb3e96d591721bf) Importer(815301076,1909f56bfc062723c751e8b465ee728b)  -> (artifact id: '98022b0fd8a6cb6d5397412ae3c0e7ad') in 0.040200 seconds
  Import took 0.057757 seconds .

========================================================================
Received Import Request.
  Time since last request: 0.000414 seconds.
  path: Assets/Karting/Art/Models/Building02WallBricks.fbx
  artifactKey: Guid(b12206d774dc7c94881f7f13f3dc81e2) Importer(815301076,1909f56bfc062723c751e8b465ee728b)
Start importing Assets/Karting/Art/Models/Building02WallBricks.fbx using Guid(b12206d774dc7c94881f7f13f3dc81e2) Importer(815301076,1909f56bfc062723c751e8b465ee728b)  -> (artifact id: '680115aa9b611cb435051817295393a4') in 0.064297 seconds
  Import took 0.087160 seconds .

========================================================================
Received Import Request.
  Time since last request: 0.000566 seconds.
  path: Assets/Karting/Art/Models/TrackCamberCurve.fbx
  artifactKey: Guid(3a78ab987181dc945be82cdb21028861) Importer(815301076,1909f56bfc062723c751e8b465ee728b)
Start importing Assets/Karting/Art/Models/TrackCamberCurve.fbx using Guid(3a78ab987181dc945be82cdb21028861) Importer(815301076,1909f56bfc062723c751e8b465ee728b)  -> (artifact id: '45c4cee4c801829f678dc72f99586491') in 0.101101 seconds
  Import took 0.112876 seconds .

========================================================================
Received Import Request.
  Time since last request: 0.000448 seconds.
  path: Assets/Karting/Art/Models/BuildingAirConditioner.fbx
  artifactKey: Guid(a1115a8b4e0c27d43883e5bf6d307390) Importer(815301076,1909f56bfc062723c751e8b465ee728b)
Start importing Assets/Karting/Art/Models/BuildingAirConditioner.fbx using Guid(a1115a8b4e0c27d43883e5bf6d307390) Importer(815301076,1909f56bfc062723c751e8b465ee728b)  -> (artifact id: '90b1d156f532e20f98814ce41e787b69') in 0.039665 seconds
  Import took 0.059742 seconds .

========================================================================
Received Import Request.
  Time since last request: 0.003915 seconds.
  path: Assets/Karting/Art/Models/Horizon.FBX
  artifactKey: Guid(18f9f64257e02ef41831fe2f867cb118) Importer(815301076,1909f56bfc062723c751e8b465ee728b)
Start importing Assets/Karting/Art/Models/Horizon.FBX using Guid(18f9f64257e02ef41831fe2f867cb118) Importer(815301076,1909f56bfc062723c751e8b465ee728b)  -> (artifact id: 'db757d46682fc47127aebd52a89f5ad9') in 0.053850 seconds
  Import took 0.076096 seconds .

========================================================================
Received Import Request.
  Time since last request: 0.000364 seconds.
  path: Assets/Karting/Art/Models/Mesh_Sun.fbx
  artifactKey: Guid(d16b83a71cf8a44c497e10545a79767f) Importer(815301076,1909f56bfc062723c751e8b465ee728b)
Start importing Assets/Karting/Art/Models/Mesh_Sun.fbx using Guid(d16b83a71cf8a44c497e10545a79767f) Importer(815301076,1909f56bfc062723c751e8b465ee728b)  -> (artifact id: '55dbc2dea059f71a7341ad62d13b0e0c') in 0.062597 seconds
  Import took 0.078031 seconds .

========================================================================
Received Import Request.
  Time since last request: 0.000443 seconds.
  path: Assets/Karting/Art/Models/Cloud.FBX
  artifactKey: Guid(0829d76c4806eb54b8b2f17eec10f4e6) Importer(815301076,1909f56bfc062723c751e8b465ee728b)
Start importing Assets/Karting/Art/Models/Cloud.FBX using Guid(0829d76c4806eb54b8b2f17eec10f4e6) Importer(815301076,1909f56bfc062723c751e8b465ee728b)  -> (artifact id: 'c796b975907979517f3b1d08a28ad1ff') in 0.065134 seconds
  Import took 0.076265 seconds .

========================================================================
Received Import Request.
  Time since last request: 0.001984 seconds.
  path: Assets/Karting/Art/Models/TrackCamber.fbx
  artifactKey: Guid(127b92ea3636da5478d4347afe2fb698) Importer(815301076,1909f56bfc062723c751e8b465ee728b)
Start importing Assets/Karting/Art/Models/TrackCamber.fbx using Guid(127b92ea3636da5478d4347afe2fb698) Importer(815301076,1909f56bfc062723c751e8b465ee728b)  -> (artifact id: 'f866b3c90636a5cd2a8840569ed5d758') in 0.090504 seconds
  Import took 0.138720 seconds .

========================================================================
Received Import Request.
  Time since last request: 0.000352 seconds.
  path: Assets/Karting/Art/Models/Building03CornerWideWindow.fbx
  artifactKey: Guid(2dc0b90df1333dc469eeb6cff505ccb5) Importer(815301076,1909f56bfc062723c751e8b465ee728b)
Start importing Assets/Karting/Art/Models/Building03CornerWideWindow.fbx using Guid(2dc0b90df1333dc469eeb6cff505ccb5) Importer(815301076,1909f56bfc062723c751e8b465ee728b)  -> (artifact id: '003b4502844a31edeaa247c893dfbdb4') in 0.038297 seconds
  Import took 0.046936 seconds .

========================================================================
Received Import Request.
  Time since last request: 0.000387 seconds.
  path: Assets/Karting/Art/Models/ramp.fbx
  artifactKey: Guid(ea11a61298b6fe94bb5d1f868dafa69a) Importer(815301076,1909f56bfc062723c751e8b465ee728b)
Start importing Assets/Karting/Art/Models/ramp.fbx using Guid(ea11a61298b6fe94bb5d1f868dafa69a) Importer(815301076,1909f56bfc062723c751e8b465ee728b)  -> (artifact id: '88a93860476c4af064b3f935ed7fdf5f') in 0.062539 seconds
  Import took 0.073488 seconds .

========================================================================
Received Import Request.
  Time since last request: 0.000295 seconds.
  path: Assets/Karting/Art/Models/StartFinishLine.fbx
  artifactKey: Guid(b974c5c08f684144a8c03f16eb4ad6b1) Importer(815301076,1909f56bfc062723c751e8b465ee728b)
Start importing Assets/Karting/Art/Models/StartFinishLine.fbx using Guid(b974c5c08f684144a8c03f16eb4ad6b1) Importer(815301076,1909f56bfc062723c751e8b465ee728b)  -> (artifact id: 'f90c6f846fd8c9024110f8e5fe30bc8d') in 0.063617 seconds
  Import took 0.074691 seconds .

========================================================================
Received Import Request.
  Time since last request: 0.000278 seconds.
  path: Assets/Karting/Art/Models/BuildingTallModel.fbx
  artifactKey: Guid(adb35abc445884745af48dba2016ddea) Importer(815301076,1909f56bfc062723c751e8b465ee728b)
Start importing Assets/Karting/Art/Models/BuildingTallModel.fbx using Guid(adb35abc445884745af48dba2016ddea) Importer(815301076,1909f56bfc062723c751e8b465ee728b)  -> (artifact id: 'd86d89bec000626bdf26d75fd82566d5') in 0.108547 seconds
  Import took 0.125077 seconds .

========================================================================
Received Import Request.
  Time since last request: 0.000645 seconds.
  path: Assets/Karting/Art/Models/Building04CornerBarWindow.fbx
  artifactKey: Guid(15e65acc49c1d194f9a661fcbd8f8edf) Importer(815301076,1909f56bfc062723c751e8b465ee728b)
Start importing Assets/Karting/Art/Models/Building04CornerBarWindow.fbx using Guid(15e65acc49c1d194f9a661fcbd8f8edf) Importer(815301076,1909f56bfc062723c751e8b465ee728b)  -> (artifact id: '13e2f4b264daeb851fbec3cd6ed85efd') in 0.032889 seconds
  Import took 0.048292 seconds .

========================================================================
Received Import Request.
  Time since last request: 0.000264 seconds.
  path: Assets/Karting/Art/Models/Building02CornerBricks.fbx
  artifactKey: Guid(91cfa91e879ed5e42ac5a4f865fc05d7) Importer(815301076,1909f56bfc062723c751e8b465ee728b)
Start importing Assets/Karting/Art/Models/Building02CornerBricks.fbx using Guid(91cfa91e879ed5e42ac5a4f865fc05d7) Importer(815301076,1909f56bfc062723c751e8b465ee728b)  -> (artifact id: '9ec45d37c0fe0115f32f1afc0cd1672f') in 0.079180 seconds
  Import took 0.089500 seconds .

========================================================================
Received Import Request.
  Time since last request: 0.000252 seconds.
  path: Assets/Karting/Art/Models/TrackCamberCurveMeshColliderGround.fbx
  artifactKey: Guid(120e82693d1e13644a7f5b990e783b01) Importer(815301076,1909f56bfc062723c751e8b465ee728b)
Start importing Assets/Karting/Art/Models/TrackCamberCurveMeshColliderGround.fbx using Guid(120e82693d1e13644a7f5b990e783b01) Importer(815301076,1909f56bfc062723c751e8b465ee728b)  -> (artifact id: '164b0a50060b26314339a0898a7f528b') in 0.065247 seconds
  Import took 0.079627 seconds .

========================================================================
Received Import Request.
  Time since last request: 0.001109 seconds.
  path: Assets/Karting/Art/Models/Building01WallDoor.fbx
  artifactKey: Guid(8d4337d55efa65a4d8107eead99ff7b7) Importer(815301076,1909f56bfc062723c751e8b465ee728b)
Start importing Assets/Karting/Art/Models/Building01WallDoor.fbx using Guid(8d4337d55efa65a4d8107eead99ff7b7) Importer(815301076,1909f56bfc062723c751e8b465ee728b)  -> (artifact id: 'd69d0f60792e79db33561e32958129a0') in 0.049295 seconds
  Import took 0.062420 seconds .

========================================================================
Received Import Request.
  Time since last request: 0.000370 seconds.
  path: Assets/Karting/Art/Models/Player.FBX
  artifactKey: Guid(6efe54ae207d7bb46a4adca3c0143126) Importer(815301076,1909f56bfc062723c751e8b465ee728b)
Start importing Assets/Karting/Art/Models/Player.FBX using Guid(6efe54ae207d7bb46a4adca3c0143126) Importer(815301076,1909f56bfc062723c751e8b465ee728b)  -> (artifact id: 'd3dfe996147ac6d10c5c8ab354ed7826') in 0.098670 seconds
  Import took 0.129178 seconds .

========================================================================
Received Import Request.
  Time since last request: 0.000891 seconds.
  path: Assets/Karting/Art/Models/BuildingRoofWalls.fbx
  artifactKey: Guid(96819d445b8f3e54bafac2405ab1e2e3) Importer(815301076,1909f56bfc062723c751e8b465ee728b)
Start importing Assets/Karting/Art/Models/BuildingRoofWalls.fbx using Guid(96819d445b8f3e54bafac2405ab1e2e3) Importer(815301076,1909f56bfc062723c751e8b465ee728b)  -> (artifact id: '918e7f570237fb8c9a5cfa905c30cfda') in 0.036729 seconds
  Import took 0.053248 seconds .

========================================================================
Received Import Request.
  Time since last request: 0.000324 seconds.
  path: Assets/Karting/Art/Models/StoneRound.fbx
  artifactKey: Guid(5e6dd9e33a8a1c748a582c8565e5f95f) Importer(815301076,1909f56bfc062723c751e8b465ee728b)
Start importing Assets/Karting/Art/Models/StoneRound.fbx using Guid(5e6dd9e33a8a1c748a582c8565e5f95f) Importer(815301076,1909f56bfc062723c751e8b465ee728b)  -> (artifact id: '27f3e69362b899f1d88433a65a674339') in 0.043592 seconds
  Import took 0.061364 seconds .

========================================================================
Received Import Request.
  Time since last request: 0.000555 seconds.
  path: Assets/Karting/Art/Models/Hill.fbx
  artifactKey: Guid(92bb9994204d1d44cb6223c53e4f84f8) Importer(815301076,1909f56bfc062723c751e8b465ee728b)
Start importing Assets/Karting/Art/Models/Hill.fbx using Guid(92bb9994204d1d44cb6223c53e4f84f8) Importer(815301076,1909f56bfc062723c751e8b465ee728b)  -> (artifact id: '70f8ed1cc60dab11ec1d30bdd3496bfd') in 0.070215 seconds
  Import took 0.080065 seconds .

========================================================================
Received Import Request.
  Time since last request: 0.000305 seconds.
  path: Assets/Karting/Art/Models/BuildingMediumModel.fbx
  artifactKey: Guid(ff205f5b9b7be4ff4b52365d65d4c8e3) Importer(815301076,1909f56bfc062723c751e8b465ee728b)
Start importing Assets/Karting/Art/Models/BuildingMediumModel.fbx using Guid(ff205f5b9b7be4ff4b52365d65d4c8e3) Importer(815301076,1909f56bfc062723c751e8b465ee728b)  -> (artifact id: 'bb385ebfef7aa8d41428b7c92964f32c') in 0.083334 seconds
  Import took 0.095990 seconds .

========================================================================
Received Import Request.
  Time since last request: 0.000343 seconds.
  path: Assets/Karting/Art/Models/GroundPlane.fbx
  artifactKey: Guid(21fe29e73ae4cc842b0d5e9ca6e345f9) Importer(815301076,1909f56bfc062723c751e8b465ee728b)
Start importing Assets/Karting/Art/Models/GroundPlane.fbx using Guid(21fe29e73ae4cc842b0d5e9ca6e345f9) Importer(815301076,1909f56bfc062723c751e8b465ee728b)  -> (artifact id: '5830e52bf04d7f29917543e255577cc2') in 0.051017 seconds
  Import took 0.066402 seconds .

========================================================================
Received Import Request.
  Time since last request: 0.001438 seconds.
  path: Assets/Karting/Art/Models/BuildingThinModel.fbx
  artifactKey: Guid(4d5adf1f338cc40bf8ed376a09b0ac1c) Importer(815301076,1909f56bfc062723c751e8b465ee728b)
Start importing Assets/Karting/Art/Models/BuildingThinModel.fbx using Guid(4d5adf1f338cc40bf8ed376a09b0ac1c) Importer(815301076,1909f56bfc062723c751e8b465ee728b)  -> (artifact id: 'fa70f46eb9253184c6618f041f22648f') in 0.078981 seconds
  Import took 0.091615 seconds .

========================================================================
Received Import Request.
  Time since last request: 0.000293 seconds.
  path: Assets/Karting/Art/Models/BowlingPin.fbx
  artifactKey: Guid(3760fc2bfbb77904ab1a129dbed3c531) Importer(815301076,1909f56bfc062723c751e8b465ee728b)
Start importing Assets/Karting/Art/Models/BowlingPin.fbx using Guid(3760fc2bfbb77904ab1a129dbed3c531) Importer(815301076,1909f56bfc062723c751e8b465ee728b)  -> (artifact id: '1f8e88195a19686a62db329cbf39b424') in 0.045550 seconds
  Import took 0.070133 seconds .

========================================================================
Received Import Request.
  Time since last request: 463.156053 seconds.
  path: Assets/Karting/Animations/KartFrontWheelsMask.mask
  artifactKey: Guid(0b4fa3eb165fa044c89f540d8b738a4f) Importer(815301076,1909f56bfc062723c751e8b465ee728b)
Start importing Assets/Karting/Animations/KartFrontWheelsMask.mask using Guid(0b4fa3eb165fa044c89f540d8b738a4f) Importer(815301076,1909f56bfc062723c751e8b465ee728b)  -> (artifact id: 'f28210a0b41709fbb963969bdec024d9') in 0.020915 seconds
  Import took 0.028865 seconds .

========================================================================
Received Import Request.
  Time since last request: 0.000273 seconds.
  path: Assets/Karting/Animations/KartIdle.FBX
  artifactKey: Guid(379c82acbb20c4747b42575fb9e5011e) Importer(815301076,1909f56bfc062723c751e8b465ee728b)
Start importing Assets/Karting/Animations/KartIdle.FBX using Guid(379c82acbb20c4747b42575fb9e5011e) Importer(815301076,1909f56bfc062723c751e8b465ee728b)  -> (artifact id: 'a8763f1f3e3725316dfe5e652e411f5e') in 0.101157 seconds
  Import took 0.112019 seconds .

========================================================================
Received Import Request.
  Time since last request: 4.732949 seconds.
  path: Assets/Karting/Art/PostProcessing/PostProcessVolume Profile.asset
  artifactKey: Guid(38c256f7cfdc9494788a6a863582f97d) Importer(815301076,1909f56bfc062723c751e8b465ee728b)
Start importing Assets/Karting/Art/PostProcessing/PostProcessVolume Profile.asset using Guid(38c256f7cfdc9494788a6a863582f97d) Importer(815301076,1909f56bfc062723c751e8b465ee728b)  -> (artifact id: '586240a540aa1e09a87974559dc438a6') in 0.062520 seconds
  Import took 0.071189 seconds .

========================================================================
Received Import Request.
  Time since last request: 338.734624 seconds.
  path: Assets/Karting/Art/Fonts/Roboto-Black SDF.asset
  artifactKey: Guid(75063828274bdb145a55f6dd2f22e8b2) Importer(815301076,1909f56bfc062723c751e8b465ee728b)
Start importing Assets/Karting/Art/Fonts/Roboto-Black SDF.asset using Guid(75063828274bdb145a55f6dd2f22e8b2) Importer(815301076,1909f56bfc062723c751e8b465ee728b)  -> (artifact id: '559aa7078a2602991b17509c860b13be') in 0.106935 seconds
  Import took 0.123658 seconds .

========================================================================
Received Import Request.
  Time since last request: 4.392616 seconds.
  path: Assets/Karting/Art/Materials/Characters
  artifactKey: Guid(adb1b59436ca84d3681fcd1cfb0c0fa7) Importer(815301076,1909f56bfc062723c751e8b465ee728b)
Start importing Assets/Karting/Art/Materials/Characters using Guid(adb1b59436ca84d3681fcd1cfb0c0fa7) Importer(815301076,1909f56bfc062723c751e8b465ee728b)  -> (artifact id: '115d4a4692cdb8f08d40c80ba9971542') in 0.005320 seconds
  Import took 0.030668 seconds .

========================================================================
Received Import Request.
  Time since last request: 0.072738 seconds.
  path: Assets/Karting/Art/Materials/Characters/Material_MLAgent.mat
  artifactKey: Guid(c794895b4346d4b7bb39188becd35c0e) Importer(815301076,1909f56bfc062723c751e8b465ee728b)
Start importing Assets/Karting/Art/Materials/Characters/Material_MLAgent.mat using Guid(c794895b4346d4b7bb39188becd35c0e) Importer(815301076,1909f56bfc062723c751e8b465ee728b)  -> (artifact id: '0f574383965979af3d44a6252f34c9b6') in 0.027252 seconds
  Import took 0.042205 seconds .

========================================================================
Received Import Request.
  Time since last request: 0.000357 seconds.
  path: Assets/Karting/Art/Materials/Characters/Material_Player.mat
  artifactKey: Guid(41245d44b7e4e4a9ebe8a3e324e02795) Importer(815301076,1909f56bfc062723c751e8b465ee728b)
Start importing Assets/Karting/Art/Materials/Characters/Material_Player.mat using Guid(41245d44b7e4e4a9ebe8a3e324e02795) Importer(815301076,1909f56bfc062723c751e8b465ee728b)  -> (artifact id: '2844f0f8608da41fa0ae3b264196ad91') in 0.041548 seconds
  Import took 0.052057 seconds .

========================================================================
Received Import Request.
  Time since last request: 2.705425 seconds.
  path: Assets/Karting/Art/Materials/Kart_Classic/KartBody.mat
  artifactKey: Guid(09621e790441a46dd96384071c5c8a73) Importer(815301076,1909f56bfc062723c751e8b465ee728b)
Start importing Assets/Karting/Art/Materials/Kart_Classic/KartBody.mat using Guid(09621e790441a46dd96384071c5c8a73) Importer(815301076,1909f56bfc062723c751e8b465ee728b)  -> (artifact id: 'f5d2fcd55ae7a86dab85480f405aec64') in 0.027491 seconds
  Import took 0.068501 seconds .

========================================================================
Received Import Request.
  Time since last request: 0.000470 seconds.
  path: Assets/Karting/Art/Materials/Kart_Classic/KartWheels.mat
  artifactKey: Guid(01ac3e64bdb3249e5acb38002cca9035) Importer(815301076,1909f56bfc062723c751e8b465ee728b)
Start importing Assets/Karting/Art/Materials/Kart_Classic/KartWheels.mat using Guid(01ac3e64bdb3249e5acb38002cca9035) Importer(815301076,1909f56bfc062723c751e8b465ee728b)  -> (artifact id: '9d253063fdc69e12c9f8cc403a3c7613') in 0.023808 seconds
  Import took 0.036878 seconds .

========================================================================
Received Import Request.
  Time since last request: 0.000627 seconds.
  path: Assets/Karting/Art/Materials/Kart_Classic/ML_KartBody.mat
  artifactKey: Guid(92461c21480194ccfa4491e9bb4421c3) Importer(815301076,1909f56bfc062723c751e8b465ee728b)
Start importing Assets/Karting/Art/Materials/Kart_Classic/ML_KartBody.mat using Guid(92461c21480194ccfa4491e9bb4421c3) Importer(815301076,1909f56bfc062723c751e8b465ee728b)  -> (artifact id: '339e01994e3a3638d20a29304fccaf49') in 0.030101 seconds
  Import took 0.091221 seconds .

========================================================================
Received Import Request.
  Time since last request: 10.197616 seconds.
  path: Assets/Karting/Audio/CollisionWalls.wav
  artifactKey: Guid(09f715e4d9c95e848945e7702f9bab46) Importer(815301076,1909f56bfc062723c751e8b465ee728b)
Start importing Assets/Karting/Audio/CollisionWalls.wav using Guid(09f715e4d9c95e848945e7702f9bab46) Importer(815301076,1909f56bfc062723c751e8b465ee728b)  -> (artifact id: '35c745e723824a1764bf259c61b9d92a') in 0.103243 seconds
  Import took 0.114268 seconds .

========================================================================
Received Import Request.
  Time since last request: 0.000321 seconds.
  path: Assets/Karting/Audio/StartSound02.wav
  artifactKey: Guid(30a284806deffbb4691f78109d0b617b) Importer(815301076,1909f56bfc062723c751e8b465ee728b)
Start importing Assets/Karting/Audio/StartSound02.wav using Guid(30a284806deffbb4691f78109d0b617b) Importer(815301076,1909f56bfc062723c751e8b465ee728b)  -> (artifact id: 'f401ec1df6d889e99b8572fa2c857800') in 0.027085 seconds
  Import took 0.044497 seconds .

========================================================================
Received Import Request.
  Time since last request: 0.000769 seconds.
  path: Assets/Karting/Audio/Music.mp3
  artifactKey: Guid(1939f7149c0fae14a891ac314cb2e8f3) Importer(815301076,1909f56bfc062723c751e8b465ee728b)
Start importing Assets/Karting/Audio/Music.mp3 using Guid(1939f7149c0fae14a891ac314cb2e8f3) Importer(815301076,1909f56bfc062723c751e8b465ee728b)  -> (artifact id: 'd2d2f503bfdc882d6a228413d3681c50') in 0.036497 seconds
  Import took 0.066800 seconds .

========================================================================
Received Import Request.
  Time since last request: 0.001089 seconds.
  path: Assets/Karting/Audio/Tire_Screeching.wav
  artifactKey: Guid(e92cf848e62569a45b1f8cc697211084) Importer(815301076,1909f56bfc062723c751e8b465ee728b)
Start importing Assets/Karting/Audio/Tire_Screeching.wav using Guid(e92cf848e62569a45b1f8cc697211084) Importer(815301076,1909f56bfc062723c751e8b465ee728b)  -> (artifact id: '34a3513df86399721887b53a56ebd2c4') in 0.062512 seconds
  Import took 0.078165 seconds .

========================================================================
Received Import Request.
  Time since last request: 0.000613 seconds.
  path: Assets/Karting/Audio/EngineA1.wav
  artifactKey: Guid(dd46253c3a6b6439bbceb25ba2d5665e) Importer(815301076,1909f56bfc062723c751e8b465ee728b)
Start importing Assets/Karting/Audio/EngineA1.wav using Guid(dd46253c3a6b6439bbceb25ba2d5665e) Importer(815301076,1909f56bfc062723c751e8b465ee728b)  -> (artifact id: '86d73fd752f476fa68253f5bdfa2040f') in 0.030944 seconds
  Import took 0.044505 seconds .

========================================================================
Received Import Request.
  Time since last request: 0.004436 seconds.
  path: Assets/Karting/Audio/EngineA4.wav
  artifactKey: Guid(3d7dea0b41109438aa3242fa6ce220a7) Importer(815301076,1909f56bfc062723c751e8b465ee728b)
Start importing Assets/Karting/Audio/EngineA4.wav using Guid(3d7dea0b41109438aa3242fa6ce220a7) Importer(815301076,1909f56bfc062723c751e8b465ee728b)  -> (artifact id: '5f0438b9c2742031d954c10519e2794f') in 0.039389 seconds
  Import took 0.060772 seconds .

========================================================================
Received Import Request.
  Time since last request: 0.002717 seconds.
  path: Assets/Karting/Audio/engine-rev.ogg
  artifactKey: Guid(7eb03bd77be2345cd94afa59ba4cec74) Importer(815301076,1909f56bfc062723c751e8b465ee728b)
Start importing Assets/Karting/Audio/engine-rev.ogg using Guid(7eb03bd77be2345cd94afa59ba4cec74) Importer(815301076,1909f56bfc062723c751e8b465ee728b)  -> (artifact id: '109482d8581e2f6cb49f630ea39b8496') in 0.031932 seconds
  Import took 0.075222 seconds .

========================================================================
Received Import Request.
  Time since last request: 0.000510 seconds.
  path: Assets/Karting/Audio/engine-idle.ogg
  artifactKey: Guid(f17f8fff3c3fe468fb2aa48c723044aa) Importer(815301076,1909f56bfc062723c751e8b465ee728b)
Start importing Assets/Karting/Audio/engine-idle.ogg using Guid(f17f8fff3c3fe468fb2aa48c723044aa) Importer(815301076,1909f56bfc062723c751e8b465ee728b)  -> (artifact id: '6fda87c307b7b6eeae047007ffd3d689') in 0.029798 seconds
  Import took 0.045650 seconds .

========================================================================
Received Import Request.
  Time since last request: 0.000547 seconds.
  path: Assets/Karting/Audio/EngineA3.wav
  artifactKey: Guid(c3af91df4ca764fd9b9f2e778e7e555a) Importer(815301076,1909f56bfc062723c751e8b465ee728b)
Start importing Assets/Karting/Audio/EngineA3.wav using Guid(c3af91df4ca764fd9b9f2e778e7e555a) Importer(815301076,1909f56bfc062723c751e8b465ee728b)  -> (artifact id: 'b24bba4eee15f437449a5d90178bcbca') in 0.046115 seconds
  Import took 0.061969 seconds .

========================================================================
Received Import Request.
  Time since last request: 0.000699 seconds.
  path: Assets/Karting/Audio/engine-running.ogg
  artifactKey: Guid(819e4330b56d74b398255782be41515f) Importer(815301076,1909f56bfc062723c751e8b465ee728b)
Start importing Assets/Karting/Audio/engine-running.ogg using Guid(819e4330b56d74b398255782be41515f) Importer(815301076,1909f56bfc062723c751e8b465ee728b)  -> (artifact id: '22415e5e87e2423549cec6fe7904a92d') in 0.044096 seconds
  Import took 0.057125 seconds .

========================================================================
Received Import Request.
  Time since last request: 0.000862 seconds.
  path: Assets/Karting/Audio/MainAudioMixer.mixer
  artifactKey: Guid(fcc71635aab95ff4fbdf1880bf2afa2f) Importer(815301076,1909f56bfc062723c751e8b465ee728b)
Start importing Assets/Karting/Audio/MainAudioMixer.mixer using Guid(fcc71635aab95ff4fbdf1880bf2afa2f) Importer(815301076,1909f56bfc062723c751e8b465ee728b)  -> (artifact id: '624e8d5b04a103eccd806959f830e1a8') in 0.026990 seconds
  Import took 0.044089 seconds .

========================================================================
Received Import Request.
  Time since last request: 0.000245 seconds.
  path: Assets/Karting/Audio/EngineA2.wav
  artifactKey: Guid(2ad022136d1b64c57910b8dcd17576ef) Importer(815301076,1909f56bfc062723c751e8b465ee728b)
Start importing Assets/Karting/Audio/EngineA2.wav using Guid(2ad022136d1b64c57910b8dcd17576ef) Importer(815301076,1909f56bfc062723c751e8b465ee728b)  -> (artifact id: 'fc8c98654649acfde58c87082d73de27') in 0.033742 seconds
  Import took 0.056392 seconds .

========================================================================
Received Import Request.
  Time since last request: 0.000368 seconds.
  path: Assets/Karting/Audio/engine_start.ogg
  artifactKey: Guid(fc58125bd5e1d457c86a087d8ee30621) Importer(815301076,1909f56bfc062723c751e8b465ee728b)
Start importing Assets/Karting/Audio/engine_start.ogg using Guid(fc58125bd5e1d457c86a087d8ee30621) Importer(815301076,1909f56bfc062723c751e8b465ee728b)  -> (artifact id: 'd2d16c249bfae48a630d08c964ab6fe8') in 0.037590 seconds
  Import took 0.047722 seconds .

========================================================================
Received Import Request.
  Time since last request: 0.000218 seconds.
  path: Assets/Karting/Audio/StartSound01.wav
  artifactKey: Guid(a935550c6172c6548b1bc8de6e56618a) Importer(815301076,1909f56bfc062723c751e8b465ee728b)
Start importing Assets/Karting/Audio/StartSound01.wav using Guid(a935550c6172c6548b1bc8de6e56618a) Importer(815301076,1909f56bfc062723c751e8b465ee728b)  -> (artifact id: 'e7468967f902361aa7a928b7a8e0a35e') in 0.065321 seconds
  Import took 0.080674 seconds .

========================================================================
Received Import Request.
  Time since last request: 4.831805 seconds.
  path: Assets/Mod Assets/3DProps/AncientProps/Archway.fbx
  artifactKey: Guid(8845e58e723a048699e6cf81997a1af0) Importer(815301076,1909f56bfc062723c751e8b465ee728b)
Start importing Assets/Mod Assets/3DProps/AncientProps/Archway.fbx using Guid(8845e58e723a048699e6cf81997a1af0) Importer(815301076,1909f56bfc062723c751e8b465ee728b)  -> (artifact id: '96c172c37dd1e39dd660a356c4998ae0') in 0.051992 seconds
  Import took 0.064331 seconds .

========================================================================
Received Import Request.
  Time since last request: 0.000342 seconds.
  path: Assets/Mod Assets/ModResources/BillboardMeshes/billboard_3D_basic.fbx
  artifactKey: Guid(ad9c1e36fab414677bc655cab88a1b71) Importer(815301076,1909f56bfc062723c751e8b465ee728b)
Start importing Assets/Mod Assets/ModResources/BillboardMeshes/billboard_3D_basic.fbx using Guid(ad9c1e36fab414677bc655cab88a1b71) Importer(815301076,1909f56bfc062723c751e8b465ee728b)  -> (artifact id: 'fb047f114326a7921226476029acf99e') in 0.060893 seconds
  Import took 0.080129 seconds .

========================================================================
Received Import Request.
  Time since last request: 0.001313 seconds.
  path: Assets/Mod Assets/3DProps/NatureProps/FlowerBush.fbx
  artifactKey: Guid(decf25da566de433cb1a874aa0e6dd00) Importer(815301076,1909f56bfc062723c751e8b465ee728b)
Start importing Assets/Mod Assets/3DProps/NatureProps/FlowerBush.fbx using Guid(decf25da566de433cb1a874aa0e6dd00) Importer(815301076,1909f56bfc062723c751e8b465ee728b)  -> (artifact id: '839c55360e39b857e843c5c155721466') in 0.083528 seconds
  Import took 0.097868 seconds .

========================================================================
Received Import Request.
  Time since last request: 0.000208 seconds.
  path: Assets/Mod Assets/3DProps/NatureProps/FallenTree.fbx
  artifactKey: Guid(eaf3edd0ef88ac84c970b62f673ed6b0) Importer(815301076,1909f56bfc062723c751e8b465ee728b)
Start importing Assets/Mod Assets/3DProps/NatureProps/FallenTree.fbx using Guid(eaf3edd0ef88ac84c970b62f673ed6b0) Importer(815301076,1909f56bfc062723c751e8b465ee728b)  -> (artifact id: '526a3aa291f8d85b34fe2a7ad39afb07') in 0.068218 seconds
  Import took 0.081703 seconds .

========================================================================
Received Import Request.
  Time since last request: 0.000370 seconds.
  path: Assets/Mod Assets/3DProps/FoodProps/Cookie.fbx
  artifactKey: Guid(a8f127f4a0a19407db2b784d5ae1b637) Importer(815301076,1909f56bfc062723c751e8b465ee728b)
Start importing Assets/Mod Assets/3DProps/FoodProps/Cookie.fbx using Guid(a8f127f4a0a19407db2b784d5ae1b637) Importer(815301076,1909f56bfc062723c751e8b465ee728b)  -> (artifact id: '01a7bbc574e86a1b428431f80ecb26d4') in 0.080971 seconds
  Import took 0.097751 seconds .

========================================================================
Received Import Request.
  Time since last request: 0.000496 seconds.
  path: Assets/Mod Assets/3DProps/SpaceProps/Asteroid.fbx
  artifactKey: Guid(738cfb63efae84af7b2446470711e751) Importer(815301076,1909f56bfc062723c751e8b465ee728b)
Start importing Assets/Mod Assets/3DProps/SpaceProps/Asteroid.fbx using Guid(738cfb63efae84af7b2446470711e751) Importer(815301076,1909f56bfc062723c751e8b465ee728b)  -> (artifact id: 'fcdb3355ff99af8041099a30d136cc35') in 0.082474 seconds
  Import took 0.097135 seconds .

========================================================================
Received Import Request.
  Time since last request: 0.000401 seconds.
  path: Assets/Mod Assets/3DProps/NatureProps/FirTree.fbx
  artifactKey: Guid(5fc0e3d37ec294384aaa0b18e537ff86) Importer(815301076,1909f56bfc062723c751e8b465ee728b)
Start importing Assets/Mod Assets/3DProps/NatureProps/FirTree.fbx using Guid(5fc0e3d37ec294384aaa0b18e537ff86) Importer(815301076,1909f56bfc062723c751e8b465ee728b)  -> (artifact id: '34afdb6c443e0bdc284099217491873d') in 0.085192 seconds
  Import took 0.092643 seconds .

========================================================================
Received Import Request.
  Time since last request: 0.000301 seconds.
  path: Assets/Mod Assets/3DProps/NatureProps/Cactus.fbx
  artifactKey: Guid(abd8d6df37cf14c4485291b3d13cd460) Importer(815301076,1909f56bfc062723c751e8b465ee728b)
Start importing Assets/Mod Assets/3DProps/NatureProps/Cactus.fbx using Guid(abd8d6df37cf14c4485291b3d13cd460) Importer(815301076,1909f56bfc062723c751e8b465ee728b)  -> (artifact id: '1bdb4acc6b3fa5050f8a4c1c91f96d4a') in 0.071941 seconds
  Import took 0.089447 seconds .

========================================================================
Received Import Request.
  Time since last request: 0.000425 seconds.
  path: Assets/Mod Assets/ModResources/HatMeshes/GlassesMesh.fbx
  artifactKey: Guid(be949c77dc28c459280b4981f6495d99) Importer(815301076,1909f56bfc062723c751e8b465ee728b)
Start importing Assets/Mod Assets/ModResources/HatMeshes/GlassesMesh.fbx using Guid(be949c77dc28c459280b4981f6495d99) Importer(815301076,1909f56bfc062723c751e8b465ee728b)  -> (artifact id: '957e5a4d4965b9252071cf75a8a92319') in 0.090288 seconds
  Import took 0.100772 seconds .

========================================================================
Received Import Request.
  Time since last request: 0.000315 seconds.
  path: Assets/Mod Assets/3DProps/FoodProps/Donut.fbx
  artifactKey: Guid(b121577100373491d839adcc51d30452) Importer(815301076,1909f56bfc062723c751e8b465ee728b)
Start importing Assets/Mod Assets/3DProps/FoodProps/Donut.fbx using Guid(b121577100373491d839adcc51d30452) Importer(815301076,1909f56bfc062723c751e8b465ee728b)  -> (artifact id: '204c45d86fde6adc7ddade2909282012') in 0.109736 seconds
  Import took 0.115916 seconds .

========================================================================
Received Import Request.
  Time since last request: 0.000235 seconds.
  path: Assets/Mod Assets/3DProps/SpaceProps/Crystal.fbx
  artifactKey: Guid(6b2dfb46096eb400e8d5de95609e53b3) Importer(815301076,1909f56bfc062723c751e8b465ee728b)
Start importing Assets/Mod Assets/3DProps/SpaceProps/Crystal.fbx using Guid(6b2dfb46096eb400e8d5de95609e53b3) Importer(815301076,1909f56bfc062723c751e8b465ee728b)  -> (artifact id: 'a12ee9583f68364d737ef8d94b6159d2') in 0.103237 seconds
  Import took 0.121929 seconds .

========================================================================
Received Import Request.
  Time since last request: 0.000289 seconds.
  path: Assets/Mod Assets/ModResources/BillboardMeshes/billboard_3D_tall.fbx
  artifactKey: Guid(ae9da133c804d4fd8b985969f814bfdc) Importer(815301076,1909f56bfc062723c751e8b465ee728b)
Start importing Assets/Mod Assets/ModResources/BillboardMeshes/billboard_3D_tall.fbx using Guid(ae9da133c804d4fd8b985969f814bfdc) Importer(815301076,1909f56bfc062723c751e8b465ee728b)  -> (artifact id: '22c822b5e248d63bcd4e447e9bff5091') in 0.090619 seconds
  Import took 0.109168 seconds .

========================================================================
Received Import Request.
  Time since last request: 0.000635 seconds.
  path: Assets/Mod Assets/3DProps/FoodProps/GummyBear.fbx
  artifactKey: Guid(58ea00b8d25e246b4aabc659dc7b33c4) Importer(815301076,1909f56bfc062723c751e8b465ee728b)
Start importing Assets/Mod Assets/3DProps/FoodProps/GummyBear.fbx using Guid(58ea00b8d25e246b4aabc659dc7b33c4) Importer(815301076,1909f56bfc062723c751e8b465ee728b)  -> (artifact id: '3ff849ba7564cc8968febf5e4b7474ba') in 0.078789 seconds
  Import took 0.089000 seconds .

========================================================================
Received Import Request.
  Time since last request: 0.900440 seconds.
  path: Assets/Karting/Art/Models/Kart_Classic/KartClassic_Body.fbx
  artifactKey: Guid(d3aa50a8114db7a4e95c5cb29a283ac4) Importer(815301076,1909f56bfc062723c751e8b465ee728b)
Start importing Assets/Karting/Art/Models/Kart_Classic/KartClassic_Body.fbx using Guid(d3aa50a8114db7a4e95c5cb29a283ac4) Importer(815301076,1909f56bfc062723c751e8b465ee728b)  -> (artifact id: '522e027d5063c8435c834de682e5e2b6') in 0.108064 seconds
  Import took 0.153683 seconds .

========================================================================
Received Import Request.
  Time since last request: 0.000439 seconds.
  path: Assets/Mod Assets/3DProps/FoodProps/Lollipop.fbx
  artifactKey: Guid(4ae0a8e21fe944960ae7238feeda49f1) Importer(815301076,1909f56bfc062723c751e8b465ee728b)
Start importing Assets/Mod Assets/3DProps/FoodProps/Lollipop.fbx using Guid(4ae0a8e21fe944960ae7238feeda49f1) Importer(815301076,1909f56bfc062723c751e8b465ee728b)  -> (artifact id: 'bbd593b58fa167a4b7aa2af34e317598') in 0.707883 seconds
  Import took 0.719891 seconds .

========================================================================
Received Import Request.
  Time since last request: 0.000300 seconds.
  path: Assets/Karting/ModularTrackKit/Models/ModularTrackBank.fbx
  artifactKey: Guid(994f97374df6444279b54b520d1535c3) Importer(815301076,1909f56bfc062723c751e8b465ee728b)
Start importing Assets/Karting/ModularTrackKit/Models/ModularTrackBank.fbx using Guid(994f97374df6444279b54b520d1535c3) Importer(815301076,1909f56bfc062723c751e8b465ee728b)  -> (artifact id: 'db840614c6402f46ed88209d276a372c') in 0.086053 seconds
  Import took 0.097359 seconds .

========================================================================
Received Import Request.
  Time since last request: 0.000306 seconds.
  path: Assets/Karting/ModularTrackKit/Models/ModularTrackCurveLeft.fbx
  artifactKey: Guid(a0922edcbe6b74564b40735068507f0c) Importer(815301076,1909f56bfc062723c751e8b465ee728b)
Start importing Assets/Karting/ModularTrackKit/Models/ModularTrackCurveLeft.fbx using Guid(a0922edcbe6b74564b40735068507f0c) Importer(815301076,1909f56bfc062723c751e8b465ee728b)  -> (artifact id: '06761526683abf253bee33d9eb7b0a0f') in 0.068475 seconds
  Import took 0.084352 seconds .

========================================================================
Received Import Request.
  Time since last request: 0.000438 seconds.
  path: Assets/Karting/ModularTrackKit/Models/ModularTrackBumpyStraight.fbx
  artifactKey: Guid(8bd11d186751541b5bbd80f5cf827fee) Importer(815301076,1909f56bfc062723c751e8b465ee728b)
Start importing Assets/Karting/ModularTrackKit/Models/ModularTrackBumpyStraight.fbx using Guid(8bd11d186751541b5bbd80f5cf827fee) Importer(815301076,1909f56bfc062723c751e8b465ee728b)  -> (artifact id: 'c3b43f55fb70ac4cee8318400c43a6b7') in 0.107345 seconds
  Import took 0.117479 seconds .

========================================================================
Received Import Request.
  Time since last request: 0.000336 seconds.
  path: Assets/Karting/ModularTrackKit/Models/ModularTrackCantMediumLeft.fbx
  artifactKey: Guid(193fbff110f9a4b5ea39398504a85034) Importer(815301076,1909f56bfc062723c751e8b465ee728b)
Start importing Assets/Karting/ModularTrackKit/Models/ModularTrackCantMediumLeft.fbx using Guid(193fbff110f9a4b5ea39398504a85034) Importer(815301076,1909f56bfc062723c751e8b465ee728b)  -> (artifact id: '33f6b50485eed0d2bbf1ca80c3435d10') in 0.086852 seconds
  Import took 0.102841 seconds .

========================================================================
Received Import Request.
  Time since last request: 0.000353 seconds.
  path: Assets/Karting/ModularTrackKit/Models/ModularTrackBumpyStraight.fbx
  artifactKey: Guid(8bd11d186751541b5bbd80f5cf827fee) Importer(815301076,1909f56bfc062723c751e8b465ee728b)
Start importing Assets/Karting/ModularTrackKit/Models/ModularTrackBumpyStraight.fbx using Guid(8bd11d186751541b5bbd80f5cf827fee) Importer(815301076,1909f56bfc062723c751e8b465ee728b)  -> (artifact id: 'c3b43f55fb70ac4cee8318400c43a6b7') in 0.072314 seconds
  Import took 0.096657 seconds .

========================================================================
Received Import Request.
  Time since last request: 0.000235 seconds.
  path: Assets/Karting/ModularTrackKit/Models/ModularTrackCantSmallLeft.fbx
  artifactKey: Guid(4bf1a364dc54642f9a8a2d20c3cae318) Importer(815301076,1909f56bfc062723c751e8b465ee728b)
Start importing Assets/Karting/ModularTrackKit/Models/ModularTrackCantSmallLeft.fbx using Guid(4bf1a364dc54642f9a8a2d20c3cae318) Importer(815301076,1909f56bfc062723c751e8b465ee728b)  -> (artifact id: '49c7c2af5844108cf7b713e707594c17') in 0.090215 seconds
  Import took 0.100791 seconds .

========================================================================
Received Import Request.
  Time since last request: 0.000306 seconds.
  path: Assets/Karting/ModularTrackKit/Models/ModularTrackCurveLargeLeft.fbx
  artifactKey: Guid(3cc54c2c67fc34a1abe6fe43c889f8e3) Importer(815301076,1909f56bfc062723c751e8b465ee728b)
Start importing Assets/Karting/ModularTrackKit/Models/ModularTrackCurveLargeLeft.fbx using Guid(3cc54c2c67fc34a1abe6fe43c889f8e3) Importer(815301076,1909f56bfc062723c751e8b465ee728b)  -> (artifact id: 'f95a48834fd4b2e077a9d2fdd1fa9cea') in 0.100204 seconds
  Import took 0.107848 seconds .

========================================================================
Received Import Request.
  Time since last request: 0.001458 seconds.
  path: Assets/Karting/ModularTrackKit/Models/ModularTrackStraight.fbx
  artifactKey: Guid(4c266eccb4ff24ae9aeaf6fa734f60ea) Importer(815301076,1909f56bfc062723c751e8b465ee728b)
Start importing Assets/Karting/ModularTrackKit/Models/ModularTrackStraight.fbx using Guid(4c266eccb4ff24ae9aeaf6fa734f60ea) Importer(815301076,1909f56bfc062723c751e8b465ee728b)  -> (artifact id: 'e1b7f740d7df934a87f586f59315b99b') in 0.074801 seconds
  Import took 0.092675 seconds .

========================================================================
Received Import Request.
  Time since last request: 0.000490 seconds.
  path: Assets/Mod Assets/3DProps/FoodProps/Licorice.fbx
  artifactKey: Guid(a6ff71d7327404fa29bb26a648cfe3ff) Importer(815301076,1909f56bfc062723c751e8b465ee728b)
Start importing Assets/Mod Assets/3DProps/FoodProps/Licorice.fbx using Guid(a6ff71d7327404fa29bb26a648cfe3ff) Importer(815301076,1909f56bfc062723c751e8b465ee728b)  -> (artifact id: '60c27b20b9810c8e5eb68798738558f9') in 0.078628 seconds
  Import took 0.095212 seconds .

========================================================================
Received Import Request.
  Time since last request: 0.000682 seconds.
  path: Assets/Karting/Art/Models/Kart_Classic/KartClassic_Piece.FBX
  artifactKey: Guid(f646448445cac684aa700a02a5b06ae5) Importer(815301076,1909f56bfc062723c751e8b465ee728b)
Start importing Assets/Karting/Art/Models/Kart_Classic/KartClassic_Piece.FBX using Guid(f646448445cac684aa700a02a5b06ae5) Importer(815301076,1909f56bfc062723c751e8b465ee728b)  -> (artifact id: '860c371e7670bd04e1b78f85a15b6a69') in 0.209027 seconds
  Import took 0.219545 seconds .

========================================================================
Received Import Request.
  Time since last request: 0.000275 seconds.
  path: Assets/Mod Assets/3DProps/NatureProps/Mushroom.fbx
  artifactKey: Guid(403205f95f9214aa7a1f003ae7bd2333) Importer(815301076,1909f56bfc062723c751e8b465ee728b)
Start importing Assets/Mod Assets/3DProps/NatureProps/Mushroom.fbx using Guid(403205f95f9214aa7a1f003ae7bd2333) Importer(815301076,1909f56bfc062723c751e8b465ee728b)  -> (artifact id: '8f0882d163c7acf27454f77753744dfd') in 0.100928 seconds
  Import took 0.115262 seconds .

========================================================================
Received Import Request.
  Time since last request: 0.000313 seconds.
  path: Assets/Karting/Art/Models/Kart_Classic/KartClassic_Wheels.fbx
  artifactKey: Guid(305a556307b36464395aa157cffcd3db) Importer(815301076,1909f56bfc062723c751e8b465ee728b)
Start importing Assets/Karting/Art/Models/Kart_Classic/KartClassic_Wheels.fbx using Guid(305a556307b36464395aa157cffcd3db) Importer(815301076,1909f56bfc062723c751e8b465ee728b)  -> (artifact id: '3277fea0fe6c14593ffa264660712dcd') in 0.129117 seconds
  Import took 0.138416 seconds .

========================================================================
Received Import Request.
  Time since last request: 0.000240 seconds.
  path: Assets/Mod Assets/3DProps/AncientProps/MoaiHead.fbx
  artifactKey: Guid(3ce0ea2030a24458eb9e3ec8fbae0a88) Importer(815301076,1909f56bfc062723c751e8b465ee728b)
Start importing Assets/Mod Assets/3DProps/AncientProps/MoaiHead.fbx using Guid(3ce0ea2030a24458eb9e3ec8fbae0a88) Importer(815301076,1909f56bfc062723c751e8b465ee728b)  -> (artifact id: 'bd9c8af51ad97a2f38c3e2f007100dcb') in 0.045880 seconds
  Import took 0.054665 seconds .

========================================================================
Received Import Request.
  Time since last request: 0.000269 seconds.
  path: Assets/Karting/ModularTrackKit/Models/ModularTrackCantMediumRight.fbx
  artifactKey: Guid(da23b199c8ab5479e812925e733aaf8f) Importer(815301076,1909f56bfc062723c751e8b465ee728b)
Start importing Assets/Karting/ModularTrackKit/Models/ModularTrackCantMediumRight.fbx using Guid(da23b199c8ab5479e812925e733aaf8f) Importer(815301076,1909f56bfc062723c751e8b465ee728b)  -> (artifact id: 'ba0521e0818c5523f3ace47d8584b070') in 0.109818 seconds
  Import took 0.120087 seconds .

========================================================================
Received Import Request.
  Time since last request: 0.000247 seconds.
  path: Assets/Karting/ModularTrackKit/Models/ModularTrackSpiralRight.fbx
  artifactKey: Guid(c7a29af1540b44b788f2c5e5cafe7a7c) Importer(815301076,1909f56bfc062723c751e8b465ee728b)
Start importing Assets/Karting/ModularTrackKit/Models/ModularTrackSpiralRight.fbx using Guid(c7a29af1540b44b788f2c5e5cafe7a7c) Importer(815301076,1909f56bfc062723c751e8b465ee728b)  -> (artifact id: '964216d223ab77e3e2f094bac833e2f8') in 0.081972 seconds
  Import took 0.102157 seconds .

========================================================================
Received Import Request.
  Time since last request: 0.000327 seconds.
  path: Assets/Karting/ModularTrackKit/Models/ModularTrackCantSmallRight.fbx
  artifactKey: Guid(52f3b50c1579446dfa7dac35f5ac2e0a) Importer(815301076,1909f56bfc062723c751e8b465ee728b)
Start importing Assets/Karting/ModularTrackKit/Models/ModularTrackCantSmallRight.fbx using Guid(52f3b50c1579446dfa7dac35f5ac2e0a) Importer(815301076,1909f56bfc062723c751e8b465ee728b)  -> (artifact id: 'ec16c1369f94c3118e7b3cbe4f890068') in 0.092127 seconds
  Import took 0.100989 seconds .

========================================================================
Received Import Request.
  Time since last request: 0.000304 seconds.
  path: Assets/Karting/ModularTrackKit/Models/ModularTrackSCurveLeft.fbx
  artifactKey: Guid(becaefafb9fa24fe8bc0bbb4ce749bcc) Importer(815301076,1909f56bfc062723c751e8b465ee728b)
Start importing Assets/Karting/ModularTrackKit/Models/ModularTrackSCurveLeft.fbx using Guid(becaefafb9fa24fe8bc0bbb4ce749bcc) Importer(815301076,1909f56bfc062723c751e8b465ee728b)  -> (artifact id: '811466ff73854ee4471f85633807f732') in 0.078740 seconds
  Import took 0.094655 seconds .

========================================================================
Received Import Request.
  Time since last request: 0.000259 seconds.
  path: Assets/Karting/ModularTrackKit/Models/ModularTrackSpiralLeft.fbx
  artifactKey: Guid(5830767f6fba8446ebc1160d406849b5) Importer(815301076,1909f56bfc062723c751e8b465ee728b)
Start importing Assets/Karting/ModularTrackKit/Models/ModularTrackSpiralLeft.fbx using Guid(5830767f6fba8446ebc1160d406849b5) Importer(815301076,1909f56bfc062723c751e8b465ee728b)  -> (artifact id: 'ae02df980fba6ae6b5ba76e67cac23e0') in 0.082183 seconds
  Import took 0.088530 seconds .

========================================================================
Received Import Request.
  Time since last request: 0.000363 seconds.
  path: Assets/Karting/ModularTrackKit/Models/ModularTrackCurveMediumLeft.fbx
  artifactKey: Guid(fd8897a9f46db4ff1ba74975ec44af36) Importer(815301076,1909f56bfc062723c751e8b465ee728b)
Start importing Assets/Karting/ModularTrackKit/Models/ModularTrackCurveMediumLeft.fbx using Guid(fd8897a9f46db4ff1ba74975ec44af36) Importer(815301076,1909f56bfc062723c751e8b465ee728b)  -> (artifact id: '85446830f9eb4ad2c2be08291d85dede') in 0.088568 seconds
  Import took 0.097999 seconds .

========================================================================
Received Import Request.
  Time since last request: 0.000313 seconds.
  path: Assets/Karting/ModularTrackKit/Models/ModularTrackRampCurveLeft.fbx
  artifactKey: Guid(05fede2a6022d42b1ade2912387039fa) Importer(815301076,1909f56bfc062723c751e8b465ee728b)
Start importing Assets/Karting/ModularTrackKit/Models/ModularTrackRampCurveLeft.fbx using Guid(05fede2a6022d42b1ade2912387039fa) Importer(815301076,1909f56bfc062723c751e8b465ee728b)  -> (artifact id: 'cd82f461e8eb8a2d03d90ad8a16a8a32') in 0.078785 seconds
  Import took 0.096136 seconds .

========================================================================
Received Import Request.
  Time since last request: 0.000216 seconds.
  path: Assets/Karting/ModularTrackKit/Models/ModularTrackRamp.fbx
  artifactKey: Guid(fb55a8802f7114aceb2a7d7f0918153b) Importer(815301076,1909f56bfc062723c751e8b465ee728b)
Start importing Assets/Karting/ModularTrackKit/Models/ModularTrackRamp.fbx using Guid(fb55a8802f7114aceb2a7d7f0918153b) Importer(815301076,1909f56bfc062723c751e8b465ee728b)  -> (artifact id: 'b0ec258edc427b57db8b04f9e6b6ed14') in 0.091832 seconds
  Import took 0.104431 seconds .

========================================================================
Received Import Request.
  Time since last request: 0.000343 seconds.
  path: Assets/Karting/ModularTrackKit/Models/ModularTrackRampCurveRight.fbx
  artifactKey: Guid(f06addda049014caaa30b7f4b73e447d) Importer(815301076,1909f56bfc062723c751e8b465ee728b)
Start importing Assets/Karting/ModularTrackKit/Models/ModularTrackRampCurveRight.fbx using Guid(f06addda049014caaa30b7f4b73e447d) Importer(815301076,1909f56bfc062723c751e8b465ee728b)  -> (artifact id: '9f756b58bfb216eba01cc34dd2ef47d1') in 0.083859 seconds
  Import took 0.102460 seconds .

========================================================================
Received Import Request.
  Time since last request: 0.000696 seconds.
  path: Assets/Karting/ModularTrackKit/Models/ModularTrackSCurveRight.fbx
  artifactKey: Guid(109245566253c1c4aaa181dd71fad1a5) Importer(815301076,1909f56bfc062723c751e8b465ee728b)
Start importing Assets/Karting/ModularTrackKit/Models/ModularTrackSCurveRight.fbx using Guid(109245566253c1c4aaa181dd71fad1a5) Importer(815301076,1909f56bfc062723c751e8b465ee728b)  -> (artifact id: 'ac1cd708b158d8184c82bf4118d23c86') in 0.077591 seconds
  Import took 0.099639 seconds .

========================================================================
Received Import Request.
  Time since last request: 0.727649 seconds.
  path: Assets/Mod Assets/3DProps/AncientProps/Obelisk.fbx
  artifactKey: Guid(b5f62aa1f09e3403baa23022a5d9e4b1) Importer(815301076,1909f56bfc062723c751e8b465ee728b)
Start importing Assets/Mod Assets/3DProps/AncientProps/Obelisk.fbx using Guid(b5f62aa1f09e3403baa23022a5d9e4b1) Importer(815301076,1909f56bfc062723c751e8b465ee728b)  -> (artifact id: 'c774ce9c9ca6421671407d901a56cc2e') in 0.046922 seconds
  Import took 0.062573 seconds .

========================================================================
Received Import Request.
  Time since last request: 0.000425 seconds.
  path: Assets/Mod Assets/3DProps/AncientProps/Pillar.fbx
  artifactKey: Guid(44e1bc51d0853468d8baf487909db950) Importer(815301076,1909f56bfc062723c751e8b465ee728b)
Start importing Assets/Mod Assets/3DProps/AncientProps/Pillar.fbx using Guid(44e1bc51d0853468d8baf487909db950) Importer(815301076,1909f56bfc062723c751e8b465ee728b)  -> (artifact id: '011e5dfec34fbe8cee4d19de10f29956') in 0.078599 seconds
  Import took 0.089372 seconds .

========================================================================
Received Import Request.
  Time since last request: 0.000707 seconds.
  path: Assets/Karting/Animations/Player/PlayerLeft.FBX
  artifactKey: Guid(1c78222edbf3c0f4280c1289cc46f053) Importer(815301076,1909f56bfc062723c751e8b465ee728b)
Start importing Assets/Karting/Animations/Player/PlayerLeft.FBX using Guid(1c78222edbf3c0f4280c1289cc46f053) Importer(815301076,1909f56bfc062723c751e8b465ee728b)  -> (artifact id: 'd8bb74e7007c1855513280a8872d9314') in 0.084427 seconds
  Import took 0.092031 seconds .

========================================================================
Received Import Request.
  Time since last request: 0.000338 seconds.
  path: Assets/Karting/Animations/Player/PlayerIdle.FBX
  artifactKey: Guid(078f73b46517318428ecaf8e7207124c) Importer(815301076,1909f56bfc062723c751e8b465ee728b)
Start importing Assets/Karting/Animations/Player/PlayerIdle.FBX using Guid(078f73b46517318428ecaf8e7207124c) Importer(815301076,1909f56bfc062723c751e8b465ee728b)  -> (artifact id: '387a9e3ddbe027dbe6907ecdd86d0b23') in 0.085898 seconds
  Import took 0.094214 seconds .

========================================================================
Received Import Request.
  Time since last request: 0.000246 seconds.
  path: Assets/Mod Assets/3DProps/NatureProps/PalmTree.fbx
  artifactKey: Guid(ae36130ee9b994114b35ece84c158fdc) Importer(815301076,1909f56bfc062723c751e8b465ee728b)
Start importing Assets/Mod Assets/3DProps/NatureProps/PalmTree.fbx using Guid(ae36130ee9b994114b35ece84c158fdc) Importer(815301076,1909f56bfc062723c751e8b465ee728b)  -> (artifact id: 'f04f8d8d98dacf41078fffea216b366d') in 0.119687 seconds
  Import took 0.125575 seconds .

========================================================================
Received Import Request.
  Time since last request: 0.000315 seconds.
  path: Assets/Mod Assets/ModResources/HatMeshes/PartyHatMesh.fbx
  artifactKey: Guid(34a2d77e69c9248c09fea2bd77090468) Importer(815301076,1909f56bfc062723c751e8b465ee728b)
Start importing Assets/Mod Assets/ModResources/HatMeshes/PartyHatMesh.fbx using Guid(34a2d77e69c9248c09fea2bd77090468) Importer(815301076,1909f56bfc062723c751e8b465ee728b)  -> (artifact id: 'fdcd0ebbd46a2125d1c947b2794d1da8') in 0.059536 seconds
  Import took 0.071324 seconds .

========================================================================
Received Import Request.
  Time since last request: 0.004951 seconds.
  path: Assets/Karting/Animations/Player/PlayerJump.FBX
  artifactKey: Guid(9f825f613a00f714dae086f20a4a4171) Importer(815301076,1909f56bfc062723c751e8b465ee728b)
Start importing Assets/Karting/Animations/Player/PlayerJump.FBX using Guid(9f825f613a00f714dae086f20a4a4171) Importer(815301076,1909f56bfc062723c751e8b465ee728b)  -> (artifact id: 'e97e851e7358820656fb029126a9bec7') in 0.065971 seconds
  Import took 0.083515 seconds .

========================================================================
Received Import Request.
  Time since last request: 0.003414 seconds.
  path: Assets/Mod Assets/3DProps/AncientProps/Pyramid.fbx
  artifactKey: Guid(855be228fb4e849aea507dabde98fbff) Importer(815301076,1909f56bfc062723c751e8b465ee728b)
Start importing Assets/Mod Assets/3DProps/AncientProps/Pyramid.fbx using Guid(855be228fb4e849aea507dabde98fbff) Importer(815301076,1909f56bfc062723c751e8b465ee728b)  -> (artifact id: 'ce94e5549d154fcebdf04ecd6729eab6') in 0.068595 seconds
  Import took 0.097106 seconds .

========================================================================
Received Import Request.
  Time since last request: 0.000961 seconds.
  path: Assets/Mod Assets/3DProps/SpaceProps/Rocket.fbx
  artifactKey: Guid(b698994a5dd674ee3997e51d3474a09f) Importer(815301076,1909f56bfc062723c751e8b465ee728b)
Start importing Assets/Mod Assets/3DProps/SpaceProps/Rocket.fbx using Guid(b698994a5dd674ee3997e51d3474a09f) Importer(815301076,1909f56bfc062723c751e8b465ee728b)  -> (artifact id: 'efb62db438bcb4e809f6e5255772d281') in 0.119568 seconds
  Import took 0.134728 seconds .

========================================================================
Received Import Request.
  Time since last request: 0.000318 seconds.
  path: Assets/Karting/Art/Models/TrackCurveMedium.fbx
  artifactKey: Guid(cf8b46f3b71641b42b2e8cf974e9c644) Importer(815301076,1909f56bfc062723c751e8b465ee728b)
Start importing Assets/Karting/Art/Models/TrackCurveMedium.fbx using Guid(cf8b46f3b71641b42b2e8cf974e9c644) Importer(815301076,1909f56bfc062723c751e8b465ee728b)  -> (artifact id: '4782a47118df12e5be696a33fbcee331') in 0.084019 seconds
  Import took 0.114294 seconds .

========================================================================
Received Import Request.
  Time since last request: 0.000285 seconds.
  path: Assets/Karting/Art/Models/TrackStraightShortMeshColliderGround.fbx
  artifactKey: Guid(c26a2ada60c256142a8586788911a9ce) Importer(815301076,1909f56bfc062723c751e8b465ee728b)
Start importing Assets/Karting/Art/Models/TrackStraightShortMeshColliderGround.fbx using Guid(c26a2ada60c256142a8586788911a9ce) Importer(815301076,1909f56bfc062723c751e8b465ee728b)  -> (artifact id: '291c6cd2afbae38a489e3bd90b9d3bb5') in 0.061691 seconds
  Import took 0.073504 seconds .

========================================================================
Received Import Request.
  Time since last request: 0.001342 seconds.
  path: Assets/Karting/Art/Models/TrackCurveBig.fbx
  artifactKey: Guid(ea8028981c410bd43a9a7467f73c6591) Importer(815301076,1909f56bfc062723c751e8b465ee728b)
Start importing Assets/Karting/Art/Models/TrackCurveBig.fbx using Guid(ea8028981c410bd43a9a7467f73c6591) Importer(815301076,1909f56bfc062723c751e8b465ee728b)  -> (artifact id: '8e7abd8015d5ea971b4d0bcbd082a7db') in 0.109824 seconds
  Import took 0.129060 seconds .

========================================================================
Received Import Request.
  Time since last request: 0.000561 seconds.
  path: Assets/Karting/Art/Models/TrackStraightShort.fbx
  artifactKey: Guid(c536be666f60a094ca84fdea79a89adb) Importer(815301076,1909f56bfc062723c751e8b465ee728b)
Start importing Assets/Karting/Art/Models/TrackStraightShort.fbx using Guid(c536be666f60a094ca84fdea79a89adb) Importer(815301076,1909f56bfc062723c751e8b465ee728b)  -> (artifact id: '5bda1344bfdd2e4bd90644c95eec6cb8') in 0.099761 seconds
  Import took 0.109164 seconds .

========================================================================
Received Import Request.
  Time since last request: 0.000233 seconds.
  path: Assets/Karting/Art/Models/TrackToCamber.fbx
  artifactKey: Guid(d64d45aad01a61a419213469c5e6094b) Importer(815301076,1909f56bfc062723c751e8b465ee728b)
Start importing Assets/Karting/Art/Models/TrackToCamber.fbx using Guid(d64d45aad01a61a419213469c5e6094b) Importer(815301076,1909f56bfc062723c751e8b465ee728b)  -> (artifact id: 'fe302ec5d3cf33a0e195badf137a4eac') in 0.092514 seconds
  Import took 0.099656 seconds .

========================================================================
Received Import Request.
  Time since last request: 0.000291 seconds.
  path: Assets/Karting/Art/Models/TrackCurveMediumMeshColliderGround.fbx
  artifactKey: Guid(4dab2a37e1d72794cbd731aacb7847dd) Importer(815301076,1909f56bfc062723c751e8b465ee728b)
Start importing Assets/Karting/Art/Models/TrackCurveMediumMeshColliderGround.fbx using Guid(4dab2a37e1d72794cbd731aacb7847dd) Importer(815301076,1909f56bfc062723c751e8b465ee728b)  -> (artifact id: 'b9b8eecfa0ef4515d2ba2b3ecf763dc9') in 0.054667 seconds
  Import took 0.067875 seconds .

========================================================================
Received Import Request.
  Time since last request: 0.000439 seconds.
  path: Assets/Karting/Art/Models/TrackToCamberMeshColliderGround.fbx
  artifactKey: Guid(ee53d570b8e99754889811c75e57f688) Importer(815301076,1909f56bfc062723c751e8b465ee728b)
Start importing Assets/Karting/Art/Models/TrackToCamberMeshColliderGround.fbx using Guid(ee53d570b8e99754889811c75e57f688) Importer(815301076,1909f56bfc062723c751e8b465ee728b)  -> (artifact id: '7be96b80877b6c15451f603a101f35e0') in 0.062123 seconds
  Import took 0.102395 seconds .

========================================================================
Received Import Request.
  Time since last request: 0.001341 seconds.
  path: Assets/Karting/Art/Models/TrackCurveBigMeshColliderWalls.fbx
  artifactKey: Guid(844655fa88a548c4badc07cc3d5c09e8) Importer(815301076,1909f56bfc062723c751e8b465ee728b)
Start importing Assets/Karting/Art/Models/TrackCurveBigMeshColliderWalls.fbx using Guid(844655fa88a548c4badc07cc3d5c09e8) Importer(815301076,1909f56bfc062723c751e8b465ee728b)  -> (artifact id: '8c4ef650b4b24b5153e0c2f8f60ec397') in 0.084165 seconds
  Import took 0.096698 seconds .

========================================================================
Received Import Request.
  Time since last request: 0.001133 seconds.
  path: Assets/Mod Assets/ModResources/HatMeshes/WizardHatMesh.fbx
  artifactKey: Guid(41fa7087e84034b719aeb52d1260a81b) Importer(815301076,1909f56bfc062723c751e8b465ee728b)
Start importing Assets/Mod Assets/ModResources/HatMeshes/WizardHatMesh.fbx using Guid(41fa7087e84034b719aeb52d1260a81b) Importer(815301076,1909f56bfc062723c751e8b465ee728b)  -> (artifact id: 'ececfc11074371ddefa3caa5090e911e') in 0.079395 seconds
  Import took 0.090782 seconds .

========================================================================
Received Import Request.
  Time since last request: 0.000343 seconds.
  path: Assets/Karting/Art/Models/TrackCurveBigMeshColliderGround.fbx
  artifactKey: Guid(e7dd2bb6af3d71e419b224eeb9a39dd5) Importer(815301076,1909f56bfc062723c751e8b465ee728b)
Start importing Assets/Karting/Art/Models/TrackCurveBigMeshColliderGround.fbx using Guid(e7dd2bb6af3d71e419b224eeb9a39dd5) Importer(815301076,1909f56bfc062723c751e8b465ee728b)  -> (artifact id: '6a110972753ad72eff4d057a30f8e132') in 0.074976 seconds
  Import took 0.086128 seconds .

========================================================================
Received Import Request.
  Time since last request: 0.000336 seconds.
  path: Assets/Mod Assets/3DProps/SpaceProps/SatelliteDish.fbx
  artifactKey: Guid(1b5c4d63f30c047a6b5e593599a27c13) Importer(815301076,1909f56bfc062723c751e8b465ee728b)
Start importing Assets/Mod Assets/3DProps/SpaceProps/SatelliteDish.fbx using Guid(1b5c4d63f30c047a6b5e593599a27c13) Importer(815301076,1909f56bfc062723c751e8b465ee728b)  -> (artifact id: '3418ef41cd6050c5efab3d140bdb7e15') in 0.071292 seconds
  Import took 0.118666 seconds .

========================================================================
Received Import Request.
  Time since last request: 0.000434 seconds.
  path: Assets/Karting/Art/Models/TrackCamberMeshColliderWalls.fbx
  artifactKey: Guid(f5a44503c018d324580820af937c9987) Importer(815301076,1909f56bfc062723c751e8b465ee728b)
Start importing Assets/Karting/Art/Models/TrackCamberMeshColliderWalls.fbx using Guid(f5a44503c018d324580820af937c9987) Importer(815301076,1909f56bfc062723c751e8b465ee728b)  -> (artifact id: '9cb190ea7724dc352102c5a95d1a345a') in 0.107818 seconds
  Import took 0.122615 seconds .

========================================================================
Received Import Request.
  Time since last request: 0.000253 seconds.
  path: Assets/Karting/Art/Models/TrackCurveMediumMeshColliderWalls.fbx
  artifactKey: Guid(9d5b4d3ee36fe2248b8f8178ea494662) Importer(815301076,1909f56bfc062723c751e8b465ee728b)
Start importing Assets/Karting/Art/Models/TrackCurveMediumMeshColliderWalls.fbx using Guid(9d5b4d3ee36fe2248b8f8178ea494662) Importer(815301076,1909f56bfc062723c751e8b465ee728b)  -> (artifact id: '96ec2eec2ed104ff5ef8f4861ce0740a') in 0.159296 seconds
  Import took 0.174765 seconds .

========================================================================
Received Import Request.
  Time since last request: 0.000791 seconds.
  path: Assets/Karting/Art/Models/TrackCamberMeshColliderGround.fbx
  artifactKey: Guid(74fd08689db02b94a8cac89c8bb7f35c) Importer(815301076,1909f56bfc062723c751e8b465ee728b)
Start importing Assets/Karting/Art/Models/TrackCamberMeshColliderGround.fbx using Guid(74fd08689db02b94a8cac89c8bb7f35c) Importer(815301076,1909f56bfc062723c751e8b465ee728b)  -> (artifact id: '7cd32b464b27d43d25bc71bcc39e5dc1') in 0.104304 seconds
  Import took 0.125200 seconds .

========================================================================
Received Import Request.
  Time since last request: 0.000275 seconds.
  path: Assets/Karting/Art/Models/TrackStraightShortMeshColliderWalls.fbx
  artifactKey: Guid(71fb4b36fc973904c8f15d164c0e48ae) Importer(815301076,1909f56bfc062723c751e8b465ee728b)
Start importing Assets/Karting/Art/Models/TrackStraightShortMeshColliderWalls.fbx using Guid(71fb4b36fc973904c8f15d164c0e48ae) Importer(815301076,1909f56bfc062723c751e8b465ee728b)  -> (artifact id: 'cde6708b000b05a24ace5c95e333c595') in 0.092833 seconds
  Import took 0.105773 seconds .

========================================================================
Received Import Request.
  Time since last request: 0.000323 seconds.
  path: Assets/Karting/Art/Models/TrackCamberCurveMeshColliderWalls.fbx
  artifactKey: Guid(7d98a46148b6a8843ac25d814f897473) Importer(815301076,1909f56bfc062723c751e8b465ee728b)
Start importing Assets/Karting/Art/Models/TrackCamberCurveMeshColliderWalls.fbx using Guid(7d98a46148b6a8843ac25d814f897473) Importer(815301076,1909f56bfc062723c751e8b465ee728b)  -> (artifact id: 'fcc6c268b314ab8acaa2cc8af449f59b') in 0.093978 seconds
  Import took 0.103255 seconds .

========================================================================
Received Import Request.
  Time since last request: 0.000551 seconds.
  path: Assets/Karting/Art/Models/TrackCurveSmallMeshColliderGround.fbx
  artifactKey: Guid(7a12252bdee88de449f5e72aa3547da4) Importer(815301076,1909f56bfc062723c751e8b465ee728b)
Start importing Assets/Karting/Art/Models/TrackCurveSmallMeshColliderGround.fbx using Guid(7a12252bdee88de449f5e72aa3547da4) Importer(815301076,1909f56bfc062723c751e8b465ee728b)  -> (artifact id: '0674029ebbe454a5013dddff9397fd72') in 0.081654 seconds
  Import took 0.093517 seconds .

========================================================================
Received Import Request.
  Time since last request: 0.000403 seconds.
  path: Assets/Karting/Art/Models/TreeBox.fbx
  artifactKey: Guid(9f1e50f73a529a448b004add5bec5d80) Importer(815301076,1909f56bfc062723c751e8b465ee728b)
Start importing Assets/Karting/Art/Models/TreeBox.fbx using Guid(9f1e50f73a529a448b004add5bec5d80) Importer(815301076,1909f56bfc062723c751e8b465ee728b)  -> (artifact id: '6cfb5babfd2b6aabc422682a3c0f945b') in 0.052716 seconds
  Import took 0.076182 seconds .

========================================================================
Received Import Request.
  Time since last request: 0.000631 seconds.
  path: Assets/Karting/Art/Models/TrackCurveSmall.fbx
  artifactKey: Guid(6aba5d5cbbb6df346ba45c2991fcaf00) Importer(815301076,1909f56bfc062723c751e8b465ee728b)
Start importing Assets/Karting/Art/Models/TrackCurveSmall.fbx using Guid(6aba5d5cbbb6df346ba45c2991fcaf00) Importer(815301076,1909f56bfc062723c751e8b465ee728b)  -> (artifact id: '68f15869750d73bfbdcfb8389a93c86e') in 0.089884 seconds
  Import took 0.097344 seconds .

========================================================================
Received Import Request.
  Time since last request: 0.000255 seconds.
  path: Assets/Mod Assets/ModResources/SpeedArrow.fbx
  artifactKey: Guid(304e2fac27c3c42fc9b584187f281fcb) Importer(815301076,1909f56bfc062723c751e8b465ee728b)
Start importing Assets/Mod Assets/ModResources/SpeedArrow.fbx using Guid(304e2fac27c3c42fc9b584187f281fcb) Importer(815301076,1909f56bfc062723c751e8b465ee728b)  -> (artifact id: '4b739b5f8ecbecf66893f3526dca10a7') in 0.061526 seconds
  Import took 0.073730 seconds .

========================================================================
Received Import Request.
  Time since last request: 0.000257 seconds.
  path: Assets/Karting/Art/Models/TrackCurveSmallMeshColliderWalls.fbx
  artifactKey: Guid(c9da9a4eb5561534cb8d191a9e1d31da) Importer(815301076,1909f56bfc062723c751e8b465ee728b)
Start importing Assets/Karting/Art/Models/TrackCurveSmallMeshColliderWalls.fbx using Guid(c9da9a4eb5561534cb8d191a9e1d31da) Importer(815301076,1909f56bfc062723c751e8b465ee728b)  -> (artifact id: '67e47974a177027663d0d5bdaa28f932') in 0.049600 seconds
  Import took 0.066829 seconds .

========================================================================
Received Import Request.
  Time since last request: 0.000368 seconds.
  path: Assets/Karting/Art/Models/TrackToCamberMeshColliderWalls.fbx
  artifactKey: Guid(caf6e7e523c6b9a44896f63539e75677) Importer(815301076,1909f56bfc062723c751e8b465ee728b)
Start importing Assets/Karting/Art/Models/TrackToCamberMeshColliderWalls.fbx using Guid(caf6e7e523c6b9a44896f63539e75677) Importer(815301076,1909f56bfc062723c751e8b465ee728b)  -> (artifact id: '102afa83325fe67bd0b6ef0b8f4c27cd') in 0.063706 seconds
  Import took 0.079572 seconds .

========================================================================
Received Import Request.
  Time since last request: 0.000321 seconds.
  path: Assets/Karting/Art/Models/TreeRound.FBX
  artifactKey: Guid(dca6189290e8c16479a364fa6d80b6b8) Importer(815301076,1909f56bfc062723c751e8b465ee728b)
Start importing Assets/Karting/Art/Models/TreeRound.FBX using Guid(dca6189290e8c16479a364fa6d80b6b8) Importer(815301076,1909f56bfc062723c751e8b465ee728b)  -> (artifact id: '41d7d850caed06a3b417413a3738f93e') in 0.050750 seconds
  Import took 0.065706 seconds .

========================================================================
Received Import Request.
  Time since last request: 16.502499 seconds.
  path: Assets/Mod Assets/ModResources/Fonts/Bangers-Regular SDF.asset
  artifactKey: Guid(0e141b3397d234c8685509c5d77ebcf1) Importer(815301076,1909f56bfc062723c751e8b465ee728b)
Start importing Assets/Mod Assets/ModResources/Fonts/Bangers-Regular SDF.asset using Guid(0e141b3397d234c8685509c5d77ebcf1) Importer(815301076,1909f56bfc062723c751e8b465ee728b)  -> (artifact id: '771ada84ca65e722d8ac70e0d3f49329') in 0.042327 seconds
  Import took 0.049987 seconds .

========================================================================
Received Import Request.
  Time since last request: 0.000242 seconds.
  path: Assets/Mod Assets/ModResources/BillboardMaterials/Billboard Content.mat
  artifactKey: Guid(ba793090d6ae148e9a8a50996460f4f1) Importer(815301076,1909f56bfc062723c751e8b465ee728b)
Start importing Assets/Mod Assets/ModResources/BillboardMaterials/Billboard Content.mat using Guid(ba793090d6ae148e9a8a50996460f4f1) Importer(815301076,1909f56bfc062723c751e8b465ee728b)  -> (artifact id: '6fffdaf1e152dcca4a1b1c470cea12fd') in 0.025641 seconds
  Import took 0.033457 seconds .

========================================================================
Received Import Request.
  Time since last request: 0.000244 seconds.
  path: Assets/Mod Assets/Kart/Custom Materials/Basic Red.mat
  artifactKey: Guid(6487fdefd669d4dbc91709a177cd4b93) Importer(815301076,1909f56bfc062723c751e8b465ee728b)
Start importing Assets/Mod Assets/Kart/Custom Materials/Basic Red.mat using Guid(6487fdefd669d4dbc91709a177cd4b93) Importer(815301076,1909f56bfc062723c751e8b465ee728b)  -> (artifact id: '09692c17918fb5fe77fdcaf5ebb02dfe') in 0.031085 seconds
  Import took 0.046491 seconds .

========================================================================
Received Import Request.
  Time since last request: 0.000613 seconds.
  path: Assets/Mod Assets/ModResources/Fonts/CormorantUnicase-Regular SDF.asset
  artifactKey: Guid(ba62bccd3bc0142bc9a0bc1addeaadce) Importer(815301076,1909f56bfc062723c751e8b465ee728b)
Start importing Assets/Mod Assets/ModResources/Fonts/CormorantUnicase-Regular SDF.asset using Guid(ba62bccd3bc0142bc9a0bc1addeaadce) Importer(815301076,1909f56bfc062723c751e8b465ee728b)  -> (artifact id: '109cdfe22b56447a0efe05883d8f8a39') in 0.046279 seconds
  Import took 0.066481 seconds .

========================================================================
Received Import Request.
  Time since last request: 0.000655 seconds.
  path: Packages/com.unity.probuilder/Content/Resources/Materials/FacePicker.mat
  artifactKey: Guid(5695904020f064fdab5ad265b274a616) Importer(815301076,1909f56bfc062723c751e8b465ee728b)
Start importing Packages/com.unity.probuilder/Content/Resources/Materials/FacePicker.mat using Guid(5695904020f064fdab5ad265b274a616) Importer(815301076,1909f56bfc062723c751e8b465ee728b)  -> (artifact id: '9a2c778cf3773dba80381ca394cb1401') in 0.037381 seconds
  Import took 0.049861 seconds .

========================================================================
Received Import Request.
  Time since last request: 0.000358 seconds.
  path: Assets/Mod Assets/Kart/Custom Materials/Basic Green.mat
  artifactKey: Guid(85a5f987437cc4794b97b153a23d7ccb) Importer(815301076,1909f56bfc062723c751e8b465ee728b)
Start importing Assets/Mod Assets/Kart/Custom Materials/Basic Green.mat using Guid(85a5f987437cc4794b97b153a23d7ccb) Importer(815301076,1909f56bfc062723c751e8b465ee728b)  -> (artifact id: '825e414f9c249c7d6b7d4fa5694b04e4') in 0.020431 seconds
  Import took 0.031027 seconds .

========================================================================
Received Import Request.
  Time since last request: 0.000324 seconds.
  path: Assets/Mod Assets/ModResources/BillboardMaterials/Billboard Frame.mat
  artifactKey: Guid(190c04ee61aaa410e8650f7fc1ce7f41) Importer(815301076,1909f56bfc062723c751e8b465ee728b)
Start importing Assets/Mod Assets/ModResources/BillboardMaterials/Billboard Frame.mat using Guid(190c04ee61aaa410e8650f7fc1ce7f41) Importer(815301076,1909f56bfc062723c751e8b465ee728b)  -> (artifact id: 'd365e079d9b0a76da51ffebaddb917a0') in 0.043907 seconds
  Import took 0.052660 seconds .

========================================================================
Received Import Request.
  Time since last request: 0.000245 seconds.
  path: Assets/Mod Assets/Kart/Custom Materials/Basic Blue.mat
  artifactKey: Guid(de7902ac5f1ca46b9894eae94bfe5e58) Importer(815301076,1909f56bfc062723c751e8b465ee728b)
Start importing Assets/Mod Assets/Kart/Custom Materials/Basic Blue.mat using Guid(de7902ac5f1ca46b9894eae94bfe5e58) Importer(815301076,1909f56bfc062723c751e8b465ee728b)  -> (artifact id: '882cd92726d122aa181f2aca96f31765') in 0.036051 seconds
  Import took 0.057099 seconds .

========================================================================
Received Import Request.
  Time since last request: 0.001113 seconds.
  path: Packages/com.unity.probuilder/Content/Resources/Materials/EdgePickerHDRP.mat
  artifactKey: Guid(980c24c5a501a9a429356d191ad356a9) Importer(815301076,1909f56bfc062723c751e8b465ee728b)
Start importing Packages/com.unity.probuilder/Content/Resources/Materials/EdgePickerHDRP.mat using Guid(980c24c5a501a9a429356d191ad356a9) Importer(815301076,1909f56bfc062723c751e8b465ee728b)  -> (artifact id: 'ed95380a2c8cea4d537b3ce83f77b135') in 0.024941 seconds
  Import took 0.041296 seconds .

========================================================================
Received Import Request.
  Time since last request: 0.000324 seconds.
  path: Assets/Mod Assets/ModResources/TrailMaterials/FireTrailMaterial.mat
  artifactKey: Guid(1cdc620dc87bd45acbd2dfd2cc6560eb) Importer(815301076,1909f56bfc062723c751e8b465ee728b)
Start importing Assets/Mod Assets/ModResources/TrailMaterials/FireTrailMaterial.mat using Guid(1cdc620dc87bd45acbd2dfd2cc6560eb) Importer(815301076,1909f56bfc062723c751e8b465ee728b)  -> (artifact id: '164652e1f4e7baaffedd8a953bd5c774') in 0.192149 seconds
  Import took 0.199386 seconds .

========================================================================
Received Import Request.
  Time since last request: 0.000223 seconds.
  path: Assets/Mod Assets/Kart/Custom Materials/Basic White.mat
  artifactKey: Guid(80aca137a2109463fb6c86f09a521374) Importer(815301076,1909f56bfc062723c751e8b465ee728b)
Start importing Assets/Mod Assets/Kart/Custom Materials/Basic White.mat using Guid(80aca137a2109463fb6c86f09a521374) Importer(815301076,1909f56bfc062723c751e8b465ee728b)  -> (artifact id: '5ee6efd00f47a7058edd025b1aabfa14') in 0.022293 seconds
  Import took 0.030416 seconds .

========================================================================
Received Import Request.
  Time since last request: 0.000237 seconds.
  path: Assets/Karting/Art/Materials/Level/Default.mat
  artifactKey: Guid(5771eb136bbe5f44ca09b5fc7d1ba8fa) Importer(815301076,1909f56bfc062723c751e8b465ee728b)
Start importing Assets/Karting/Art/Materials/Level/Default.mat using Guid(5771eb136bbe5f44ca09b5fc7d1ba8fa) Importer(815301076,1909f56bfc062723c751e8b465ee728b)  -> (artifact id: '72accaa0290a61631f9e1f7dfb480e3f') in 0.238499 seconds
  Import took 0.244988 seconds .

========================================================================
Received Import Request.
  Time since last request: 0.000345 seconds.
  path: Packages/com.unity.probuilder/Content/Resources/Materials/Collider.mat
  artifactKey: Guid(bbb235fff4f48426b863b36058ab66d2) Importer(815301076,1909f56bfc062723c751e8b465ee728b)
Start importing Packages/com.unity.probuilder/Content/Resources/Materials/Collider.mat using Guid(bbb235fff4f48426b863b36058ab66d2) Importer(815301076,1909f56bfc062723c751e8b465ee728b)  -> (artifact id: 'af232c80d317faecda9ebced829543fc') in 0.127936 seconds
  Import took 0.141100 seconds .

========================================================================
Received Import Request.
  Time since last request: 0.000274 seconds.
  path: Packages/com.unity.probuilder/Content/Resources/Materials/EdgePicker.mat
  artifactKey: Guid(4ff996e3a0a5743a3987ab6231160665) Importer(815301076,1909f56bfc062723c751e8b465ee728b)
Start importing Packages/com.unity.probuilder/Content/Resources/Materials/EdgePicker.mat using Guid(4ff996e3a0a5743a3987ab6231160665) Importer(815301076,1909f56bfc062723c751e8b465ee728b)  -> (artifact id: '67944104b505b9edfbe584efb51df451') in 0.036925 seconds
  Import took 0.057112 seconds .

========================================================================
Received Import Request.
  Time since last request: 0.000931 seconds.
  path: Packages/com.unity.probuilder/Content/Material/Checker.mat
  artifactKey: Guid(4717b199010ca4cb3a8a7a465ec457d2) Importer(815301076,1909f56bfc062723c751e8b465ee728b)
Start importing Packages/com.unity.probuilder/Content/Material/Checker.mat using Guid(4717b199010ca4cb3a8a7a465ec457d2) Importer(815301076,1909f56bfc062723c751e8b465ee728b)  -> (artifact id: '0e101c652414986cd702fc3da768e5c3') in 0.030065 seconds
  Import took 0.040740 seconds .

========================================================================
Received Import Request.
  Time since last request: 0.000256 seconds.
  path: Assets/Karting/Art/Materials/VFX/Beam.mat
  artifactKey: Guid(244044ffce533c040abcdd125591b6fd) Importer(815301076,1909f56bfc062723c751e8b465ee728b)
Start importing Assets/Karting/Art/Materials/VFX/Beam.mat using Guid(244044ffce533c040abcdd125591b6fd) Importer(815301076,1909f56bfc062723c751e8b465ee728b)  -> (artifact id: 'cc0a6e7dfa7140bf3c1c9d361b017ce8') in 0.099969 seconds
  Import took 0.121703 seconds .

========================================================================
Received Import Request.
  Time since last request: 0.000493 seconds.
  path: Assets/Karting/Art/Materials/Props/Checkpoint.mat
  artifactKey: Guid(9168b1bbaf2253e4c819e2b6304463b1) Importer(815301076,1909f56bfc062723c751e8b465ee728b)
Start importing Assets/Karting/Art/Materials/Props/Checkpoint.mat using Guid(9168b1bbaf2253e4c819e2b6304463b1) Importer(815301076,1909f56bfc062723c751e8b465ee728b)  -> (artifact id: 'a145f36d408ff0c3d18be9c5b3bf99f4') in 0.034362 seconds
  Import took 0.043349 seconds .

========================================================================
Received Import Request.
  Time since last request: 0.000232 seconds.
  path: Assets/Karting/Art/Materials/VFX/Beam.mat
  artifactKey: Guid(244044ffce533c040abcdd125591b6fd) Importer(815301076,1909f56bfc062723c751e8b465ee728b)
Start importing Assets/Karting/Art/Materials/VFX/Beam.mat using Guid(244044ffce533c040abcdd125591b6fd) Importer(815301076,1909f56bfc062723c751e8b465ee728b)  -> (artifact id: 'cc0a6e7dfa7140bf3c1c9d361b017ce8') in 0.032239 seconds
  Import took 0.046369 seconds .

========================================================================
Received Import Request.
  Time since last request: 0.000754 seconds.
  path: Assets/Karting/Art/Materials/Level/Cloud.mat
  artifactKey: Guid(148eef3fd1efb4869a34ac3d7cf100cc) Importer(815301076,1909f56bfc062723c751e8b465ee728b)
Start importing Assets/Karting/Art/Materials/Level/Cloud.mat using Guid(148eef3fd1efb4869a34ac3d7cf100cc) Importer(815301076,1909f56bfc062723c751e8b465ee728b)  -> (artifact id: '456823e3e5860904b8f417e94a5989ef') in 0.016977 seconds
  Import took 0.026905 seconds .

========================================================================
Received Import Request.
  Time since last request: 0.000311 seconds.
  path: Assets/Mod Assets/ModResources/Fonts/BioRhymeExpanded-Regular SDF.asset
  artifactKey: Guid(2d0aaede2506c4ca0969c32576224028) Importer(815301076,1909f56bfc062723c751e8b465ee728b)
Start importing Assets/Mod Assets/ModResources/Fonts/BioRhymeExpanded-Regular SDF.asset using Guid(2d0aaede2506c4ca0969c32576224028) Importer(815301076,1909f56bfc062723c751e8b465ee728b)  -> (artifact id: '59a76374ef3e5b6af2cc466d19e538b9') in 0.079450 seconds
  Import took 0.087536 seconds .

========================================================================
Received Import Request.
  Time since last request: 0.000349 seconds.
  path: Assets/Mod Assets/ModResources/Fonts/DancingScript-Regular SDF.asset
  artifactKey: Guid(7b50419dd5d254755b7929b05d413472) Importer(815301076,1909f56bfc062723c751e8b465ee728b)
Start importing Assets/Mod Assets/ModResources/Fonts/DancingScript-Regular SDF.asset using Guid(7b50419dd5d254755b7929b05d413472) Importer(815301076,1909f56bfc062723c751e8b465ee728b)  -> (artifact id: '1c211160a2f0cae73160a4bf9b085473') in 0.048997 seconds
  Import took 0.061055 seconds .

========================================================================
Received Import Request.
  Time since last request: 0.000349 seconds.
  path: Packages/com.unity.probuilder/Content/Resources/Materials/FacePickerHDRP.mat
  artifactKey: Guid(a53ef0dd76f2fe74eb5f43267d7c0195) Importer(815301076,1909f56bfc062723c751e8b465ee728b)
Start importing Packages/com.unity.probuilder/Content/Resources/Materials/FacePickerHDRP.mat using Guid(a53ef0dd76f2fe74eb5f43267d7c0195) Importer(815301076,1909f56bfc062723c751e8b465ee728b)  -> (artifact id: '7109a0a7c562f1a371529033c2e5c569') in 0.037843 seconds
  Import took 0.051145 seconds .

========================================================================
Received Import Request.
  Time since last request: 0.000275 seconds.
  path: Assets/Mod Assets/Kart/Custom Materials/Basic Black.mat
  artifactKey: Guid(dc263f8d5174d45c0a98e6489eca16c5) Importer(815301076,1909f56bfc062723c751e8b465ee728b)
Start importing Assets/Mod Assets/Kart/Custom Materials/Basic Black.mat using Guid(dc263f8d5174d45c0a98e6489eca16c5) Importer(815301076,1909f56bfc062723c751e8b465ee728b)  -> (artifact id: '647ab8e0421c4a1a898b5d1daa39eb9f') in 0.046787 seconds
  Import took 0.054280 seconds .

========================================================================
Received Import Request.
  Time since last request: 0.000359 seconds.
  path: Assets/Karting/Art/Materials/Level/CurvedRamp.mat
  artifactKey: Guid(ee7f46bd01c51304eb1c70ef2a97b5b9) Importer(815301076,1909f56bfc062723c751e8b465ee728b)
Start importing Assets/Karting/Art/Materials/Level/CurvedRamp.mat using Guid(ee7f46bd01c51304eb1c70ef2a97b5b9) Importer(815301076,1909f56bfc062723c751e8b465ee728b)  -> (artifact id: '83bc3115f7d4c01499737fe67f04aac9') in 0.030971 seconds
  Import took 0.046954 seconds .

========================================================================
Received Import Request.
  Time since last request: 0.001384 seconds.
  path: Assets/Karting/Art/Materials/Level/CurvedRamp.mat
  artifactKey: Guid(ee7f46bd01c51304eb1c70ef2a97b5b9) Importer(815301076,1909f56bfc062723c751e8b465ee728b)
Start importing Assets/Karting/Art/Materials/Level/CurvedRamp.mat using Guid(ee7f46bd01c51304eb1c70ef2a97b5b9) Importer(815301076,1909f56bfc062723c751e8b465ee728b)  -> (artifact id: '83bc3115f7d4c01499737fe67f04aac9') in 0.026924 seconds
  Import took 0.035064 seconds .

========================================================================
Received Import Request.
  Time since last request: 849.267984 seconds.
  path: Assets/Karting/Art/Materials/Kart_Classic
  artifactKey: Guid(052a31508aa9d0e4a96bccb90371abf3) Importer(815301076,1909f56bfc062723c751e8b465ee728b)
Start importing Assets/Karting/Art/Materials/Kart_Classic using Guid(052a31508aa9d0e4a96bccb90371abf3) Importer(815301076,1909f56bfc062723c751e8b465ee728b)  -> (artifact id: '09b8f518fd740f5304f2abfce0b304a4') in 0.008059 seconds
  Import took 0.033345 seconds .

========================================================================
Received Prepare
Registering precompiled user dll's ...
Registered in 0.008927 seconds.
Begin MonoManager ReloadAssembly
Native extension for WindowsStandalone target not found
Refreshing native plugins compatible for Editor in 0.73 ms, found 1 plugins.
Preloading 0 native plugins for Editor in 0.00 ms.
Warning: Annotation not found!
UnityEngine.StackTraceUtility:ExtractStackTrace ()
UnityEditor.ProBuilder.EditorUtility:SetGizmoIconEnabled (System.Type,bool) (at Library/PackageCache/com.unity.probuilder@4.5.0/Editor/EditorCore/EditorUtility.cs:593)
UnityEditor.ProBuilder.HierarchyListener:.cctor () (at Library/PackageCache/com.unity.probuilder@4.5.0/Editor/EditorCore/HierarchyListener.cs:21)
System.Runtime.CompilerServices.RuntimeHelpers:RunClassConstructor (System.RuntimeTypeHandle)
UnityEditor.EditorAssemblies:ProcessInitializeOnLoadAttributes (System.Type[])

[Library/PackageCache/com.unity.probuilder@4.5.0/Editor/EditorCore/EditorUtility.cs line 593]

Invoked RoslynAnalysisRunner static constructor.
RoslynAnalysisRunner will not be running.
RoslynAnalysisRunner has terminated.
Mono: successfully reloaded assembly
- Completed reload, in  1.542 seconds
Platform modules already initialized, skipping
Refreshing native plugins compatible for Editor in 0.77 ms, found 1 plugins.
Preloading 0 native plugins for Editor in 0.00 ms.
Unloading 2411 Unused Serialized files (Serialized files now loaded: 0)
System memory in use before: 117.1 MB.
System memory in use after: 117.3 MB.

Unloading 22 unused Assets to reduce memory usage. Loaded Objects now: 2972.
Total: 3.473200 ms (FindLiveObjects: 0.419400 ms CreateObjectMapping: 0.144200 ms MarkObjects: 2.807300 ms  DeleteObjects: 0.100600 ms)

AssetImportWorkerClient::OnTransportError - code=2 error=End of file
