Using pre-set license
Built from '2020.3/release' branch; Version is '2020.3.2f1 (8fd9074bf66c) revision 9427207'; Using compiler version '192528614'; Build Type 'Release'
OS: 'Windows 10 Home; OS build 19041.928; Version 2004; 64bit' Language: 'en' Physical Memory: 8026 MB
BatchMode: 1, IsHumanControllingUs: 0, StartBugReporterOnCrash: 0, Is64bit: 1, IsPro: 0

 COMMAND LINE ARGUMENTS:
C:\Program Files\Unity\Hub\Editor\2020.3.2f1\Editor\Unity.exe
-adb2
-batchMode
-noUpm
-name
AssetImportWorker0
-projectPath
C:/Users/thoma/OneDrive/Documents/Unity Karting Game/Karting Game
-logFile
Logs/AssetImportWorker0.log
-srvPort
63411
Successfully changed project path to: C:/Users/thoma/OneDrive/Documents/Unity Karting Game/Karting Game
C:/Users/thoma/OneDrive/Documents/Unity Karting Game/Karting Game
Using Asset Import Pipeline V2.
Refreshing native plugins compatible for Editor in 102.81 ms, found 1 plugins.
Preloading 0 native plugins for Editor in 0.00 ms.
Initialize engine version: 2020.3.2f1 (8fd9074bf66c)
[Subsystems] Discovering subsystems at path C:/Program Files/Unity/Hub/Editor/2020.3.2f1/Editor/Data/Resources/UnitySubsystems
[Subsystems] Discovering subsystems at path C:/Users/thoma/OneDrive/Documents/Unity Karting Game/Karting Game/Assets
GfxDevice: creating device client; threaded=0
Direct3D:
    Version:  Direct3D 11.0 [level 11.1]
    Renderer: Intel(R) UHD Graphics 620 (ID=0x5917)
    Vendor:   
    VRAM:     4013 MB
    Driver:   26.20.100.7926
Initialize mono
Mono path[0] = 'C:/Program Files/Unity/Hub/Editor/2020.3.2f1/Editor/Data/Managed'
Mono path[1] = 'C:/Program Files/Unity/Hub/Editor/2020.3.2f1/Editor/Data/MonoBleedingEdge/lib/mono/unityjit'
Mono config path = 'C:/Program Files/Unity/Hub/Editor/2020.3.2f1/Editor/Data/MonoBleedingEdge/etc'
Using monoOptions --debugger-agent=transport=dt_socket,embedding=1,server=y,suspend=n,address=127.0.0.1:56332
Begin MonoManager ReloadAssembly
Registering precompiled unity dll's ...
Register platform support module: C:/Program Files/Unity/Hub/Editor/2020.3.2f1/Editor/Data/PlaybackEngines/WindowsStandaloneSupport/UnityEditor.WindowsStandalone.Extensions.dll
Registered in 0.002962 seconds.
Native extension for WindowsStandalone target not found
Refreshing native plugins compatible for Editor in 223.54 ms, found 1 plugins.
Preloading 0 native plugins for Editor in 0.00 ms.
Invoked RoslynAnalysisRunner static constructor.
RoslynAnalysisRunner will not be running.
RoslynAnalysisRunner has terminated.
Mono: successfully reloaded assembly
- Completed reload, in  6.978 seconds
Platform modules already initialized, skipping
Registering precompiled user dll's ...
Registered in 0.014831 seconds.
Begin MonoManager ReloadAssembly
Native extension for WindowsStandalone target not found
Refreshing native plugins compatible for Editor in 101.61 ms, found 1 plugins.
Preloading 0 native plugins for Editor in 0.00 ms.
Invoked RoslynAnalysisRunner static constructor.
RoslynAnalysisRunner will not be running.
RoslynAnalysisRunner has terminated.
Mono: successfully reloaded assembly
- Completed reload, in  4.604 seconds
Platform modules already initialized, skipping
========================================================================
Worker process is ready to serve import requests
Launched and connected shader compiler UnityShaderCompiler.exe after 0.52 seconds
Refreshing native plugins compatible for Editor in 0.70 ms, found 1 plugins.
Preloading 0 native plugins for Editor in 0.00 ms.
Unloading 2487 Unused Serialized files (Serialized files now loaded: 0)
System memory in use before: 119.9 MB.
System memory in use after: 120.0 MB.

Unloading 126 unused Assets to reduce memory usage. Loaded Objects now: 2916.
Total: 59.870200 ms (FindLiveObjects: 1.618200 ms CreateObjectMapping: 1.682100 ms MarkObjects: 55.744200 ms  DeleteObjects: 0.821600 ms)

========================================================================
Received Import Request.
  path: Assets/Karting/Art/Materials/Kart_Classic/New Material.mat
  artifactKey: Guid(5b2b6454d1fa03446a805b39443273d0) Importer(815301076,1909f56bfc062723c751e8b465ee728b)
Start importing Assets/Karting/Art/Materials/Kart_Classic/New Material.mat using Guid(5b2b6454d1fa03446a805b39443273d0) Importer(815301076,1909f56bfc062723c751e8b465ee728b)  -> (artifact id: 'f961132e85a38dc8468682b7c4ef6d09') in 0.358115 seconds
  Import took 0.455455 seconds .

========================================================================
Received Prepare
Registering precompiled user dll's ...
Registered in 0.016410 seconds.
Begin MonoManager ReloadAssembly
Native extension for WindowsStandalone target not found
Refreshing native plugins compatible for Editor in 0.64 ms, found 1 plugins.
Preloading 0 native plugins for Editor in 0.00 ms.
Warning: Annotation not found!
UnityEngine.StackTraceUtility:ExtractStackTrace ()
UnityEditor.ProBuilder.EditorUtility:SetGizmoIconEnabled (System.Type,bool) (at Library/PackageCache/com.unity.probuilder@4.5.0/Editor/EditorCore/EditorUtility.cs:593)
UnityEditor.ProBuilder.HierarchyListener:.cctor () (at Library/PackageCache/com.unity.probuilder@4.5.0/Editor/EditorCore/HierarchyListener.cs:21)
System.Runtime.CompilerServices.RuntimeHelpers:RunClassConstructor (System.RuntimeTypeHandle)
UnityEditor.EditorAssemblies:ProcessInitializeOnLoadAttributes (System.Type[])

[Library/PackageCache/com.unity.probuilder@4.5.0/Editor/EditorCore/EditorUtility.cs line 593]

Invoked RoslynAnalysisRunner static constructor.
RoslynAnalysisRunner will not be running.
RoslynAnalysisRunner has terminated.
Mono: successfully reloaded assembly
- Completed reload, in  2.351 seconds
Platform modules already initialized, skipping
Refreshing native plugins compatible for Editor in 0.92 ms, found 1 plugins.
Preloading 0 native plugins for Editor in 0.00 ms.
Unloading 2411 Unused Serialized files (Serialized files now loaded: 0)
System memory in use before: 116.1 MB.
System memory in use after: 116.3 MB.

Unloading 20 unused Assets to reduce memory usage. Loaded Objects now: 2960.
Total: 37.420700 ms (FindLiveObjects: 4.907000 ms CreateObjectMapping: 2.049900 ms MarkObjects: 26.966700 ms  DeleteObjects: 3.493600 ms)

========================================================================
Received Import Request.
  Time since last request: 703.895398 seconds.
  path: Assets/Karting/Art/Materials/Kart_Classic/New Material 1.mat
  artifactKey: Guid(98af4fda8dc0b2049bdfec8a107da05c) Importer(815301076,1909f56bfc062723c751e8b465ee728b)
Start importing Assets/Karting/Art/Materials/Kart_Classic/New Material 1.mat using Guid(98af4fda8dc0b2049bdfec8a107da05c) Importer(815301076,1909f56bfc062723c751e8b465ee728b)  -> (artifact id: 'dd6820683c9cddf71f676e2fd2e551c7') in 0.123334 seconds
  Import took 0.147055 seconds .

========================================================================
Received Import Request.
  Time since last request: 118.214609 seconds.
  path: Assets/Karting/Art/Materials/Kart_Classic/New Material 2.mat
  artifactKey: Guid(749c388bbf065a24c8109d3bc6d9aceb) Importer(815301076,1909f56bfc062723c751e8b465ee728b)
Start importing Assets/Karting/Art/Materials/Kart_Classic/New Material 2.mat using Guid(749c388bbf065a24c8109d3bc6d9aceb) Importer(815301076,1909f56bfc062723c751e8b465ee728b)  -> (artifact id: 'f6edccde55debda50ef35994d493d6ed') in 0.029152 seconds
  Import took 0.053730 seconds .

========================================================================
Received Prepare
Registering precompiled user dll's ...
Registered in 0.022736 seconds.
Begin MonoManager ReloadAssembly
Native extension for WindowsStandalone target not found
Refreshing native plugins compatible for Editor in 0.71 ms, found 1 plugins.
Preloading 0 native plugins for Editor in 0.00 ms.
Warning: Annotation not found!
UnityEngine.StackTraceUtility:ExtractStackTrace ()
UnityEditor.ProBuilder.EditorUtility:SetGizmoIconEnabled (System.Type,bool) (at Library/PackageCache/com.unity.probuilder@4.5.0/Editor/EditorCore/EditorUtility.cs:593)
UnityEditor.ProBuilder.HierarchyListener:.cctor () (at Library/PackageCache/com.unity.probuilder@4.5.0/Editor/EditorCore/HierarchyListener.cs:21)
System.Runtime.CompilerServices.RuntimeHelpers:RunClassConstructor (System.RuntimeTypeHandle)
UnityEditor.EditorAssemblies:ProcessInitializeOnLoadAttributes (System.Type[])

[Library/PackageCache/com.unity.probuilder@4.5.0/Editor/EditorCore/EditorUtility.cs line 593]

Invoked RoslynAnalysisRunner static constructor.
RoslynAnalysisRunner will not be running.
RoslynAnalysisRunner has terminated.
Mono: successfully reloaded assembly
- Completed reload, in  2.521 seconds
Platform modules already initialized, skipping
Refreshing native plugins compatible for Editor in 0.63 ms, found 1 plugins.
Preloading 0 native plugins for Editor in 0.00 ms.
Unloading 2411 Unused Serialized files (Serialized files now loaded: 0)
System memory in use before: 116.2 MB.
System memory in use after: 116.4 MB.

Unloading 20 unused Assets to reduce memory usage. Loaded Objects now: 2965.
Total: 6.188700 ms (FindLiveObjects: 0.840600 ms CreateObjectMapping: 0.371200 ms MarkObjects: 4.843400 ms  DeleteObjects: 0.129800 ms)

========================================================================
Received Import Request.
  Time since last request: 1021.798200 seconds.
  path: Assets/Karting/Art/Materials/Kart_Classic/New Material 3.mat
  artifactKey: Guid(b810240eed923024183e48f2a82bc8a1) Importer(815301076,1909f56bfc062723c751e8b465ee728b)
Start importing Assets/Karting/Art/Materials/Kart_Classic/New Material 3.mat using Guid(b810240eed923024183e48f2a82bc8a1) Importer(815301076,1909f56bfc062723c751e8b465ee728b)  -> (artifact id: '6500708c5496449fa2fec0d61aadc74c') in 0.084778 seconds
  Import took 0.100214 seconds .

========================================================================
Received Import Request.
  Time since last request: 470.698984 seconds.
  path: Assets/Karting/Prefabs
  artifactKey: Guid(9e955b86905804b7dbf331cf1cc5a7a7) Importer(815301076,1909f56bfc062723c751e8b465ee728b)
Start importing Assets/Karting/Prefabs using Guid(9e955b86905804b7dbf331cf1cc5a7a7) Importer(815301076,1909f56bfc062723c751e8b465ee728b)  -> (artifact id: 'e982122441f8f94433eaa5dca0506079') in 0.013527 seconds
  Import took 0.032149 seconds .

========================================================================
Received Import Request.
  Time since last request: 7.221246 seconds.
  path: Assets/Karting/Prefabs/Setup
  artifactKey: Guid(da3a19bbc686a0341a217034d55a66e8) Importer(815301076,1909f56bfc062723c751e8b465ee728b)
Start importing Assets/Karting/Prefabs/Setup using Guid(da3a19bbc686a0341a217034d55a66e8) Importer(815301076,1909f56bfc062723c751e8b465ee728b)  -> (artifact id: 'b63cef674063dc031d0aee837a6c09f6') in 0.024148 seconds
  Import took 0.081335 seconds .

========================================================================
Received Import Request.
  Time since last request: 14.060145 seconds.
  path: Assets/Karting/Prefabs/GameModes
  artifactKey: Guid(6aeeac7638c1ee041b1c584323754a54) Importer(815301076,1909f56bfc062723c751e8b465ee728b)
Start importing Assets/Karting/Prefabs/GameModes using Guid(6aeeac7638c1ee041b1c584323754a54) Importer(815301076,1909f56bfc062723c751e8b465ee728b)  -> (artifact id: '79ea1ae7c882c95baeadbe316740ac3b') in 0.015368 seconds
  Import took 0.037770 seconds .

========================================================================
Received Import Request.
  Time since last request: 33.884451 seconds.
  path: Assets/Karting/Prefabs/Props
  artifactKey: Guid(4dac1ea256683b54c80f390d4fdce36f) Importer(815301076,1909f56bfc062723c751e8b465ee728b)
Start importing Assets/Karting/Prefabs/Props using Guid(4dac1ea256683b54c80f390d4fdce36f) Importer(815301076,1909f56bfc062723c751e8b465ee728b)  -> (artifact id: 'c80ccf59c12c56b7f68fb3e025cb2e49') in 0.006775 seconds
  Import took 0.022742 seconds .

========================================================================
Received Prepare
Registering precompiled user dll's ...
Registered in 0.009052 seconds.
Begin MonoManager ReloadAssembly
Native extension for WindowsStandalone target not found
Refreshing native plugins compatible for Editor in 0.71 ms, found 1 plugins.
Preloading 0 native plugins for Editor in 0.00 ms.
Warning: Annotation not found!
UnityEngine.StackTraceUtility:ExtractStackTrace ()
UnityEditor.ProBuilder.EditorUtility:SetGizmoIconEnabled (System.Type,bool) (at Library/PackageCache/com.unity.probuilder@4.5.0/Editor/EditorCore/EditorUtility.cs:593)
UnityEditor.ProBuilder.HierarchyListener:.cctor () (at Library/PackageCache/com.unity.probuilder@4.5.0/Editor/EditorCore/HierarchyListener.cs:21)
System.Runtime.CompilerServices.RuntimeHelpers:RunClassConstructor (System.RuntimeTypeHandle)
UnityEditor.EditorAssemblies:ProcessInitializeOnLoadAttributes (System.Type[])

[Library/PackageCache/com.unity.probuilder@4.5.0/Editor/EditorCore/EditorUtility.cs line 593]

Invoked RoslynAnalysisRunner static constructor.
RoslynAnalysisRunner will not be running.
RoslynAnalysisRunner has terminated.
Mono: successfully reloaded assembly
- Completed reload, in  2.428 seconds
Platform modules already initialized, skipping
Refreshing native plugins compatible for Editor in 1.27 ms, found 1 plugins.
Preloading 0 native plugins for Editor in 0.00 ms.
Unloading 2411 Unused Serialized files (Serialized files now loaded: 0)
System memory in use before: 116.2 MB.
System memory in use after: 116.4 MB.

Unloading 20 unused Assets to reduce memory usage. Loaded Objects now: 2970.
Total: 46.094700 ms (FindLiveObjects: 0.627200 ms CreateObjectMapping: 0.245200 ms MarkObjects: 45.045200 ms  DeleteObjects: 0.174600 ms)

AssetImportWorkerClient::OnTransportError - code=2 error=End of file
