Using pre-set license
Built from '2020.3/release' branch; Version is '2020.3.2f1 (8fd9074bf66c) revision 9427207'; Using compiler version '192528614'; Build Type 'Release'
OS: 'Windows 10 Home; OS build 19041.928; Version 2004; 64bit' Language: 'en' Physical Memory: 8026 MB
BatchMode: 1, IsHumanControllingUs: 0, StartBugReporterOnCrash: 0, Is64bit: 1, IsPro: 0

 COMMAND LINE ARGUMENTS:
C:\Program Files\Unity\Hub\Editor\2020.3.2f1\Editor\Unity.exe
-adb2
-batchMode
-noUpm
-name
AssetImportWorker0
-projectPath
C:/Users/thoma/OneDrive/Documents/Unity Karting Game/Karting Game
-logFile
Logs/AssetImportWorker0.log
-srvPort
55681
Successfully changed project path to: C:/Users/thoma/OneDrive/Documents/Unity Karting Game/Karting Game
C:/Users/thoma/OneDrive/Documents/Unity Karting Game/Karting Game
Using Asset Import Pipeline V2.
Refreshing native plugins compatible for Editor in 81.80 ms, found 1 plugins.
Preloading 0 native plugins for Editor in 0.00 ms.
Initialize engine version: 2020.3.2f1 (8fd9074bf66c)
[Subsystems] Discovering subsystems at path C:/Program Files/Unity/Hub/Editor/2020.3.2f1/Editor/Data/Resources/UnitySubsystems
[Subsystems] Discovering subsystems at path C:/Users/thoma/OneDrive/Documents/Unity Karting Game/Karting Game/Assets
GfxDevice: creating device client; threaded=0
Direct3D:
    Version:  Direct3D 11.0 [level 11.1]
    Renderer: Intel(R) UHD Graphics 620 (ID=0x5917)
    Vendor:   
    VRAM:     4013 MB
    Driver:   26.20.100.7926
Initialize mono
Mono path[0] = 'C:/Program Files/Unity/Hub/Editor/2020.3.2f1/Editor/Data/Managed'
Mono path[1] = 'C:/Program Files/Unity/Hub/Editor/2020.3.2f1/Editor/Data/MonoBleedingEdge/lib/mono/unityjit'
Mono config path = 'C:/Program Files/Unity/Hub/Editor/2020.3.2f1/Editor/Data/MonoBleedingEdge/etc'
Using monoOptions --debugger-agent=transport=dt_socket,embedding=1,server=y,suspend=n,address=127.0.0.1:56872
Begin MonoManager ReloadAssembly
Registering precompiled unity dll's ...
Register platform support module: C:/Program Files/Unity/Hub/Editor/2020.3.2f1/Editor/Data/PlaybackEngines/WindowsStandaloneSupport/UnityEditor.WindowsStandalone.Extensions.dll
Registered in 0.003340 seconds.
Native extension for WindowsStandalone target not found
Refreshing native plugins compatible for Editor in 94.13 ms, found 1 plugins.
Preloading 0 native plugins for Editor in 0.00 ms.
Invoked RoslynAnalysisRunner static constructor.
RoslynAnalysisRunner will not be running.
RoslynAnalysisRunner has terminated.
Mono: successfully reloaded assembly
- Completed reload, in  5.478 seconds
Platform modules already initialized, skipping
Registering precompiled user dll's ...
Registered in 0.008068 seconds.
Begin MonoManager ReloadAssembly
Native extension for WindowsStandalone target not found
Refreshing native plugins compatible for Editor in 85.73 ms, found 1 plugins.
Preloading 0 native plugins for Editor in 0.00 ms.
Invoked RoslynAnalysisRunner static constructor.
RoslynAnalysisRunner will not be running.
RoslynAnalysisRunner has terminated.
Mono: successfully reloaded assembly
- Completed reload, in  3.099 seconds
Platform modules already initialized, skipping
========================================================================
Worker process is ready to serve import requests
Launched and connected shader compiler UnityShaderCompiler.exe after 0.11 seconds
Refreshing native plugins compatible for Editor in 0.84 ms, found 1 plugins.
Preloading 0 native plugins for Editor in 0.00 ms.
Unloading 2487 Unused Serialized files (Serialized files now loaded: 0)
System memory in use before: 119.6 MB.
System memory in use after: 119.8 MB.

Unloading 126 unused Assets to reduce memory usage. Loaded Objects now: 2912.
Total: 11.751300 ms (FindLiveObjects: 3.453800 ms CreateObjectMapping: 1.807400 ms MarkObjects: 5.880700 ms  DeleteObjects: 0.602800 ms)

========================================================================
Received Import Request.
  path: Assets/Karting/Prefabs/Environment/BuildingTall.prefab
  artifactKey: Guid(041b3704a3df0fd4a8e325e3044c3b5e) Importer(815301076,1909f56bfc062723c751e8b465ee728b)
Start importing Assets/Karting/Prefabs/Environment/BuildingTall.prefab using Guid(041b3704a3df0fd4a8e325e3044c3b5e) Importer(815301076,1909f56bfc062723c751e8b465ee728b)  -> (artifact id: '0feec604072101b1ee34a001af54e61e') in 0.531850 seconds
  Import took 0.541678 seconds .

========================================================================
Received Import Request.
  Time since last request: 0.000262 seconds.
  path: Assets/Karting/Prefabs/TrainingTracks/OvalTrack_Training.prefab
  artifactKey: Guid(331ae6cab0476fa45a1493448adfb9c7) Importer(815301076,1909f56bfc062723c751e8b465ee728b)
Start importing Assets/Karting/Prefabs/TrainingTracks/OvalTrack_Training.prefab using Guid(331ae6cab0476fa45a1493448adfb9c7) Importer(815301076,1909f56bfc062723c751e8b465ee728b)  -> (artifact id: '61b8fa16bd20a3246d7c1c31de0d9d64') in 0.266068 seconds
  Import took 0.279517 seconds .

========================================================================
Received Import Request.
  Time since last request: 0.000500 seconds.
  path: Assets/Karting/Prefabs/Setup/GameManager.prefab
  artifactKey: Guid(b26c4a65cf4c6475a92bfd03c2c3282b) Importer(815301076,1909f56bfc062723c751e8b465ee728b)
Start importing Assets/Karting/Prefabs/Setup/GameManager.prefab using Guid(b26c4a65cf4c6475a92bfd03c2c3282b) Importer(815301076,1909f56bfc062723c751e8b465ee728b)  -> (artifact id: 'e32840b697633e590705242c1f4e6d1a') in 0.194653 seconds
  Import took 0.205573 seconds .

========================================================================
Received Import Request.
  Time since last request: 0.000290 seconds.
  path: Assets/Karting/Prefabs/Props/JumpRamp.prefab
  artifactKey: Guid(db0af21853ba047fda7b6e30b74ffedf) Importer(815301076,1909f56bfc062723c751e8b465ee728b)
Start importing Assets/Karting/Prefabs/Props/JumpRamp.prefab using Guid(db0af21853ba047fda7b6e30b74ffedf) Importer(815301076,1909f56bfc062723c751e8b465ee728b)  -> (artifact id: '8d9d1cc139c0fac7af616d99ab60f4cd') in 0.180527 seconds
  Import took 0.186259 seconds .

========================================================================
Received Import Request.
  Time since last request: 0.000262 seconds.
  path: Assets/Karting/Prefabs/Environment/Building01WallPlain.prefab
  artifactKey: Guid(f07bce605608dc6459230649729bfc26) Importer(815301076,1909f56bfc062723c751e8b465ee728b)
Start importing Assets/Karting/Prefabs/Environment/Building01WallPlain.prefab using Guid(f07bce605608dc6459230649729bfc26) Importer(815301076,1909f56bfc062723c751e8b465ee728b)  -> (artifact id: '78fd6763c24dee1cae22862dcee8d771') in 0.026834 seconds
  Import took 0.040871 seconds .

========================================================================
Received Import Request.
  Time since last request: 0.000576 seconds.
  path: Assets/Karting/Prefabs/Props/Checkpoint.prefab
  artifactKey: Guid(6d9796d84c9e5a54fb4e014484945a46) Importer(815301076,1909f56bfc062723c751e8b465ee728b)
Start importing Assets/Karting/Prefabs/Props/Checkpoint.prefab using Guid(6d9796d84c9e5a54fb4e014484945a46) Importer(815301076,1909f56bfc062723c751e8b465ee728b)  -> (artifact id: '9d719e5fa5f99007bac356d4abc31689') in 0.031005 seconds
  Import took 0.047755 seconds .

========================================================================
Received Import Request.
  Time since last request: 0.000450 seconds.
  path: Assets/Karting/Prefabs/Environment/Building02WallBricks.prefab
  artifactKey: Guid(3beaf9cd12e8c0a4d921aa0bb65380c5) Importer(815301076,1909f56bfc062723c751e8b465ee728b)
Start importing Assets/Karting/Prefabs/Environment/Building02WallBricks.prefab using Guid(3beaf9cd12e8c0a4d921aa0bb65380c5) Importer(815301076,1909f56bfc062723c751e8b465ee728b)  -> (artifact id: 'fa041de13280fd44437b51d1ff9c9c3c') in 0.024678 seconds
  Import took 0.056066 seconds .

========================================================================
Received Import Request.
  Time since last request: 0.000920 seconds.
  path: Assets/Mod Assets/Kart/Bounce Effect Prefabs/BouncyGlowy.prefab
  artifactKey: Guid(05b85e11e59634a069efe1d16952f2f7) Importer(815301076,1909f56bfc062723c751e8b465ee728b)
Start importing Assets/Mod Assets/Kart/Bounce Effect Prefabs/BouncyGlowy.prefab using Guid(05b85e11e59634a069efe1d16952f2f7) Importer(815301076,1909f56bfc062723c751e8b465ee728b)  -> (artifact id: '19710d9fa302a08a7dad1b63913b1931') in 0.020648 seconds
  Import took 0.037425 seconds .

========================================================================
Received Import Request.
  Time since last request: 0.000509 seconds.
  path: Assets/Karting/Prefabs/UI/ObjectiveToastPrimary.prefab
  artifactKey: Guid(825d6b0d7b3a7394a9f51c7b6900c135) Importer(815301076,1909f56bfc062723c751e8b465ee728b)
Start importing Assets/Karting/Prefabs/UI/ObjectiveToastPrimary.prefab using Guid(825d6b0d7b3a7394a9f51c7b6900c135) Importer(815301076,1909f56bfc062723c751e8b465ee728b)  -> (artifact id: '2d7d5027224042fedba7e2058dd1ed6f') in 0.039923 seconds
  Import took 0.062349 seconds .

========================================================================
Received Import Request.
  Time since last request: 0.000654 seconds.
  path: Assets/Mod Assets/Kart/SpeedPad.prefab
  artifactKey: Guid(ca718117a11f745b292c7dba21f42c00) Importer(815301076,1909f56bfc062723c751e8b465ee728b)
Start importing Assets/Mod Assets/Kart/SpeedPad.prefab using Guid(ca718117a11f745b292c7dba21f42c00) Importer(815301076,1909f56bfc062723c751e8b465ee728b)  -> (artifact id: 'b1ab1902e84344d2677dda0c1624c28c') in 0.025340 seconds
  Import took 0.040963 seconds .

========================================================================
Received Import Request.
  Time since last request: 0.001024 seconds.
  path: Assets/Karting/Prefabs/TrainingTracks/CountryTrack_Training.prefab
  artifactKey: Guid(ca9b8cb628757af4fbb9f00728cb1711) Importer(815301076,1909f56bfc062723c751e8b465ee728b)
Start importing Assets/Karting/Prefabs/TrainingTracks/CountryTrack_Training.prefab using Guid(ca9b8cb628757af4fbb9f00728cb1711) Importer(815301076,1909f56bfc062723c751e8b465ee728b)  -> (artifact id: '74e8a8036b343448b2dc18b9e8f196c2') in 0.049421 seconds
  Import took 0.064151 seconds .

========================================================================
Received Import Request.
  Time since last request: 0.000385 seconds.
  path: Assets/Karting/Prefabs/TrainingTracks/WindingTrack_Training.prefab
  artifactKey: Guid(9a92f3f32c8f0fc4482a893deac1ba4c) Importer(815301076,1909f56bfc062723c751e8b465ee728b)
Start importing Assets/Karting/Prefabs/TrainingTracks/WindingTrack_Training.prefab using Guid(9a92f3f32c8f0fc4482a893deac1ba4c) Importer(815301076,1909f56bfc062723c751e8b465ee728b)  -> (artifact id: '51d7d3fc7566fb2c3f86a03b5e30cf33') in 0.052718 seconds
  Import took 0.063886 seconds .

========================================================================
Received Import Request.
  Time since last request: 0.000402 seconds.
  path: Assets/Karting/Prefabs/TrackPieces/TrackCurveMedium.prefab
  artifactKey: Guid(19855eab27bbfcb40bdc747ff5a0806d) Importer(815301076,1909f56bfc062723c751e8b465ee728b)
Start importing Assets/Karting/Prefabs/TrackPieces/TrackCurveMedium.prefab using Guid(19855eab27bbfcb40bdc747ff5a0806d) Importer(815301076,1909f56bfc062723c751e8b465ee728b)  -> (artifact id: 'dd53b3e78edae950eff0a9f0cd2dccd1') in 0.041758 seconds
  Import took 0.050074 seconds .

========================================================================
Received Import Request.
  Time since last request: 0.000287 seconds.
  path: Assets/Karting/Prefabs/Environment/BuildingThin.prefab
  artifactKey: Guid(6e78c73d0c22422438a45bea2842fcfb) Importer(815301076,1909f56bfc062723c751e8b465ee728b)
Start importing Assets/Karting/Prefabs/Environment/BuildingThin.prefab using Guid(6e78c73d0c22422438a45bea2842fcfb) Importer(815301076,1909f56bfc062723c751e8b465ee728b)  -> (artifact id: '0b5110cab314db1d8988f26aca6e51d4') in 0.035739 seconds
  Import took 0.043136 seconds .

========================================================================
Received Import Request.
  Time since last request: 0.000315 seconds.
  path: Assets/Karting/Prefabs/UI/AdditionalInGameData.prefab
  artifactKey: Guid(513c85d68668a0e439b3f20de6da70e4) Importer(815301076,1909f56bfc062723c751e8b465ee728b)
Start importing Assets/Karting/Prefabs/UI/AdditionalInGameData.prefab using Guid(513c85d68668a0e439b3f20de6da70e4) Importer(815301076,1909f56bfc062723c751e8b465ee728b)  -> (artifact id: '89dad5fdc27ceec0703a6e42485af696') in 0.037945 seconds
  Import took 0.059546 seconds .

========================================================================
Received Import Request.
  Time since last request: 0.000316 seconds.
  path: Assets/Karting/Prefabs/Environment/TreeRound.prefab
  artifactKey: Guid(f825600eaf118ef48b19d55e234266b1) Importer(815301076,1909f56bfc062723c751e8b465ee728b)
Start importing Assets/Karting/Prefabs/Environment/TreeRound.prefab using Guid(f825600eaf118ef48b19d55e234266b1) Importer(815301076,1909f56bfc062723c751e8b465ee728b)  -> (artifact id: 'fbac0218d424d1eac5fabb8e2c8973ba') in 0.040420 seconds
  Import took 0.048010 seconds .

========================================================================
Received Import Request.
  Time since last request: 0.000295 seconds.
  path: Assets/Karting/Prefabs/Environment/StoneFlat.prefab
  artifactKey: Guid(3796997fde0c29b4180a4ec756403b34) Importer(815301076,1909f56bfc062723c751e8b465ee728b)
Start importing Assets/Karting/Prefabs/Environment/StoneFlat.prefab using Guid(3796997fde0c29b4180a4ec756403b34) Importer(815301076,1909f56bfc062723c751e8b465ee728b)  -> (artifact id: '03cd6470aabcebfb466bc3a284c7f748') in 0.037430 seconds
  Import took 0.046293 seconds .

========================================================================
Received Import Request.
  Time since last request: 0.000859 seconds.
  path: Assets/Karting/Prefabs/Environment/Building01WallDoor.prefab
  artifactKey: Guid(5253c1ae2034fdd41aba64cc0e4e9ee8) Importer(815301076,1909f56bfc062723c751e8b465ee728b)
Start importing Assets/Karting/Prefabs/Environment/Building01WallDoor.prefab using Guid(5253c1ae2034fdd41aba64cc0e4e9ee8) Importer(815301076,1909f56bfc062723c751e8b465ee728b)  -> (artifact id: '9fc488326a99818db9a03975a0b38db0') in 0.031904 seconds
  Import took 0.043132 seconds .

========================================================================
Received Import Request.
  Time since last request: 0.000295 seconds.
  path: Assets/Karting/Prefabs/UI/GameMessageGeneric.prefab
  artifactKey: Guid(dbfc7742a2f49bf42a9a012e4ec4b773) Importer(815301076,1909f56bfc062723c751e8b465ee728b)
Start importing Assets/Karting/Prefabs/UI/GameMessageGeneric.prefab using Guid(dbfc7742a2f49bf42a9a012e4ec4b773) Importer(815301076,1909f56bfc062723c751e8b465ee728b)  -> (artifact id: '34a8d08a01fdff8a21b99c495d53672e') in 0.041611 seconds
  Import took 0.061193 seconds .

========================================================================
Received Import Request.
  Time since last request: 0.000282 seconds.
  path: Assets/Karting/Prefabs/Setup/ArcadeEngineAudio.prefab
  artifactKey: Guid(129aa9342650245cbadf61f8391f3878) Importer(815301076,1909f56bfc062723c751e8b465ee728b)
Start importing Assets/Karting/Prefabs/Setup/ArcadeEngineAudio.prefab using Guid(129aa9342650245cbadf61f8391f3878) Importer(815301076,1909f56bfc062723c751e8b465ee728b)  -> (artifact id: '3393a97c5a8f5c986383d1c4d2fcb5e4') in 0.018809 seconds
  Import took 0.025848 seconds .

========================================================================
Received Import Request.
  Time since last request: 0.000351 seconds.
  path: Assets/Karting/ModularTrackKit/Prefabs/ModularTrackCantSmallLeft.prefab
  artifactKey: Guid(bed96e97bcaad4383aa9baa8c101f0bf) Importer(815301076,1909f56bfc062723c751e8b465ee728b)
Start importing Assets/Karting/ModularTrackKit/Prefabs/ModularTrackCantSmallLeft.prefab using Guid(bed96e97bcaad4383aa9baa8c101f0bf) Importer(815301076,1909f56bfc062723c751e8b465ee728b)  -> (artifact id: '355b147a88a3ab4a5c1149d25ff8b2d6') in 0.048902 seconds
  Import took 0.061967 seconds .

========================================================================
Received Import Request.
  Time since last request: 0.000388 seconds.
  path: Assets/Karting/Prefabs/GameModes/ObjectiveLaps.prefab
  artifactKey: Guid(9982527ae59625f4db19031743e8e79d) Importer(815301076,1909f56bfc062723c751e8b465ee728b)
Start importing Assets/Karting/Prefabs/GameModes/ObjectiveLaps.prefab using Guid(9982527ae59625f4db19031743e8e79d) Importer(815301076,1909f56bfc062723c751e8b465ee728b)  -> (artifact id: '822ae8dfe0474bfa17ab2f85da645996') in 0.056765 seconds
  Import took 0.065984 seconds .

========================================================================
Received Import Request.
  Time since last request: 0.000729 seconds.
  path: Assets/Karting/Prefabs/Setup/EngineAudio.prefab
  artifactKey: Guid(ec5cb92a3a3d940e48635d86be0448cc) Importer(815301076,1909f56bfc062723c751e8b465ee728b)
Start importing Assets/Karting/Prefabs/Setup/EngineAudio.prefab using Guid(ec5cb92a3a3d940e48635d86be0448cc) Importer(815301076,1909f56bfc062723c751e8b465ee728b)  -> (artifact id: '4b5ed828faa898f384d53b9a5014584d') in 0.017791 seconds
  Import took 0.041870 seconds .

========================================================================
Received Import Request.
  Time since last request: 0.000290 seconds.
  path: Assets/Karting/ModularTrackKit/Prefabs/ModularTrackSpiralRight.prefab
  artifactKey: Guid(291ac874e44fb46a1a05a1815cfc4f52) Importer(815301076,1909f56bfc062723c751e8b465ee728b)
Start importing Assets/Karting/ModularTrackKit/Prefabs/ModularTrackSpiralRight.prefab using Guid(291ac874e44fb46a1a05a1815cfc4f52) Importer(815301076,1909f56bfc062723c751e8b465ee728b)  -> (artifact id: '44f91b4aa9fb4f5b006c4267cf5ecf58') in 0.032533 seconds
  Import took 0.045991 seconds .

========================================================================
Received Import Request.
  Time since last request: 0.002386 seconds.
  path: Assets/Karting/Prefabs/TrackPieces/Curved Ramps/Ramp_Curve_12_90.prefab
  artifactKey: Guid(5a36f45df02ac244ca57abb7d3324acc) Importer(815301076,1909f56bfc062723c751e8b465ee728b)
Start importing Assets/Karting/Prefabs/TrackPieces/Curved Ramps/Ramp_Curve_12_90.prefab using Guid(5a36f45df02ac244ca57abb7d3324acc) Importer(815301076,1909f56bfc062723c751e8b465ee728b)  -> (artifact id: '4dde7c8678f6a78c3c6fb968901f7a02') in 0.022703 seconds
  Import took 0.036824 seconds .

========================================================================
Received Import Request.
  Time since last request: 0.000543 seconds.
  path: Assets/Karting/Prefabs/TrackPieces/Ramp_Playground.prefab
  artifactKey: Guid(e47e8ca41a199c04bb4df9d428512893) Importer(815301076,1909f56bfc062723c751e8b465ee728b)
Start importing Assets/Karting/Prefabs/TrackPieces/Ramp_Playground.prefab using Guid(e47e8ca41a199c04bb4df9d428512893) Importer(815301076,1909f56bfc062723c751e8b465ee728b)  -> (artifact id: '3ea5c15e0b5f175342f276c7665f7561') in 0.041164 seconds
  Import took 0.054895 seconds .

========================================================================
Received Import Request.
  Time since last request: 0.000456 seconds.
  path: Assets/Karting/ModularTrackKit/Prefabs/ModularTrackRamp.prefab
  artifactKey: Guid(1c994073ac1d5445695ce53ec5195532) Importer(815301076,1909f56bfc062723c751e8b465ee728b)
Start importing Assets/Karting/ModularTrackKit/Prefabs/ModularTrackRamp.prefab using Guid(1c994073ac1d5445695ce53ec5195532) Importer(815301076,1909f56bfc062723c751e8b465ee728b)  -> (artifact id: 'cfc26ccb963ad7ba71f25c31093ad595') in 0.056067 seconds
  Import took 0.067898 seconds .

========================================================================
Received Import Request.
  Time since last request: 0.000547 seconds.
  path: Assets/Karting/ModularTrackKit/Prefabs/ModularTrackSCurveRight.prefab
  artifactKey: Guid(815aae46d0dac409c9d6902909a1db0d) Importer(815301076,1909f56bfc062723c751e8b465ee728b)
Start importing Assets/Karting/ModularTrackKit/Prefabs/ModularTrackSCurveRight.prefab using Guid(815aae46d0dac409c9d6902909a1db0d) Importer(815301076,1909f56bfc062723c751e8b465ee728b)  -> (artifact id: '7ce0b1231f10a6cd1124d47434767caa') in 0.033512 seconds
  Import took 0.041680 seconds .

========================================================================
Received Import Request.
  Time since last request: 0.000351 seconds.
  path: Assets/Mod Assets/Kart/Trail Prefabs/FireTrail.prefab
  artifactKey: Guid(dfa71f3ca0c2e408c855c56585bfbaad) Importer(815301076,1909f56bfc062723c751e8b465ee728b)
Start importing Assets/Mod Assets/Kart/Trail Prefabs/FireTrail.prefab using Guid(dfa71f3ca0c2e408c855c56585bfbaad) Importer(815301076,1909f56bfc062723c751e8b465ee728b)  -> (artifact id: 'fe36358d64a9c055a2799c54cbaf834a') in 0.009079 seconds
  Import took 0.017184 seconds .

========================================================================
Received Import Request.
  Time since last request: 0.000295 seconds.
  path: Assets/Karting/Prefabs/KartClassic/KartClassic_MLAgent.prefab
  artifactKey: Guid(5f7c5784d4776074089b56351be94b74) Importer(815301076,1909f56bfc062723c751e8b465ee728b)
Start importing Assets/Karting/Prefabs/KartClassic/KartClassic_MLAgent.prefab using Guid(5f7c5784d4776074089b56351be94b74) Importer(815301076,1909f56bfc062723c751e8b465ee728b)  -> (artifact id: 'bb09be46d8f4c81e8a86d859061fca77') in 0.139736 seconds
  Import took 0.163812 seconds .

========================================================================
Received Import Request.
  Time since last request: 0.000276 seconds.
  path: Assets/Karting/Prefabs/Tracks/WindingTrack.prefab
  artifactKey: Guid(fb0875b1cc43b99419d4a6cd704d6172) Importer(815301076,1909f56bfc062723c751e8b465ee728b)
Start importing Assets/Karting/Prefabs/Tracks/WindingTrack.prefab using Guid(fb0875b1cc43b99419d4a6cd704d6172) Importer(815301076,1909f56bfc062723c751e8b465ee728b)  -> (artifact id: '7ea622c6e5b0c26bd604a4a79708f113') in 0.056442 seconds
  Import took 0.063879 seconds .

========================================================================
Received Import Request.
  Time since last request: 0.000255 seconds.
  path: Assets/Karting/Prefabs/Props/LapCheckpoint.prefab
  artifactKey: Guid(63c348de78fb78f44befbc3f5bccddc0) Importer(815301076,1909f56bfc062723c751e8b465ee728b)
Start importing Assets/Karting/Prefabs/Props/LapCheckpoint.prefab using Guid(63c348de78fb78f44befbc3f5bccddc0) Importer(815301076,1909f56bfc062723c751e8b465ee728b)  -> (artifact id: '321a891285165b44a5c288fac4820e81') in 0.035314 seconds
  Import took 0.045198 seconds .

========================================================================
Received Import Request.
  Time since last request: 0.000382 seconds.
  path: Assets/Karting/Prefabs/UI/UI Panel.prefab
  artifactKey: Guid(a7699e394e3ea4941b8b3b315a2280cc) Importer(815301076,1909f56bfc062723c751e8b465ee728b)
Start importing Assets/Karting/Prefabs/UI/UI Panel.prefab using Guid(a7699e394e3ea4941b8b3b315a2280cc) Importer(815301076,1909f56bfc062723c751e8b465ee728b)  -> (artifact id: '2616c597b275cb7b0c0f2cd7637cb5b4') in 0.067550 seconds
  Import took 0.081157 seconds .

========================================================================
Received Import Request.
  Time since last request: 0.000821 seconds.
  path: Assets/Karting/Prefabs/Tracks/OvalTrack.prefab
  artifactKey: Guid(1104577a8dca93f4fbe1cbc32ef89d82) Importer(815301076,1909f56bfc062723c751e8b465ee728b)
Start importing Assets/Karting/Prefabs/Tracks/OvalTrack.prefab using Guid(1104577a8dca93f4fbe1cbc32ef89d82) Importer(815301076,1909f56bfc062723c751e8b465ee728b)  -> (artifact id: '5b123f66d6ee43c36742a8c5962b96be') in 0.026753 seconds
  Import took 0.038437 seconds .

========================================================================
Received Import Request.
  Time since last request: 0.000614 seconds.
  path: Assets/Karting/Prefabs/TrackPieces/Curved Ramps/Ramp_Curve_6_30.prefab
  artifactKey: Guid(9d79018a00f9cc046bd23ac607ecf0de) Importer(815301076,1909f56bfc062723c751e8b465ee728b)
Start importing Assets/Karting/Prefabs/TrackPieces/Curved Ramps/Ramp_Curve_6_30.prefab using Guid(9d79018a00f9cc046bd23ac607ecf0de) Importer(815301076,1909f56bfc062723c751e8b465ee728b)  -> (artifact id: 'c6c5f11de1dd6763bea9dd5a49a62c1c') in 0.015205 seconds
  Import took 0.028492 seconds .

========================================================================
Received Import Request.
  Time since last request: 0.000409 seconds.
  path: Assets/Karting/ModularTrackKit/Prefabs/ModularTrackCurveLarge.prefab
  artifactKey: Guid(06604f26f581c4de08c3f45572924c7d) Importer(815301076,1909f56bfc062723c751e8b465ee728b)
Start importing Assets/Karting/ModularTrackKit/Prefabs/ModularTrackCurveLarge.prefab using Guid(06604f26f581c4de08c3f45572924c7d) Importer(815301076,1909f56bfc062723c751e8b465ee728b)  -> (artifact id: '5204680d256f849a3c75180c26d290a6') in 0.041215 seconds
  Import took 0.052173 seconds .

========================================================================
Received Import Request.
  Time since last request: 0.000243 seconds.
  path: Assets/Karting/Prefabs/UI/ObjectiveToastSecondary.prefab
  artifactKey: Guid(418abff609b9b754ba25e34faf58edf4) Importer(815301076,1909f56bfc062723c751e8b465ee728b)
Start importing Assets/Karting/Prefabs/UI/ObjectiveToastSecondary.prefab using Guid(418abff609b9b754ba25e34faf58edf4) Importer(815301076,1909f56bfc062723c751e8b465ee728b)  -> (artifact id: 'b94e4534aeeda0962835c923c1786789') in 0.031088 seconds
  Import took 0.043200 seconds .

========================================================================
Received Import Request.
  Time since last request: 0.001041 seconds.
  path: Assets/Karting/Prefabs/Tracks/MountainTrack.prefab
  artifactKey: Guid(0bfa237f7a52e4d49b8f974538593e0c) Importer(815301076,1909f56bfc062723c751e8b465ee728b)
Start importing Assets/Karting/Prefabs/Tracks/MountainTrack.prefab using Guid(0bfa237f7a52e4d49b8f974538593e0c) Importer(815301076,1909f56bfc062723c751e8b465ee728b)  -> (artifact id: 'ee43a82435fc0e04ef372c3aa6ad0dc7') in 0.073015 seconds
  Import took 0.082490 seconds .

========================================================================
Received Import Request.
  Time since last request: 0.000709 seconds.
  path: Assets/Karting/ModularTrackKit/Prefabs/ModularTrackCurveSmall.prefab
  artifactKey: Guid(e2299f494e1674e9684aad2e11474f9d) Importer(815301076,1909f56bfc062723c751e8b465ee728b)
Start importing Assets/Karting/ModularTrackKit/Prefabs/ModularTrackCurveSmall.prefab using Guid(e2299f494e1674e9684aad2e11474f9d) Importer(815301076,1909f56bfc062723c751e8b465ee728b)  -> (artifact id: '880257b26c4043c397c3fec75451654f') in 0.023161 seconds
  Import took 0.039311 seconds .

========================================================================
Received Import Request.
  Time since last request: 0.000591 seconds.
  path: Assets/Karting/Prefabs/UI/RaceCountdownCanvas.prefab
  artifactKey: Guid(f29c8f9af0e64ab48a6c306b16e4a8fd) Importer(815301076,1909f56bfc062723c751e8b465ee728b)
Start importing Assets/Karting/Prefabs/UI/RaceCountdownCanvas.prefab using Guid(f29c8f9af0e64ab48a6c306b16e4a8fd) Importer(815301076,1909f56bfc062723c751e8b465ee728b)  -> (artifact id: 'd6362813a527d1b1d867b6fd89a7fe65') in 0.022432 seconds
  Import took 0.035460 seconds .

========================================================================
Received Import Request.
  Time since last request: 0.000338 seconds.
  path: Assets/Karting/Prefabs/Props/StartFinishLine.prefab
  artifactKey: Guid(5cdf1b2b8a98d6e40a85d1cde3907099) Importer(815301076,1909f56bfc062723c751e8b465ee728b)
Start importing Assets/Karting/Prefabs/Props/StartFinishLine.prefab using Guid(5cdf1b2b8a98d6e40a85d1cde3907099) Importer(815301076,1909f56bfc062723c751e8b465ee728b)  -> (artifact id: '7c12619a2261c98418577f44f7f56070') in 0.029687 seconds
  Import took 0.040109 seconds .

========================================================================
Received Import Request.
  Time since last request: 0.000372 seconds.
  path: Assets/Karting/ModularTrackKit/Prefabs/ModularTrackCantMediumLeft.prefab
  artifactKey: Guid(ea87863efa0b941408cdd4b102308f4c) Importer(815301076,1909f56bfc062723c751e8b465ee728b)
Start importing Assets/Karting/ModularTrackKit/Prefabs/ModularTrackCantMediumLeft.prefab using Guid(ea87863efa0b941408cdd4b102308f4c) Importer(815301076,1909f56bfc062723c751e8b465ee728b)  -> (artifact id: 'ad8144d8d496c0424df8bfdd53ac93e4') in 0.043149 seconds
  Import took 0.055706 seconds .

========================================================================
Received Import Request.
  Time since last request: 0.000297 seconds.
  path: Assets/Karting/Prefabs/VFX/CheckpointConfetti.prefab
  artifactKey: Guid(008a784118f584403927169df54b5b47) Importer(815301076,1909f56bfc062723c751e8b465ee728b)
Start importing Assets/Karting/Prefabs/VFX/CheckpointConfetti.prefab using Guid(008a784118f584403927169df54b5b47) Importer(815301076,1909f56bfc062723c751e8b465ee728b)  -> (artifact id: '61026f5f02a80d3cbbbc310788ac0469') in 0.016866 seconds
  Import took 0.030903 seconds .

========================================================================
Received Import Request.
  Time since last request: 0.000521 seconds.
  path: Assets/Karting/Prefabs/UI/LoseGameMessage.prefab
  artifactKey: Guid(5dbe1bc8a2e754a37bd391b8506ff1d8) Importer(815301076,1909f56bfc062723c751e8b465ee728b)
Start importing Assets/Karting/Prefabs/UI/LoseGameMessage.prefab using Guid(5dbe1bc8a2e754a37bd391b8506ff1d8) Importer(815301076,1909f56bfc062723c751e8b465ee728b)  -> (artifact id: '6e84c2ba095e153fd3254a99d7c3bf6e') in 0.009987 seconds
  Import took 0.017992 seconds .

========================================================================
Received Import Request.
  Time since last request: 0.000261 seconds.
  path: Assets/Karting/Prefabs/KartClassic/MLAgent_Sensors.prefab
  artifactKey: Guid(89eb64e47eca20d46b2b6de7cb33fb77) Importer(815301076,1909f56bfc062723c751e8b465ee728b)
Start importing Assets/Karting/Prefabs/KartClassic/MLAgent_Sensors.prefab using Guid(89eb64e47eca20d46b2b6de7cb33fb77) Importer(815301076,1909f56bfc062723c751e8b465ee728b)  -> (artifact id: '09b0d899cb203d4d0a7cd5fdc5eb48fd') in 0.020895 seconds
  Import took 0.039601 seconds .

========================================================================
Received Import Request.
  Time since last request: 0.000461 seconds.
  path: Assets/Karting/Prefabs/UI/InGameMenu.prefab
  artifactKey: Guid(cf135591008cd4358b09a85e59fcfc1e) Importer(815301076,1909f56bfc062723c751e8b465ee728b)
Start importing Assets/Karting/Prefabs/UI/InGameMenu.prefab using Guid(cf135591008cd4358b09a85e59fcfc1e) Importer(815301076,1909f56bfc062723c751e8b465ee728b)  -> (artifact id: '3fcf9b87b477262d2dd984935fd36d95') in 0.039018 seconds
  Import took 0.050223 seconds .

========================================================================
Received Import Request.
  Time since last request: 0.000518 seconds.
  path: Assets/Karting/Prefabs/UI/GameHUD.prefab
  artifactKey: Guid(2c5fd2f47a2514711843f1f96c7b2f0c) Importer(815301076,1909f56bfc062723c751e8b465ee728b)
Start importing Assets/Karting/Prefabs/UI/GameHUD.prefab using Guid(2c5fd2f47a2514711843f1f96c7b2f0c) Importer(815301076,1909f56bfc062723c751e8b465ee728b)  -> (artifact id: '122751e7ee0bb8dc04c47c82e6b2460f') in 0.070129 seconds
  Import took 0.086077 seconds .

========================================================================
Received Import Request.
  Time since last request: 0.000566 seconds.
  path: Assets/Karting/Prefabs/VFX/DirectionalLight.prefab
  artifactKey: Guid(993d2f3ed51454869af0023769df26ed) Importer(815301076,1909f56bfc062723c751e8b465ee728b)
Start importing Assets/Karting/Prefabs/VFX/DirectionalLight.prefab using Guid(993d2f3ed51454869af0023769df26ed) Importer(815301076,1909f56bfc062723c751e8b465ee728b)  -> (artifact id: '2b849e3107901c160250e1c93128b482') in 0.231051 seconds
  Import took 0.241243 seconds .

========================================================================
Received Import Request.
  Time since last request: 0.000392 seconds.
  path: Assets/Karting/Prefabs/KartClassic/BaseKartClassic.prefab
  artifactKey: Guid(cba6236a3ca88a54081cc989c4f0c08a) Importer(815301076,1909f56bfc062723c751e8b465ee728b)
Start importing Assets/Karting/Prefabs/KartClassic/BaseKartClassic.prefab using Guid(cba6236a3ca88a54081cc989c4f0c08a) Importer(815301076,1909f56bfc062723c751e8b465ee728b)  -> (artifact id: '3ca1bcda14efd35bf75e9340a6f35992') in 0.016595 seconds
  Import took 0.043059 seconds .

========================================================================
Received Import Request.
  Time since last request: 0.000841 seconds.
  path: Assets/Karting/ModularTrackKit/Prefabs/ModularTrackRampCurveLeft.prefab
  artifactKey: Guid(634c4192803244032a1b1c99cff02eff) Importer(815301076,1909f56bfc062723c751e8b465ee728b)
Start importing Assets/Karting/ModularTrackKit/Prefabs/ModularTrackRampCurveLeft.prefab using Guid(634c4192803244032a1b1c99cff02eff) Importer(815301076,1909f56bfc062723c751e8b465ee728b)  -> (artifact id: '1e75f0d643e32b507c567842cef61a0d') in 0.032703 seconds
  Import took 0.040940 seconds .

========================================================================
Received Import Request.
  Time since last request: 0.001632 seconds.
  path: Assets/Mod Assets/Kart/Hat Prefabs/TopHat.prefab
  artifactKey: Guid(774a4248793f3461bb91a4fe8170cdd7) Importer(815301076,1909f56bfc062723c751e8b465ee728b)
Start importing Assets/Mod Assets/Kart/Hat Prefabs/TopHat.prefab using Guid(774a4248793f3461bb91a4fe8170cdd7) Importer(815301076,1909f56bfc062723c751e8b465ee728b)  -> (artifact id: '8df386a874db395b26a1a18f29fd9b5e') in 0.033814 seconds
  Import took 0.049574 seconds .

========================================================================
Received Import Request.
  Time since last request: 0.001225 seconds.
  path: Assets/Karting/ModularTrackKit/Prefabs/ModularTrackStraight.prefab
  artifactKey: Guid(941fac9249b6442cdb2d3f23472128e2) Importer(815301076,1909f56bfc062723c751e8b465ee728b)
Start importing Assets/Karting/ModularTrackKit/Prefabs/ModularTrackStraight.prefab using Guid(941fac9249b6442cdb2d3f23472128e2) Importer(815301076,1909f56bfc062723c751e8b465ee728b)  -> (artifact id: '89ce200f6349dcadbf617024ca90db45') in 0.029833 seconds
  Import took 0.046263 seconds .

========================================================================
Received Import Request.
  Time since last request: 0.000580 seconds.
  path: Assets/Karting/Prefabs/Environment/StoneRound.prefab
  artifactKey: Guid(230dd9257fca2c249b555f6edd3c8e14) Importer(815301076,1909f56bfc062723c751e8b465ee728b)
Start importing Assets/Karting/Prefabs/Environment/StoneRound.prefab using Guid(230dd9257fca2c249b555f6edd3c8e14) Importer(815301076,1909f56bfc062723c751e8b465ee728b)  -> (artifact id: '30ade9bc4c07b3610ba171800354259e') in 0.029598 seconds
  Import took 0.041479 seconds .

========================================================================
Received Import Request.
  Time since last request: 0.000293 seconds.
  path: Assets/Karting/Prefabs/TrackPieces/TrackCurveBig.prefab
  artifactKey: Guid(215971d3cbf499546bc64d67613d3c81) Importer(815301076,1909f56bfc062723c751e8b465ee728b)
Start importing Assets/Karting/Prefabs/TrackPieces/TrackCurveBig.prefab using Guid(215971d3cbf499546bc64d67613d3c81) Importer(815301076,1909f56bfc062723c751e8b465ee728b)  -> (artifact id: '0c6a7595b599ea4f1a9cb030514a7d63') in 0.043144 seconds
  Import took 0.051392 seconds .

========================================================================
Received Import Request.
  Time since last request: 0.000295 seconds.
  path: Assets/Karting/Prefabs/Props/CrashObject.prefab
  artifactKey: Guid(29be64d49c04eed4781cd23c6865ca7c) Importer(815301076,1909f56bfc062723c751e8b465ee728b)
Start importing Assets/Karting/Prefabs/Props/CrashObject.prefab using Guid(29be64d49c04eed4781cd23c6865ca7c) Importer(815301076,1909f56bfc062723c751e8b465ee728b)  -> (artifact id: 'c053d10150ca5d8fceb1ed4754dcdf4a') in 0.179343 seconds
  Import took 0.197306 seconds .

========================================================================
Received Import Request.
  Time since last request: 0.000248 seconds.
  path: Assets/Karting/Prefabs/TrackPieces/TrackStraightShort.prefab
  artifactKey: Guid(ad9b18b5e2bf23940b0adbbbbd09655f) Importer(815301076,1909f56bfc062723c751e8b465ee728b)
Start importing Assets/Karting/Prefabs/TrackPieces/TrackStraightShort.prefab using Guid(ad9b18b5e2bf23940b0adbbbbd09655f) Importer(815301076,1909f56bfc062723c751e8b465ee728b)  -> (artifact id: 'c1845f28f667a86c3c3e44b0dbb3e864') in 0.029296 seconds
  Import took 0.043766 seconds .

========================================================================
Received Import Request.
  Time since last request: 0.001505 seconds.
  path: Assets/Mod Assets/Kart/Hat Prefabs/WizardHat.prefab
  artifactKey: Guid(942c2c1bb4e544cb09d3494e89bb8041) Importer(815301076,1909f56bfc062723c751e8b465ee728b)
Start importing Assets/Mod Assets/Kart/Hat Prefabs/WizardHat.prefab using Guid(942c2c1bb4e544cb09d3494e89bb8041) Importer(815301076,1909f56bfc062723c751e8b465ee728b)  -> (artifact id: '533227f3294bc1ec649dd29c717cdf13') in 0.038983 seconds
  Import took 0.054758 seconds .

========================================================================
Received Import Request.
  Time since last request: 0.000553 seconds.
  path: Assets/Karting/Prefabs/VFX/NozzleSmokeVFX.prefab
  artifactKey: Guid(e89850b0c6c7e9f4591f70aa405a18a7) Importer(815301076,1909f56bfc062723c751e8b465ee728b)
Start importing Assets/Karting/Prefabs/VFX/NozzleSmokeVFX.prefab using Guid(e89850b0c6c7e9f4591f70aa405a18a7) Importer(815301076,1909f56bfc062723c751e8b465ee728b)  -> (artifact id: '7c8a209ed869ff472a1a12d78e47b873') in 0.023035 seconds
  Import took 0.032031 seconds .

========================================================================
Received Import Request.
  Time since last request: 0.000301 seconds.
  path: Assets/Karting/ModularTrackKit/Prefabs/ModularTrackRampCurveRight.prefab
  artifactKey: Guid(7973c59434836422cbd71f26d6c1293e) Importer(815301076,1909f56bfc062723c751e8b465ee728b)
Start importing Assets/Karting/ModularTrackKit/Prefabs/ModularTrackRampCurveRight.prefab using Guid(7973c59434836422cbd71f26d6c1293e) Importer(815301076,1909f56bfc062723c751e8b465ee728b)  -> (artifact id: '380b8d9f5f4e22ee7035a13d51623407') in 0.048369 seconds
  Import took 0.064002 seconds .

========================================================================
Received Import Request.
  Time since last request: 0.000576 seconds.
  path: Assets/Karting/Prefabs/GameModes/ObjectiveTimeLimit.prefab
  artifactKey: Guid(d5cf9c31208d745c1856acc71c9cb1ca) Importer(815301076,1909f56bfc062723c751e8b465ee728b)
Start importing Assets/Karting/Prefabs/GameModes/ObjectiveTimeLimit.prefab using Guid(d5cf9c31208d745c1856acc71c9cb1ca) Importer(815301076,1909f56bfc062723c751e8b465ee728b)  -> (artifact id: '4e1ddcbfb9c056b6779780d39e41eb2a') in 0.048761 seconds
  Import took 0.064088 seconds .

========================================================================
Received Import Request.
  Time since last request: 0.000276 seconds.
  path: Assets/Karting/Prefabs/VFX/JumpDustVFX.prefab
  artifactKey: Guid(63b5def8db7a0de41ab8201bc3ce6dc7) Importer(815301076,1909f56bfc062723c751e8b465ee728b)
Start importing Assets/Karting/Prefabs/VFX/JumpDustVFX.prefab using Guid(63b5def8db7a0de41ab8201bc3ce6dc7) Importer(815301076,1909f56bfc062723c751e8b465ee728b)  -> (artifact id: 'a6af7b3e9e8d77da1da3f2bdb285d406') in 0.008221 seconds
  Import took 0.014897 seconds .

========================================================================
Received Import Request.
  Time since last request: 0.000264 seconds.
  path: Assets/Karting/ModularTrackKit/Prefabs/ModularTrackBumpyStraight.prefab
  artifactKey: Guid(9b9f6390b3dee44e4ba03d5f3f76dacb) Importer(815301076,1909f56bfc062723c751e8b465ee728b)
Start importing Assets/Karting/ModularTrackKit/Prefabs/ModularTrackBumpyStraight.prefab using Guid(9b9f6390b3dee44e4ba03d5f3f76dacb) Importer(815301076,1909f56bfc062723c751e8b465ee728b)  -> (artifact id: 'fdb611bac85ce8f479f6dcf1bdfea92d') in 0.025583 seconds
  Import took 0.037185 seconds .

========================================================================
Received Import Request.
  Time since last request: 0.000472 seconds.
  path: Assets/Karting/Prefabs/Tracks/OvalTrack_Addon.prefab
  artifactKey: Guid(3cad09ac39b91684385ff5903ded4fc3) Importer(815301076,1909f56bfc062723c751e8b465ee728b)
Start importing Assets/Karting/Prefabs/Tracks/OvalTrack_Addon.prefab using Guid(3cad09ac39b91684385ff5903ded4fc3) Importer(815301076,1909f56bfc062723c751e8b465ee728b)  -> (artifact id: '03580a0a657dbe7c1224fe263d6858bd') in 0.053918 seconds
  Import took 0.076479 seconds .

========================================================================
Received Import Request.
  Time since last request: 0.001597 seconds.
  path: Assets/Karting/ModularTrackKit/Prefabs/ModularTrackBank.prefab
  artifactKey: Guid(40edbcc1d6247412ea82349e34d5add5) Importer(815301076,1909f56bfc062723c751e8b465ee728b)
Start importing Assets/Karting/ModularTrackKit/Prefabs/ModularTrackBank.prefab using Guid(40edbcc1d6247412ea82349e34d5add5) Importer(815301076,1909f56bfc062723c751e8b465ee728b)  -> (artifact id: 'cd54983432536dd5c47b2b22e4132b1f') in 0.044415 seconds
  Import took 0.054644 seconds .

========================================================================
Received Import Request.
  Time since last request: 0.000362 seconds.
  path: Assets/Karting/Prefabs/TrackPieces/TrackToCamber.prefab
  artifactKey: Guid(8a6e80e5d3c417340b1843b94b07fa82) Importer(815301076,1909f56bfc062723c751e8b465ee728b)
Start importing Assets/Karting/Prefabs/TrackPieces/TrackToCamber.prefab using Guid(8a6e80e5d3c417340b1843b94b07fa82) Importer(815301076,1909f56bfc062723c751e8b465ee728b)  -> (artifact id: '53cd5abe1cc70d39c094de2247ddbf21') in 0.039002 seconds
  Import took 0.050440 seconds .

========================================================================
Received Import Request.
  Time since last request: 0.000265 seconds.
  path: Assets/Karting/Prefabs/GameModes/ObjectiveCrashMode.prefab
  artifactKey: Guid(0cfd46575c9fef94e94a772755910886) Importer(815301076,1909f56bfc062723c751e8b465ee728b)
Start importing Assets/Karting/Prefabs/GameModes/ObjectiveCrashMode.prefab using Guid(0cfd46575c9fef94e94a772755910886) Importer(815301076,1909f56bfc062723c751e8b465ee728b)  -> (artifact id: 'aacd0716b1a4885314aea4bba2f90f72') in 0.035242 seconds
  Import took 0.047972 seconds .

========================================================================
Received Import Request.
  Time since last request: 0.000266 seconds.
  path: Assets/Mod Assets/3DProps/BillboardPrefabs/BillboardBasic.prefab
  artifactKey: Guid(441945e8a4aa644b3ac6600c6712f79c) Importer(815301076,1909f56bfc062723c751e8b465ee728b)
Start importing Assets/Mod Assets/3DProps/BillboardPrefabs/BillboardBasic.prefab using Guid(441945e8a4aa644b3ac6600c6712f79c) Importer(815301076,1909f56bfc062723c751e8b465ee728b)  -> (artifact id: 'b6526c897bd78e44c5a3163aea8b8909') in 0.051625 seconds
  Import took 0.069182 seconds .

========================================================================
Received Import Request.
  Time since last request: 0.000412 seconds.
  path: Assets/Karting/Prefabs/Environment/Building03CornerWideWindow.prefab
  artifactKey: Guid(cf5ab07c03b83524e836d5c8b148ff85) Importer(815301076,1909f56bfc062723c751e8b465ee728b)
Start importing Assets/Karting/Prefabs/Environment/Building03CornerWideWindow.prefab using Guid(cf5ab07c03b83524e836d5c8b148ff85) Importer(815301076,1909f56bfc062723c751e8b465ee728b)  -> (artifact id: '26bb5f69961ab949685c8f3dc6d9f9cb') in 0.026881 seconds
  Import took 0.041793 seconds .

========================================================================
Received Import Request.
  Time since last request: 0.000582 seconds.
  path: Assets/Karting/Prefabs/VFX/TrailsVFX.prefab
  artifactKey: Guid(cb1856df3376595449bbe8408a5dbe8e) Importer(815301076,1909f56bfc062723c751e8b465ee728b)
Start importing Assets/Karting/Prefabs/VFX/TrailsVFX.prefab using Guid(cb1856df3376595449bbe8408a5dbe8e) Importer(815301076,1909f56bfc062723c751e8b465ee728b)  -> (artifact id: 'd310f1a46c5cfc12183d73b11690800d') in 0.012802 seconds
  Import took 0.027885 seconds .

========================================================================
Received Import Request.
  Time since last request: 0.000748 seconds.
  path: Assets/Karting/Prefabs/TrackPieces/TrackCurveSmall.prefab
  artifactKey: Guid(f1a85f852a83aad4d9ceccf7929b3513) Importer(815301076,1909f56bfc062723c751e8b465ee728b)
Start importing Assets/Karting/Prefabs/TrackPieces/TrackCurveSmall.prefab using Guid(f1a85f852a83aad4d9ceccf7929b3513) Importer(815301076,1909f56bfc062723c751e8b465ee728b)  -> (artifact id: '21b1b790b99127386a987565632a29fa') in 0.031908 seconds
  Import took 0.043397 seconds .

========================================================================
Received Import Request.
  Time since last request: 0.000258 seconds.
  path: Assets/Karting/Prefabs/Tracks/CountryTrack.prefab
  artifactKey: Guid(c1465277406c31d4f95e76f5f908a3d4) Importer(815301076,1909f56bfc062723c751e8b465ee728b)
Start importing Assets/Karting/Prefabs/Tracks/CountryTrack.prefab using Guid(c1465277406c31d4f95e76f5f908a3d4) Importer(815301076,1909f56bfc062723c751e8b465ee728b)  -> (artifact id: '56c17e6e1ba146ea72686b031fdd8e7b') in 0.045130 seconds
  Import took 0.058872 seconds .

========================================================================
Received Import Request.
  Time since last request: 0.000288 seconds.
  path: Assets/Karting/Prefabs/Environment/Building04WallBarWindow.prefab
  artifactKey: Guid(794d7887e37d36c4d9b21be9f21c9738) Importer(815301076,1909f56bfc062723c751e8b465ee728b)
Start importing Assets/Karting/Prefabs/Environment/Building04WallBarWindow.prefab using Guid(794d7887e37d36c4d9b21be9f21c9738) Importer(815301076,1909f56bfc062723c751e8b465ee728b)  -> (artifact id: '3a00c063ec533c89fdbc4f8f72431961') in 0.048752 seconds
  Import took 0.055553 seconds .

========================================================================
Received Import Request.
  Time since last request: 0.000277 seconds.
  path: Assets/Karting/Prefabs/VFX/DriftVFX.prefab
  artifactKey: Guid(83d0ce15c25af954bbd1425a9ddf8458) Importer(815301076,1909f56bfc062723c751e8b465ee728b)
Start importing Assets/Karting/Prefabs/VFX/DriftVFX.prefab using Guid(83d0ce15c25af954bbd1425a9ddf8458) Importer(815301076,1909f56bfc062723c751e8b465ee728b)  -> (artifact id: '973b59b1b320b664eec5d7892f10c124') in 0.022548 seconds
  Import took 0.032728 seconds .

========================================================================
Received Import Request.
  Time since last request: 0.000357 seconds.
  path: Assets/Mod Assets/Kart/Bounce Effect Prefabs/BouncySparkly.prefab
  artifactKey: Guid(281b409a5891b40eca60ca1e0fef11e5) Importer(815301076,1909f56bfc062723c751e8b465ee728b)
Start importing Assets/Mod Assets/Kart/Bounce Effect Prefabs/BouncySparkly.prefab using Guid(281b409a5891b40eca60ca1e0fef11e5) Importer(815301076,1909f56bfc062723c751e8b465ee728b)  -> (artifact id: '3c084f2e050f3d7a5e6690cddb10cf9a') in 0.008898 seconds
  Import took 0.017865 seconds .

========================================================================
Received Import Request.
  Time since last request: 0.000311 seconds.
  path: Assets/Karting/ModularTrackKit/Prefabs/ModularTrackCurveMedium.prefab
  artifactKey: Guid(4f11626d6f47a444289c55bbe896ec98) Importer(815301076,1909f56bfc062723c751e8b465ee728b)
Start importing Assets/Karting/ModularTrackKit/Prefabs/ModularTrackCurveMedium.prefab using Guid(4f11626d6f47a444289c55bbe896ec98) Importer(815301076,1909f56bfc062723c751e8b465ee728b)  -> (artifact id: '21aadd7d573f083e6d2d7e4c0c54a655') in 0.036238 seconds
  Import took 0.050429 seconds .

========================================================================
Received Import Request.
  Time since last request: 0.000398 seconds.
  path: Assets/Karting/Prefabs/UI/Timer.prefab
  artifactKey: Guid(5dd53015eb1a445d4b566f280d2656f1) Importer(815301076,1909f56bfc062723c751e8b465ee728b)
Start importing Assets/Karting/Prefabs/UI/Timer.prefab using Guid(5dd53015eb1a445d4b566f280d2656f1) Importer(815301076,1909f56bfc062723c751e8b465ee728b)  -> (artifact id: 'a1dbda02b47b04609949bf86c59a23b7') in 0.033303 seconds
  Import took 0.046238 seconds .

========================================================================
Received Import Request.
  Time since last request: 0.000294 seconds.
  path: Assets/Karting/Prefabs/Environment/Building03WallWideWindow.prefab
  artifactKey: Guid(b242def909bdd1f4d8b54505acb6c911) Importer(815301076,1909f56bfc062723c751e8b465ee728b)
Start importing Assets/Karting/Prefabs/Environment/Building03WallWideWindow.prefab using Guid(b242def909bdd1f4d8b54505acb6c911) Importer(815301076,1909f56bfc062723c751e8b465ee728b)  -> (artifact id: '985f0c0edac405a9141e6201816422c1') in 0.050480 seconds
  Import took 0.064401 seconds .

========================================================================
Received Import Request.
  Time since last request: 0.000798 seconds.
  path: Assets/Mod Assets/3DProps/BillboardPrefabs/BillboardTall.prefab
  artifactKey: Guid(eb2165edd3e7844999a55b305c92b541) Importer(815301076,1909f56bfc062723c751e8b465ee728b)
Start importing Assets/Mod Assets/3DProps/BillboardPrefabs/BillboardTall.prefab using Guid(eb2165edd3e7844999a55b305c92b541) Importer(815301076,1909f56bfc062723c751e8b465ee728b)  -> (artifact id: 'e4c83ed3c81907bb6f2e6005b86b08be') in 0.029868 seconds
  Import took 0.039700 seconds .

========================================================================
Received Import Request.
  Time since last request: 0.001870 seconds.
  path: Assets/Mod Assets/3DProps/BillboardPrefabs/BillboardWide.prefab
  artifactKey: Guid(87a6cea72ce7247a2814467dab442418) Importer(815301076,1909f56bfc062723c751e8b465ee728b)
Start importing Assets/Mod Assets/3DProps/BillboardPrefabs/BillboardWide.prefab using Guid(87a6cea72ce7247a2814467dab442418) Importer(815301076,1909f56bfc062723c751e8b465ee728b)  -> (artifact id: '89d6e2d50fc1b41122ad44c4f06bc3b0') in 0.033815 seconds
  Import took 0.042110 seconds .

========================================================================
Received Import Request.
  Time since last request: 0.000302 seconds.
  path: Assets/Karting/Prefabs/Environment/BuildingMedium.prefab
  artifactKey: Guid(88017844a1245554fb36a6790969f12e) Importer(815301076,1909f56bfc062723c751e8b465ee728b)
Start importing Assets/Karting/Prefabs/Environment/BuildingMedium.prefab using Guid(88017844a1245554fb36a6790969f12e) Importer(815301076,1909f56bfc062723c751e8b465ee728b)  -> (artifact id: '8a1f258dbea4a496e0ff08feeff18e52') in 0.037604 seconds
  Import took 0.046413 seconds .

========================================================================
Received Import Request.
  Time since last request: 0.000242 seconds.
  path: Assets/Mod Assets/Kart/Bounce Effect Prefabs/BouncyFireworks.prefab
  artifactKey: Guid(5fec8cefa05b84bd4891a0e9bca47a8d) Importer(815301076,1909f56bfc062723c751e8b465ee728b)
Start importing Assets/Mod Assets/Kart/Bounce Effect Prefabs/BouncyFireworks.prefab using Guid(5fec8cefa05b84bd4891a0e9bca47a8d) Importer(815301076,1909f56bfc062723c751e8b465ee728b)  -> (artifact id: '7ace82a847713a2d616f57cc5e0b081b') in 0.027434 seconds
  Import took 0.034327 seconds .

========================================================================
Received Import Request.
  Time since last request: 0.000314 seconds.
  path: Assets/Karting/Prefabs/Props/PhysicsBall_Default.prefab
  artifactKey: Guid(1d806fa299adb8a4eab57244b3d27969) Importer(815301076,1909f56bfc062723c751e8b465ee728b)
Start importing Assets/Karting/Prefabs/Props/PhysicsBall_Default.prefab using Guid(1d806fa299adb8a4eab57244b3d27969) Importer(815301076,1909f56bfc062723c751e8b465ee728b)  -> (artifact id: 'f86ced9dbd4dbce3405ce856a813faa9') in 0.026983 seconds
  Import took 0.037054 seconds .

========================================================================
Received Import Request.
  Time since last request: 0.000310 seconds.
  path: Assets/Karting/ModularTrackKit/Prefabs/ModularTrackCantMediumRight.prefab
  artifactKey: Guid(877fc6ef080ba4ecd8a8651303bb0d66) Importer(815301076,1909f56bfc062723c751e8b465ee728b)
Start importing Assets/Karting/ModularTrackKit/Prefabs/ModularTrackCantMediumRight.prefab using Guid(877fc6ef080ba4ecd8a8651303bb0d66) Importer(815301076,1909f56bfc062723c751e8b465ee728b)  -> (artifact id: '01df8680f01e3fec84ecc24bf9f434b2') in 0.040683 seconds
  Import took 0.052331 seconds .

========================================================================
Received Import Request.
  Time since last request: 0.001320 seconds.
  path: Assets/Karting/Prefabs/TrackPieces/Curved Ramps/Jump.prefab
  artifactKey: Guid(6e9f55e8d76a3624a8f195faf6cbf4d3) Importer(815301076,1909f56bfc062723c751e8b465ee728b)
Start importing Assets/Karting/Prefabs/TrackPieces/Curved Ramps/Jump.prefab using Guid(6e9f55e8d76a3624a8f195faf6cbf4d3) Importer(815301076,1909f56bfc062723c751e8b465ee728b)  -> (artifact id: '1223ec01e2baef2004119ee35bac93ab') in 0.039518 seconds
  Import took 0.053912 seconds .

========================================================================
Received Import Request.
  Time since last request: 0.000467 seconds.
  path: Assets/Karting/ModularTrackKit/Prefabs/ModularTrackCantSmallRight.prefab
  artifactKey: Guid(d1fedb17811a845a798a9217e0dbc9aa) Importer(815301076,1909f56bfc062723c751e8b465ee728b)
Start importing Assets/Karting/ModularTrackKit/Prefabs/ModularTrackCantSmallRight.prefab using Guid(d1fedb17811a845a798a9217e0dbc9aa) Importer(815301076,1909f56bfc062723c751e8b465ee728b)  -> (artifact id: '7971ea5cd4fe3afd673733afeb58643e') in 0.062353 seconds
  Import took 0.070458 seconds .

========================================================================
Received Import Request.
  Time since last request: 0.000264 seconds.
  path: Packages/com.unity.learn.iet-framework/Tests/Editor/TestPrefab2.prefab
  artifactKey: Guid(a8c38beafbe4c408d97dfd6e0f781dae) Importer(815301076,1909f56bfc062723c751e8b465ee728b)
Start importing Packages/com.unity.learn.iet-framework/Tests/Editor/TestPrefab2.prefab using Guid(a8c38beafbe4c408d97dfd6e0f781dae) Importer(815301076,1909f56bfc062723c751e8b465ee728b)  -> (artifact id: '4dc1a2cc34d97db8fbf45daf99b43de6') in 0.017165 seconds
  Import took 0.028539 seconds .

========================================================================
Received Import Request.
  Time since last request: 0.000426 seconds.
  path: Assets/Karting/Prefabs/Environment/Building01CornerPlain.prefab
  artifactKey: Guid(923761a646988454ba4628782e4e8ccf) Importer(815301076,1909f56bfc062723c751e8b465ee728b)
Start importing Assets/Karting/Prefabs/Environment/Building01CornerPlain.prefab using Guid(923761a646988454ba4628782e4e8ccf) Importer(815301076,1909f56bfc062723c751e8b465ee728b)  -> (artifact id: '6df7eef21816988af403bd6ce05137c7') in 0.035651 seconds
  Import took 0.045213 seconds .

========================================================================
Received Import Request.
  Time since last request: 0.000463 seconds.
  path: Assets/Karting/Prefabs/UI/NotificationToast.prefab
  artifactKey: Guid(791e30b832d8b814c82d519317a16e6d) Importer(815301076,1909f56bfc062723c751e8b465ee728b)
Start importing Assets/Karting/Prefabs/UI/NotificationToast.prefab using Guid(791e30b832d8b814c82d519317a16e6d) Importer(815301076,1909f56bfc062723c751e8b465ee728b)  -> (artifact id: '7d6a3944fe79931725916de1c3e2b4ec') in 0.030059 seconds
  Import took 0.038874 seconds .

========================================================================
Received Import Request.
  Time since last request: 0.000425 seconds.
  path: Assets/Karting/Prefabs/UI/TimeDisplayCanvasText.prefab
  artifactKey: Guid(bbebcb296acba9f4a91b6d7802e04bf0) Importer(815301076,1909f56bfc062723c751e8b465ee728b)
Start importing Assets/Karting/Prefabs/UI/TimeDisplayCanvasText.prefab using Guid(bbebcb296acba9f4a91b6d7802e04bf0) Importer(815301076,1909f56bfc062723c751e8b465ee728b)  -> (artifact id: '8e528b4a067102a6b9684e8d88746e5b') in 0.061189 seconds
  Import took 0.069314 seconds .

========================================================================
Received Import Request.
  Time since last request: 0.000798 seconds.
  path: Assets/Karting/Prefabs/TrackPieces/Curved Ramps/Ramp_Curve_6_60.prefab
  artifactKey: Guid(4102206a84e5fd140b4487286a1e81c3) Importer(815301076,1909f56bfc062723c751e8b465ee728b)
Start importing Assets/Karting/Prefabs/TrackPieces/Curved Ramps/Ramp_Curve_6_60.prefab using Guid(4102206a84e5fd140b4487286a1e81c3) Importer(815301076,1909f56bfc062723c751e8b465ee728b)  -> (artifact id: 'e6c889a6093988ce69169281f3272d53') in 0.015337 seconds
  Import took 0.032950 seconds .

========================================================================
Received Import Request.
  Time since last request: 0.000323 seconds.
  path: Assets/Karting/Prefabs/Environment/Cloud.prefab
  artifactKey: Guid(0ed853fb7c32d144cb93f3ac44c6160f) Importer(815301076,1909f56bfc062723c751e8b465ee728b)
Start importing Assets/Karting/Prefabs/Environment/Cloud.prefab using Guid(0ed853fb7c32d144cb93f3ac44c6160f) Importer(815301076,1909f56bfc062723c751e8b465ee728b)  -> (artifact id: '37780533f33be1290cae2e631bf793ef') in 0.035084 seconds
  Import took 0.047403 seconds .

========================================================================
Received Import Request.
  Time since last request: 0.000374 seconds.
  path: Assets/Karting/ModularTrackKit/Prefabs/ModularTrackSCurveLeft.prefab
  artifactKey: Guid(4ceb0af72927442b89171edb85a2ccfa) Importer(815301076,1909f56bfc062723c751e8b465ee728b)
Start importing Assets/Karting/ModularTrackKit/Prefabs/ModularTrackSCurveLeft.prefab using Guid(4ceb0af72927442b89171edb85a2ccfa) Importer(815301076,1909f56bfc062723c751e8b465ee728b)  -> (artifact id: 'fda06f3f46531e7cb1b41bc505fa8a48') in 0.030701 seconds
  Import took 0.041619 seconds .

========================================================================
Received Import Request.
  Time since last request: 0.000534 seconds.
  path: Assets/Karting/Prefabs/TrackPieces/Curved Ramps/Ramp_Curve_12_60.prefab
  artifactKey: Guid(d944f4d01e8814b43b9c1a69a139fd30) Importer(815301076,1909f56bfc062723c751e8b465ee728b)
Start importing Assets/Karting/Prefabs/TrackPieces/Curved Ramps/Ramp_Curve_12_60.prefab using Guid(d944f4d01e8814b43b9c1a69a139fd30) Importer(815301076,1909f56bfc062723c751e8b465ee728b)  -> (artifact id: 'ce84224a9c747bf5b2f6b2668c634d80') in 0.010573 seconds
  Import took 0.017904 seconds .

========================================================================
Received Import Request.
  Time since last request: 0.000301 seconds.
  path: Packages/com.unity.learn.iet-framework/Tests/Editor/TestPrefab1.prefab
  artifactKey: Guid(e094db015e58a40a482cc8d30e011d3e) Importer(815301076,1909f56bfc062723c751e8b465ee728b)
Start importing Packages/com.unity.learn.iet-framework/Tests/Editor/TestPrefab1.prefab using Guid(e094db015e58a40a482cc8d30e011d3e) Importer(815301076,1909f56bfc062723c751e8b465ee728b)  -> (artifact id: 'addeb8cd78d28b95b0ca80028b818fb6') in 0.008896 seconds
  Import took 0.017897 seconds .

========================================================================
Received Import Request.
  Time since last request: 0.000431 seconds.
  path: Assets/Mod Assets/Kart/Trail Prefabs/RainbowTrail.prefab
  artifactKey: Guid(d3ccf67055b3341468030d0fffd8d16f) Importer(815301076,1909f56bfc062723c751e8b465ee728b)
Start importing Assets/Mod Assets/Kart/Trail Prefabs/RainbowTrail.prefab using Guid(d3ccf67055b3341468030d0fffd8d16f) Importer(815301076,1909f56bfc062723c751e8b465ee728b)  -> (artifact id: 'b2eb3588c6ddca38a4fec137e197d26a') in 0.008127 seconds
  Import took 0.016974 seconds .

========================================================================
Received Import Request.
  Time since last request: 0.000388 seconds.
  path: Assets/Karting/Prefabs/Environment/BuildingShortVariant.prefab
  artifactKey: Guid(5a26b42ae21484a788ef46734433befa) Importer(815301076,1909f56bfc062723c751e8b465ee728b)
Start importing Assets/Karting/Prefabs/Environment/BuildingShortVariant.prefab using Guid(5a26b42ae21484a788ef46734433befa) Importer(815301076,1909f56bfc062723c751e8b465ee728b)  -> (artifact id: '0c4d17fee52de88662c0b6255d54e316') in 0.023516 seconds
  Import took 0.040436 seconds .

========================================================================
Received Import Request.
  Time since last request: 0.000551 seconds.
  path: Assets/Karting/Prefabs/Environment/Building04CornerBarWindow.prefab
  artifactKey: Guid(3f594d06d830e14489ebc7742a970154) Importer(815301076,1909f56bfc062723c751e8b465ee728b)
Start importing Assets/Karting/Prefabs/Environment/Building04CornerBarWindow.prefab using Guid(3f594d06d830e14489ebc7742a970154) Importer(815301076,1909f56bfc062723c751e8b465ee728b)  -> (artifact id: '65b82d032d990f63c04381ca1cbc6a86') in 0.026302 seconds
  Import took 0.041641 seconds .

========================================================================
Received Import Request.
  Time since last request: 0.000594 seconds.
  path: Assets/Karting/Prefabs/Environment/BuildingShort.prefab
  artifactKey: Guid(45c52fcc7429b214c8f9a6d85321ba77) Importer(815301076,1909f56bfc062723c751e8b465ee728b)
Start importing Assets/Karting/Prefabs/Environment/BuildingShort.prefab using Guid(45c52fcc7429b214c8f9a6d85321ba77) Importer(815301076,1909f56bfc062723c751e8b465ee728b)  -> (artifact id: '60fbeeedee59f9eb124925de777ef60e') in 0.026262 seconds
  Import took 0.036235 seconds .

========================================================================
Received Import Request.
  Time since last request: 0.000314 seconds.
  path: Assets/Karting/ModularTrackKit/Prefabs/ModularTrackSpiralLeft.prefab
  artifactKey: Guid(89547b15363d64495b3ff832130f0a8e) Importer(815301076,1909f56bfc062723c751e8b465ee728b)
Start importing Assets/Karting/ModularTrackKit/Prefabs/ModularTrackSpiralLeft.prefab using Guid(89547b15363d64495b3ff832130f0a8e) Importer(815301076,1909f56bfc062723c751e8b465ee728b)  -> (artifact id: '86d08954efd958952403378f635a323b') in 0.048421 seconds
  Import took 0.069908 seconds .

========================================================================
Received Import Request.
  Time since last request: 0.000576 seconds.
  path: Assets/Karting/Prefabs/TrackPieces/Curved Ramps/Ramp_Curve_12_30.prefab
  artifactKey: Guid(edb63eeddf7dc2943ba5e6ff4eac49f3) Importer(815301076,1909f56bfc062723c751e8b465ee728b)
Start importing Assets/Karting/Prefabs/TrackPieces/Curved Ramps/Ramp_Curve_12_30.prefab using Guid(edb63eeddf7dc2943ba5e6ff4eac49f3) Importer(815301076,1909f56bfc062723c751e8b465ee728b)  -> (artifact id: 'd78b4151d1af01dc2769a9b2c2fed644') in 0.014512 seconds
  Import took 0.031394 seconds .

========================================================================
Received Import Request.
  Time since last request: 0.000469 seconds.
  path: Assets/Karting/Prefabs/Environment/Building02CornerBricks.prefab
  artifactKey: Guid(bd77db49972d95a4e9b24a8a7ed148f8) Importer(815301076,1909f56bfc062723c751e8b465ee728b)
Start importing Assets/Karting/Prefabs/Environment/Building02CornerBricks.prefab using Guid(bd77db49972d95a4e9b24a8a7ed148f8) Importer(815301076,1909f56bfc062723c751e8b465ee728b)  -> (artifact id: 'e75cf38ceda94b12c6c9382b96073cce') in 0.052484 seconds
  Import took 0.067035 seconds .

========================================================================
Received Import Request.
  Time since last request: 0.000859 seconds.
  path: Assets/Karting/Prefabs/TrackPieces/TrackCamberCurve.prefab
  artifactKey: Guid(e5173aaa61cc2574392f31de57e2dad6) Importer(815301076,1909f56bfc062723c751e8b465ee728b)
Start importing Assets/Karting/Prefabs/TrackPieces/TrackCamberCurve.prefab using Guid(e5173aaa61cc2574392f31de57e2dad6) Importer(815301076,1909f56bfc062723c751e8b465ee728b)  -> (artifact id: '3a223c6b381aa8a5acce14ce22affcc5') in 0.046062 seconds
  Import took 0.064174 seconds .

========================================================================
Received Import Request.
  Time since last request: 0.000998 seconds.
  path: Assets/Karting/Prefabs/Cameras/CinemachineVirtualCamera.prefab
  artifactKey: Guid(4366ba6a4d5213d4f9fc7bba3e778799) Importer(815301076,1909f56bfc062723c751e8b465ee728b)
Start importing Assets/Karting/Prefabs/Cameras/CinemachineVirtualCamera.prefab using Guid(4366ba6a4d5213d4f9fc7bba3e778799) Importer(815301076,1909f56bfc062723c751e8b465ee728b)  -> (artifact id: '44def2beb5993f15049a432b8b297898') in 0.046049 seconds
  Import took 0.058025 seconds .

========================================================================
Received Import Request.
  Time since last request: 0.000339 seconds.
  path: Assets/Karting/Prefabs/TrackPieces/Curved Ramps/Ramp_Curve_6_90.prefab
  artifactKey: Guid(d8d19a8284e8aae4b96d67a3124ab7c8) Importer(815301076,1909f56bfc062723c751e8b465ee728b)
Start importing Assets/Karting/Prefabs/TrackPieces/Curved Ramps/Ramp_Curve_6_90.prefab using Guid(d8d19a8284e8aae4b96d67a3124ab7c8) Importer(815301076,1909f56bfc062723c751e8b465ee728b)  -> (artifact id: 'fe11de91e82365d923d12e5fdf50ab18') in 0.027573 seconds
  Import took 0.042497 seconds .

========================================================================
Received Import Request.
  Time since last request: 0.000918 seconds.
  path: Assets/Karting/Prefabs/Environment/TreeBox.prefab
  artifactKey: Guid(08421f76a47df7249a20d39e885964b3) Importer(815301076,1909f56bfc062723c751e8b465ee728b)
Start importing Assets/Karting/Prefabs/Environment/TreeBox.prefab using Guid(08421f76a47df7249a20d39e885964b3) Importer(815301076,1909f56bfc062723c751e8b465ee728b)  -> (artifact id: '5510f546e8260ac7f84020280a0dbc7f') in 0.036172 seconds
  Import took 0.052983 seconds .

========================================================================
Received Import Request.
  Time since last request: 0.000507 seconds.
  path: Assets/Karting/Prefabs/UI/TimeDisplayItem.prefab
  artifactKey: Guid(e5b44eea871016048be2b9ce5142991d) Importer(815301076,1909f56bfc062723c751e8b465ee728b)
Start importing Assets/Karting/Prefabs/UI/TimeDisplayItem.prefab using Guid(e5b44eea871016048be2b9ce5142991d) Importer(815301076,1909f56bfc062723c751e8b465ee728b)  -> (artifact id: '6bb96b23c3ecc82913e4674b6f0de6ae') in 0.038423 seconds
  Import took 0.066990 seconds .

========================================================================
Received Import Request.
  Time since last request: 0.000639 seconds.
  path: Assets/Mod Assets/Kart/Particle Prefabs/ConfettiCelebration.prefab
  artifactKey: Guid(2f5d313409ec64adc9647e645f3fd9f2) Importer(815301076,1909f56bfc062723c751e8b465ee728b)
Start importing Assets/Mod Assets/Kart/Particle Prefabs/ConfettiCelebration.prefab using Guid(2f5d313409ec64adc9647e645f3fd9f2) Importer(815301076,1909f56bfc062723c751e8b465ee728b)  -> (artifact id: 'c5f6f100276e7ea1109d753b795205cc') in 0.012632 seconds
  Import took 0.030340 seconds .

========================================================================
Received Import Request.
  Time since last request: 0.000336 seconds.
  path: Assets/Mod Assets/Kart/Trail Prefabs/LaserTrail.prefab
  artifactKey: Guid(c6e20ffe6d2b946fb9896031aa048f90) Importer(815301076,1909f56bfc062723c751e8b465ee728b)
Start importing Assets/Mod Assets/Kart/Trail Prefabs/LaserTrail.prefab using Guid(c6e20ffe6d2b946fb9896031aa048f90) Importer(815301076,1909f56bfc062723c751e8b465ee728b)  -> (artifact id: 'bc21f01653127f7ce0d14236c470af32') in 0.019311 seconds
  Import took 0.027589 seconds .

========================================================================
Received Import Request.
  Time since last request: 0.000282 seconds.
  path: Assets/Karting/Prefabs/KartClassic/KartClassic_Player.prefab
  artifactKey: Guid(19954de30401f73428254541a9ad156e) Importer(815301076,1909f56bfc062723c751e8b465ee728b)
Start importing Assets/Karting/Prefabs/KartClassic/KartClassic_Player.prefab using Guid(19954de30401f73428254541a9ad156e) Importer(815301076,1909f56bfc062723c751e8b465ee728b)  -> (artifact id: 'e34cb7d184a8b806855857badb5ce381') in 0.106196 seconds
  Import took 0.117527 seconds .

========================================================================
Received Import Request.
  Time since last request: 0.000283 seconds.
  path: Assets/Karting/Prefabs/TrackPieces/TrackCamber.prefab
  artifactKey: Guid(f202d1d38db456740b720ff202853bb1) Importer(815301076,1909f56bfc062723c751e8b465ee728b)
Start importing Assets/Karting/Prefabs/TrackPieces/TrackCamber.prefab using Guid(f202d1d38db456740b720ff202853bb1) Importer(815301076,1909f56bfc062723c751e8b465ee728b)  -> (artifact id: '518e583641129ebeae8e7fdbb32aaa52') in 0.026539 seconds
  Import took 0.035492 seconds .

========================================================================
Received Import Request.
  Time since last request: 0.000469 seconds.
  path: Assets/Karting/Prefabs/TrainingTracks/MountainTrack_Training.prefab
  artifactKey: Guid(e15cca6e92bc8ab4c9fa5d92ef927584) Importer(815301076,1909f56bfc062723c751e8b465ee728b)
Start importing Assets/Karting/Prefabs/TrainingTracks/MountainTrack_Training.prefab using Guid(e15cca6e92bc8ab4c9fa5d92ef927584) Importer(815301076,1909f56bfc062723c751e8b465ee728b)  -> (artifact id: '5f65f003a5323aad740910a1010a9a8d') in 0.086520 seconds
  Import took 0.108681 seconds .

========================================================================
Received Import Request.
  Time since last request: 0.001379 seconds.
  path: Assets/Mod Assets/Kart/Hat Prefabs/PartyHat.prefab
  artifactKey: Guid(332a6a14085b74fdd9c8f81357a61185) Importer(815301076,1909f56bfc062723c751e8b465ee728b)
Start importing Assets/Mod Assets/Kart/Hat Prefabs/PartyHat.prefab using Guid(332a6a14085b74fdd9c8f81357a61185) Importer(815301076,1909f56bfc062723c751e8b465ee728b)  -> (artifact id: 'e6a464004728f8ac2fddbf7fdf653634') in 0.042363 seconds
  Import took 0.054995 seconds .

========================================================================
Received Import Request.
  Time since last request: 0.000394 seconds.
  path: Assets/Karting/Prefabs/UI/WinGameMessage.prefab
  artifactKey: Guid(f981094eb6c2a6f4f8a56f85c606e3d1) Importer(815301076,1909f56bfc062723c751e8b465ee728b)
Start importing Assets/Karting/Prefabs/UI/WinGameMessage.prefab using Guid(f981094eb6c2a6f4f8a56f85c606e3d1) Importer(815301076,1909f56bfc062723c751e8b465ee728b)  -> (artifact id: 'f95f218c1e88eaca3fd0b6b01ade4903') in 0.014870 seconds
  Import took 0.023296 seconds .

========================================================================
Received Import Request.
  Time since last request: 0.000333 seconds.
  path: Assets/Karting/Prefabs/UI/TimeDisplayCanvas.prefab
  artifactKey: Guid(8d79384b550589d498c55817e4277af2) Importer(815301076,1909f56bfc062723c751e8b465ee728b)
Start importing Assets/Karting/Prefabs/UI/TimeDisplayCanvas.prefab using Guid(8d79384b550589d498c55817e4277af2) Importer(815301076,1909f56bfc062723c751e8b465ee728b)  -> (artifact id: '8a1e7134a774b81cbf1b75c0b0860e0d') in 0.055955 seconds
  Import took 0.063816 seconds .

========================================================================
Received Prepare
Registering precompiled user dll's ...
Registered in 0.013007 seconds.
Begin MonoManager ReloadAssembly
Native extension for WindowsStandalone target not found
Refreshing native plugins compatible for Editor in 2.04 ms, found 1 plugins.
Preloading 0 native plugins for Editor in 0.00 ms.
Warning: Annotation not found!
UnityEngine.StackTraceUtility:ExtractStackTrace ()
UnityEditor.ProBuilder.EditorUtility:SetGizmoIconEnabled (System.Type,bool) (at Library/PackageCache/com.unity.probuilder@4.5.0/Editor/EditorCore/EditorUtility.cs:593)
UnityEditor.ProBuilder.HierarchyListener:.cctor () (at Library/PackageCache/com.unity.probuilder@4.5.0/Editor/EditorCore/HierarchyListener.cs:21)
System.Runtime.CompilerServices.RuntimeHelpers:RunClassConstructor (System.RuntimeTypeHandle)
UnityEditor.EditorAssemblies:ProcessInitializeOnLoadAttributes (System.Type[])

[Library/PackageCache/com.unity.probuilder@4.5.0/Editor/EditorCore/EditorUtility.cs line 593]

Invoked RoslynAnalysisRunner static constructor.
RoslynAnalysisRunner will not be running.
RoslynAnalysisRunner has terminated.
Mono: successfully reloaded assembly
- Completed reload, in  1.637 seconds
Platform modules already initialized, skipping
Refreshing native plugins compatible for Editor in 0.63 ms, found 1 plugins.
Preloading 0 native plugins for Editor in 0.00 ms.
Unloading 2411 Unused Serialized files (Serialized files now loaded: 0)
System memory in use before: 117.2 MB.
System memory in use after: 117.4 MB.

Unloading 23 unused Assets to reduce memory usage. Loaded Objects now: 2930.
Total: 6.449500 ms (FindLiveObjects: 1.472100 ms CreateObjectMapping: 0.436300 ms MarkObjects: 4.404800 ms  DeleteObjects: 0.133700 ms)

========================================================================
Received Import Request.
  Time since last request: 593.978929 seconds.
  path: Assets/Scripts
  artifactKey: Guid(5e88db3256ac3264487d7117fbcafd43) Importer(815301076,1909f56bfc062723c751e8b465ee728b)
Start importing Assets/Scripts using Guid(5e88db3256ac3264487d7117fbcafd43) Importer(815301076,1909f56bfc062723c751e8b465ee728b)  -> (artifact id: '356604f64f16323feccd7d1107d75395') in 0.010778 seconds
  Import took 0.020302 seconds .

========================================================================
Received Import Request.
  Time since last request: 0.013772 seconds.
  path: Assets/Scripts
  artifactKey: Guid(5e88db3256ac3264487d7117fbcafd43) Importer(815301076,1909f56bfc062723c751e8b465ee728b)
Start importing Assets/Scripts using Guid(5e88db3256ac3264487d7117fbcafd43) Importer(815301076,1909f56bfc062723c751e8b465ee728b)  -> (artifact id: '356604f64f16323feccd7d1107d75395') in 0.004015 seconds
  Import took 0.010751 seconds .

========================================================================
Received Import Request.
  Time since last request: 2.784935 seconds.
  path: Assets/Scripts/PlacementManager.cs
  artifactKey: Guid(b0679e4d9db4fc344b6ea27eff1f43c0) Importer(815301076,1909f56bfc062723c751e8b465ee728b)
Start importing Assets/Scripts/PlacementManager.cs using Guid(b0679e4d9db4fc344b6ea27eff1f43c0) Importer(815301076,1909f56bfc062723c751e8b465ee728b)  -> (artifact id: 'efbd575cb3a83a50a6091f37c4efb9ea') in 0.019445 seconds
  Import took 0.028539 seconds .

========================================================================
Received Import Request.
  Time since last request: 0.019387 seconds.
  path: Assets/Scripts/PlacementManager.cs
  artifactKey: Guid(b0679e4d9db4fc344b6ea27eff1f43c0) Importer(815301076,1909f56bfc062723c751e8b465ee728b)
Start importing Assets/Scripts/PlacementManager.cs using Guid(b0679e4d9db4fc344b6ea27eff1f43c0) Importer(815301076,1909f56bfc062723c751e8b465ee728b)  -> (artifact id: 'efbd575cb3a83a50a6091f37c4efb9ea') in 0.004077 seconds
  Import took 0.015501 seconds .

========================================================================
Received Prepare
Registering precompiled user dll's ...
Registered in 0.020077 seconds.
Begin MonoManager ReloadAssembly
Native extension for WindowsStandalone target not found
Refreshing native plugins compatible for Editor in 1.76 ms, found 1 plugins.
Preloading 0 native plugins for Editor in 0.00 ms.
Warning: Annotation not found!
UnityEngine.StackTraceUtility:ExtractStackTrace ()
UnityEditor.ProBuilder.EditorUtility:SetGizmoIconEnabled (System.Type,bool) (at Library/PackageCache/com.unity.probuilder@4.5.0/Editor/EditorCore/EditorUtility.cs:593)
UnityEditor.ProBuilder.HierarchyListener:.cctor () (at Library/PackageCache/com.unity.probuilder@4.5.0/Editor/EditorCore/HierarchyListener.cs:21)
System.Runtime.CompilerServices.RuntimeHelpers:RunClassConstructor (System.RuntimeTypeHandle)
UnityEditor.EditorAssemblies:ProcessInitializeOnLoadAttributes (System.Type[])

[Library/PackageCache/com.unity.probuilder@4.5.0/Editor/EditorCore/EditorUtility.cs line 593]

Invoked RoslynAnalysisRunner static constructor.
RoslynAnalysisRunner will not be running.
RoslynAnalysisRunner has terminated.
Mono: successfully reloaded assembly
- Completed reload, in  1.858 seconds
Platform modules already initialized, skipping
Refreshing native plugins compatible for Editor in 1.26 ms, found 1 plugins.
Preloading 0 native plugins for Editor in 0.00 ms.
Unloading 2411 Unused Serialized files (Serialized files now loaded: 0)
System memory in use before: 117.3 MB.
System memory in use after: 117.5 MB.

Unloading 20 unused Assets to reduce memory usage. Loaded Objects now: 2934.
Total: 4.075300 ms (FindLiveObjects: 0.572200 ms CreateObjectMapping: 0.282300 ms MarkObjects: 3.124800 ms  DeleteObjects: 0.092400 ms)

========================================================================
Received Import Request.
  Time since last request: 869.499706 seconds.
  path: Assets/Scripts/PlacementManager.cs
  artifactKey: Guid(b0679e4d9db4fc344b6ea27eff1f43c0) Importer(815301076,1909f56bfc062723c751e8b465ee728b)
Start importing Assets/Scripts/PlacementManager.cs using Guid(b0679e4d9db4fc344b6ea27eff1f43c0) Importer(815301076,1909f56bfc062723c751e8b465ee728b)  -> (artifact id: '638b5e8364a9eb2a7eb3a138423c3f93') in 0.013735 seconds
  Import took 0.023884 seconds .

========================================================================
Received Import Request.
  Time since last request: 155.779750 seconds.
  path: Assets/Scripts/PlacementManager.cs
  artifactKey: Guid(b0679e4d9db4fc344b6ea27eff1f43c0) Importer(815301076,1909f56bfc062723c751e8b465ee728b)
Start importing Assets/Scripts/PlacementManager.cs using Guid(b0679e4d9db4fc344b6ea27eff1f43c0) Importer(815301076,1909f56bfc062723c751e8b465ee728b)  -> (artifact id: 'b24e2f37eafa0c4f6b7d6b49cd888fff') in 0.009228 seconds
  Import took 0.030758 seconds .

========================================================================
Received Import Request.
  Time since last request: 0.007053 seconds.
  path: Assets/Scripts/PlacementManager.cs
  artifactKey: Guid(b0679e4d9db4fc344b6ea27eff1f43c0) Importer(815301076,1909f56bfc062723c751e8b465ee728b)
Start importing Assets/Scripts/PlacementManager.cs using Guid(b0679e4d9db4fc344b6ea27eff1f43c0) Importer(815301076,1909f56bfc062723c751e8b465ee728b)  -> (artifact id: 'b24e2f37eafa0c4f6b7d6b49cd888fff') in 0.003565 seconds
  Import took 0.011827 seconds .

========================================================================
Received Import Request.
  Time since last request: 35.894501 seconds.
  path: Assets/Karting/Scripts/GameModes/PickupObject.cs
  artifactKey: Guid(3040ab54725a14c71b621ec50010fc37) Importer(815301076,1909f56bfc062723c751e8b465ee728b)
Start importing Assets/Karting/Scripts/GameModes/PickupObject.cs using Guid(3040ab54725a14c71b621ec50010fc37) Importer(815301076,1909f56bfc062723c751e8b465ee728b)  -> (artifact id: 'a7fa9de066052163fa4cc4c674ddcb17') in 0.010656 seconds
  Import took 0.020115 seconds .

AssetImportWorkerClient::OnTransportError - code=2 error=End of file
